<?xml version="1.0" encoding="UTF-8"?>
<robot generator="Robot 7.4.1 (Python 3.13.11 on win32)" generated="2026-02-20T18:14:36.651094" rpa="false" schemaversion="5">
<suite id="s1" name="06 Remove From Empty Cart" source="C:\Users\user\Desktop\wipro\Ecommerce\robot-framework\tests\06_remove_from_empty_cart.robot">
<kw name="Open Website" owner="ecommerce_keywords" type="SETUP">
<if>
<branch type="IF" condition="'${BROWSER}' == 'Chrome'">
<kw name="Evaluate" owner="BuiltIn">
<var>${options}</var>
<arg>sys.modules['selenium.webdriver'].ChromeOptions()</arg>
<arg>sys, selenium.webdriver</arg>
<doc>Evaluates the given expression in Python and returns the result.</doc>
<status status="NOT RUN" start="2026-02-20T18:14:37.032619" elapsed="0.000029"/>
</kw>
<kw name="Evaluate" owner="BuiltIn">
<var>${temp_dir}</var>
<arg>__import__('tempfile').mkdtemp()</arg>
<doc>Evaluates the given expression in Python and returns the result.</doc>
<status status="NOT RUN" start="2026-02-20T18:14:37.032749" elapsed="0.000018"/>
</kw>
<kw name="Create Dictionary" owner="BuiltIn">
<var>${prefs}</var>
<arg>credentials_enable_service=False</arg>
<arg>profile.password_manager_enabled=False</arg>
<arg>profile.default_content_setting_values.notifications=2</arg>
<doc>Creates and returns a dictionary based on the given ``items``.</doc>
<status status="NOT RUN" start="2026-02-20T18:14:37.032835" elapsed="0.000019"/>
</kw>
<kw name="Call Method" owner="BuiltIn">
<arg>${options}</arg>
<arg>add_experimental_option</arg>
<arg>prefs</arg>
<arg>${prefs}</arg>
<doc>Calls the named method of the given object with the provided arguments.</doc>
<status status="NOT RUN" start="2026-02-20T18:14:37.032913" elapsed="0.000014"/>
</kw>
<kw name="Set Variable" owner="BuiltIn">
<var>${incognito}</var>
<arg>--incognito</arg>
<doc>Returns the given values which can then be assigned to a variables.</doc>
<status status="NOT RUN" start="2026-02-20T18:14:37.032981" elapsed="0.000014"/>
</kw>
<kw name="Set Variable" owner="BuiltIn">
<var>${disable_pw}</var>
<arg>--disable-features=PasswordLeakDetection</arg>
<doc>Returns the given values which can then be assigned to a variables.</doc>
<status status="NOT RUN" start="2026-02-20T18:14:37.033041" elapsed="0.000013"/>
</kw>
<kw name="Set Variable" owner="BuiltIn">
<var>${disable_notify}</var>
<arg>--disable-notifications</arg>
<doc>Returns the given values which can then be assigned to a variables.</doc>
<status status="NOT RUN" start="2026-02-20T18:14:37.033099" elapsed="0.000013"/>
</kw>
<kw name="Set Variable" owner="BuiltIn">
<var>${no_first}</var>
<arg>--no-first-run</arg>
<doc>Returns the given values which can then be assigned to a variables.</doc>
<status status="NOT RUN" start="2026-02-20T18:14:37.033156" elapsed="0.000012"/>
</kw>
<kw name="Set Variable" owner="BuiltIn">
<var>${no_default}</var>
<arg>--no-default-browser-check</arg>
<doc>Returns the given values which can then be assigned to a variables.</doc>
<status status="NOT RUN" start="2026-02-20T18:14:37.033215" elapsed="0.000012"/>
</kw>
<kw name="Set Variable" owner="BuiltIn">
<var>${maximize}</var>
<arg>--start-maximized</arg>
<doc>Returns the given values which can then be assigned to a variables.</doc>
<status status="NOT RUN" start="2026-02-20T18:14:37.033274" elapsed="0.000012"/>
</kw>
<kw name="Set Variable" owner="BuiltIn">
<var>${profile}</var>
<arg>--user-data-dir=${temp_dir}</arg>
<doc>Returns the given values which can then be assigned to a variables.</doc>
<status status="NOT RUN" start="2026-02-20T18:14:37.033331" elapsed="0.000014"/>
</kw>
<kw name="Call Method" owner="BuiltIn">
<arg>${options}</arg>
<arg>add_argument</arg>
<arg>${incognito}</arg>
<doc>Calls the named method of the given object with the provided arguments.</doc>
<status status="NOT RUN" start="2026-02-20T18:14:37.033390" elapsed="0.000014"/>
</kw>
<kw name="Call Method" owner="BuiltIn">
<arg>${options}</arg>
<arg>add_argument</arg>
<arg>${disable_pw}</arg>
<doc>Calls the named method of the given object with the provided arguments.</doc>
<status status="NOT RUN" start="2026-02-20T18:14:37.033451" elapsed="0.000013"/>
</kw>
<kw name="Call Method" owner="BuiltIn">
<arg>${options}</arg>
<arg>add_argument</arg>
<arg>${disable_notify}</arg>
<doc>Calls the named method of the given object with the provided arguments.</doc>
<status status="NOT RUN" start="2026-02-20T18:14:37.033511" elapsed="0.000012"/>
</kw>
<kw name="Call Method" owner="BuiltIn">
<arg>${options}</arg>
<arg>add_argument</arg>
<arg>${no_first}</arg>
<doc>Calls the named method of the given object with the provided arguments.</doc>
<status status="NOT RUN" start="2026-02-20T18:14:37.033565" elapsed="0.000012"/>
</kw>
<kw name="Call Method" owner="BuiltIn">
<arg>${options}</arg>
<arg>add_argument</arg>
<arg>${no_default}</arg>
<doc>Calls the named method of the given object with the provided arguments.</doc>
<status status="NOT RUN" start="2026-02-20T18:14:37.033619" elapsed="0.000012"/>
</kw>
<kw name="Call Method" owner="BuiltIn">
<arg>${options}</arg>
<arg>add_argument</arg>
<arg>${maximize}</arg>
<doc>Calls the named method of the given object with the provided arguments.</doc>
<status status="NOT RUN" start="2026-02-20T18:14:37.033674" elapsed="0.000012"/>
</kw>
<kw name="Call Method" owner="BuiltIn">
<arg>${options}</arg>
<arg>add_argument</arg>
<arg>${profile}</arg>
<doc>Calls the named method of the given object with the provided arguments.</doc>
<status status="NOT RUN" start="2026-02-20T18:14:37.033730" elapsed="0.000012"/>
</kw>
<kw name="Create Webdriver" owner="SeleniumLibrary">
<arg>Chrome</arg>
<arg>options=${options}</arg>
<doc>Creates an instance of Selenium WebDriver.</doc>
<status status="NOT RUN" start="2026-02-20T18:14:37.033795" elapsed="0.000014"/>
</kw>
<kw name="Go To" owner="SeleniumLibrary">
<arg>${URL}</arg>
<doc>Navigates the current browser window to the provided ``url``.</doc>
<status status="NOT RUN" start="2026-02-20T18:14:37.033856" elapsed="0.000012"/>
</kw>
<status status="NOT RUN" start="2026-02-20T18:14:37.032133" elapsed="0.001754"/>
</branch>
<branch type="ELSE IF" condition="'${BROWSER}' == 'Edge'">
<kw name="Open Browser" owner="SeleniumLibrary">
<msg time="2026-02-20T18:14:37.034198" level="INFO">Opening browser 'Edge' to base url 'https://www.saucedemo.com/'.</msg>
<arg>${URL}</arg>
<arg>Edge</arg>
<doc>Opens a new browser instance to the optional ``url``.</doc>
<status status="PASS" start="2026-02-20T18:14:37.034044" elapsed="2.470179"/>
</kw>
<kw name="Maximize Browser Window" owner="SeleniumLibrary">
<doc>Maximizes current browser window.</doc>
<status status="PASS" start="2026-02-20T18:14:39.504590" elapsed="0.049111"/>
</kw>
<status status="PASS" start="2026-02-20T18:14:37.033917" elapsed="2.519929"/>
</branch>
<branch type="ELSE IF" condition="'${BROWSER}' == 'Firefox'">
<kw name="Evaluate" owner="BuiltIn">
<var>${ff_options}</var>
<arg>sys.modules['selenium.webdriver'].FirefoxOptions()</arg>
<arg>sys, selenium.webdriver</arg>
<doc>Evaluates the given expression in Python and returns the result.</doc>
<status status="NOT RUN" start="2026-02-20T18:14:39.554224" elapsed="0.000067"/>
</kw>
<kw name="Call Method" owner="BuiltIn">
<arg>${ff_options}</arg>
<arg>add_argument</arg>
<arg>-private</arg>
<doc>Calls the named method of the given object with the provided arguments.</doc>
<status status="NOT RUN" start="2026-02-20T18:14:39.554490" elapsed="0.000070"/>
</kw>
<kw name="Create Webdriver" owner="SeleniumLibrary">
<arg>Firefox</arg>
<arg>options=${ff_options}</arg>
<doc>Creates an instance of Selenium WebDriver.</doc>
<status status="NOT RUN" start="2026-02-20T18:14:39.554772" elapsed="0.000054"/>
</kw>
<kw name="Go To" owner="SeleniumLibrary">
<arg>${URL}</arg>
<doc>Navigates the current browser window to the provided ``url``.</doc>
<status status="NOT RUN" start="2026-02-20T18:14:39.555013" elapsed="0.000051"/>
</kw>
<status status="NOT RUN" start="2026-02-20T18:14:39.553965" elapsed="0.001170"/>
</branch>
<status status="PASS" start="2026-02-20T18:14:37.032113" elapsed="2.523093"/>
</if>
<kw name="Wait Until Element Is Visible" owner="SeleniumLibrary">
<arg>id=user-name</arg>
<arg>timeout=10s</arg>
<doc>Waits until the element ``locator`` is visible.</doc>
<status status="PASS" start="2026-02-20T18:14:39.555649" elapsed="0.038419"/>
</kw>
<kw name="Sleep" owner="BuiltIn">
<msg time="2026-02-20T18:14:40.595751" level="INFO">Slept 1 second.</msg>
<arg>${DELAY}</arg>
<doc>Pauses the test executed for the given time.</doc>
<status status="PASS" start="2026-02-20T18:14:39.594503" elapsed="1.001500"/>
</kw>
<status status="PASS" start="2026-02-20T18:14:37.031971" elapsed="3.564263"/>
</kw>
<test id="s1-t1" name="Remove From Empty Cart Should Fail" line="9">
<kw name="Log" owner="BuiltIn">
<msg time="2026-02-20T18:14:40.598149" level="INFO">===== Executing Negative Test: Remove From Empty Cart =====</msg>
<arg>===== Executing Negative Test: Remove From Empty Cart =====</arg>
<doc>Logs the given message with the given level.</doc>
<status status="PASS" start="2026-02-20T18:14:40.597520" elapsed="0.000765"/>
</kw>
<kw name="Register Keyword To Run On Failure" owner="SeleniumLibrary">
<msg time="2026-02-20T18:14:40.599221" level="INFO">No keyword will be run on failure.</msg>
<arg>Nothing</arg>
<doc>Sets the keyword to execute, when a SeleniumLibrary keyword fails.</doc>
<status status="PASS" start="2026-02-20T18:14:40.598901" elapsed="0.000436"/>
</kw>
<kw name="Login To Application" owner="ecommerce_keywords">
<kw name="Input Text" owner="SeleniumLibrary">
<msg time="2026-02-20T18:14:40.601202" level="INFO">Typing text 'standard_user' into text field 'id=user-name'.</msg>
<arg>id=user-name</arg>
<arg>${USERNAME}</arg>
<doc>Types the given ``text`` into the text field identified by ``locator``.</doc>
<status status="PASS" start="2026-02-20T18:14:40.600728" elapsed="0.255700"/>
</kw>
<kw name="Sleep" owner="BuiltIn">
<msg time="2026-02-20T18:14:41.857683" level="INFO">Slept 1 second.</msg>
<arg>${DELAY}</arg>
<doc>Pauses the test executed for the given time.</doc>
<status status="PASS" start="2026-02-20T18:14:40.856684" elapsed="1.001307"/>
</kw>
<kw name="Input Text" owner="SeleniumLibrary">
<msg time="2026-02-20T18:14:41.859126" level="INFO">Typing text 'secret_sauce' into text field 'id=password'.</msg>
<arg>id=password</arg>
<arg>${PASSWORD}</arg>
<doc>Types the given ``text`` into the text field identified by ``locator``.</doc>
<status status="PASS" start="2026-02-20T18:14:41.858475" elapsed="0.158293"/>
</kw>
<kw name="Sleep" owner="BuiltIn">
<msg time="2026-02-20T18:14:43.018377" level="INFO">Slept 1 second.</msg>
<arg>${DELAY}</arg>
<doc>Pauses the test executed for the given time.</doc>
<status status="PASS" start="2026-02-20T18:14:42.017147" elapsed="1.001471"/>
</kw>
<kw name="Click Button" owner="SeleniumLibrary">
<msg time="2026-02-20T18:14:43.019449" level="INFO">Clicking button 'id=login-button'.</msg>
<arg>id=login-button</arg>
<doc>Clicks the button identified by ``locator``.</doc>
<status status="PASS" start="2026-02-20T18:14:43.019003" elapsed="0.199298"/>
</kw>
<kw name="Wait Until Page Contains Element" owner="SeleniumLibrary">
<arg>css=.inventory_list</arg>
<doc>Waits until the element ``locator`` appears on the current page.</doc>
<status status="PASS" start="2026-02-20T18:14:43.218537" elapsed="0.020270"/>
</kw>
<kw name="Sleep" owner="BuiltIn">
<msg time="2026-02-20T18:14:44.240526" level="INFO">Slept 1 second.</msg>
<arg>${DELAY}</arg>
<doc>Pauses the test executed for the given time.</doc>
<status status="PASS" start="2026-02-20T18:14:43.239041" elapsed="1.001783"/>
</kw>
<status status="PASS" start="2026-02-20T18:14:40.600113" elapsed="3.641083"/>
</kw>
<kw name="Go To Cart" owner="ecommerce_keywords">
<kw name="Click Element" owner="SeleniumLibrary">
<msg time="2026-02-20T18:14:44.243536" level="INFO">Clicking element 'css=.shopping_cart_link'.</msg>
<arg>css=.shopping_cart_link</arg>
<doc>Click the element identified by ``locator``.</doc>
<status status="PASS" start="2026-02-20T18:14:44.243082" elapsed="0.112265"/>
</kw>
<kw name="Wait Until Page Contains" owner="SeleniumLibrary">
<arg>Your Cart</arg>
<doc>Waits until ``text`` appears on the current page.</doc>
<status status="PASS" start="2026-02-20T18:14:44.355860" elapsed="0.018460"/>
</kw>
<kw name="Sleep" owner="BuiltIn">
<msg time="2026-02-20T18:14:45.375670" level="INFO">Slept 1 second.</msg>
<arg>${DELAY}</arg>
<doc>Pauses the test executed for the given time.</doc>
<status status="PASS" start="2026-02-20T18:14:44.374670" elapsed="1.001311"/>
</kw>
<status status="PASS" start="2026-02-20T18:14:44.242296" elapsed="1.133991"/>
</kw>
<kw name="Get WebElements" owner="SeleniumLibrary">
<msg time="2026-02-20T18:14:45.400535" level="INFO">${remove_buttons} = []</msg>
<var>${remove_buttons}</var>
<arg>xpath=//button[text()='Remove']</arg>
<doc>Returns a list of WebElement objects matching the ``locator``.</doc>
<status status="PASS" start="2026-02-20T18:14:45.377115" elapsed="0.023524"/>
</kw>
<if>
<branch type="IF" condition="not ${remove_buttons}">
<kw name="Capture Page Screenshot" owner="SeleniumLibrary">
<msg time="2026-02-20T18:14:45.513639" level="INFO" html="true">&lt;/td&gt;&lt;/tr&gt;&lt;tr&gt;&lt;td colspan="3"&gt;&lt;a href="empty_cart_failure.png"&gt;&lt;img src="empty_cart_failure.png" width="800px"&gt;&lt;/a&gt;</msg>
<msg time="2026-02-20T18:14:45.513823" level="INFO">${path} = C:\Users\user\Desktop\wipro\Ecommerce\robot-framework\tests\empty_cart_failure.png</msg>
<var>${path}</var>
<arg>empty_cart_failure.png</arg>
<doc>Takes a screenshot of the current page and embeds it into a log file.</doc>
<status status="PASS" start="2026-02-20T18:14:45.401821" elapsed="0.112042"/>
</kw>
<kw name="Log" owner="BuiltIn">
<msg time="2026-02-20T18:14:45.514757" level="INFO" html="true">&lt;img src="C:\Users\user\Desktop\wipro\Ecommerce\robot-framework\tests\empty_cart_failure.png" width="600px"&gt;</msg>
<arg>&lt;img src="${path}" width="600px"&gt;</arg>
<arg>html=True</arg>
<doc>Logs the given message with the given level.</doc>
<status status="PASS" start="2026-02-20T18:14:45.514146" elapsed="0.000717"/>
</kw>
<kw name="Fail" owner="BuiltIn">
<msg time="2026-02-20T18:14:45.515655" level="FAIL">No items in cart but attempted to remove item.</msg>
<arg>No items in cart but attempted to remove item.</arg>
<doc>Fails the test with the given message and optionally alters its tags.</doc>
<status status="FAIL" start="2026-02-20T18:14:45.515102" elapsed="0.000832">No items in cart but attempted to remove item.</status>
</kw>
<status status="FAIL" start="2026-02-20T18:14:45.401260" elapsed="0.114847">No items in cart but attempted to remove item.</status>
</branch>
<branch type="ELSE">
<kw name="Log" owner="BuiltIn">
<arg>Unexpected: Remove button exists.</arg>
<doc>Logs the given message with the given level.</doc>
<status status="NOT RUN" start="2026-02-20T18:14:45.516425" elapsed="0.000059"/>
</kw>
<status status="NOT RUN" start="2026-02-20T18:14:45.516214" elapsed="0.000358"/>
</branch>
<status status="FAIL" start="2026-02-20T18:14:45.401189" elapsed="0.115464">No items in cart but attempted to remove item.</status>
</if>
<kw name="Register Keyword To Run On Failure" owner="SeleniumLibrary">
<arg>Capture Page Screenshot</arg>
<doc>Sets the keyword to execute, when a SeleniumLibrary keyword fails.</doc>
<status status="NOT RUN" start="2026-02-20T18:14:45.517185" elapsed="0.000081"/>
</kw>
<status status="FAIL" start="2026-02-20T18:14:40.596415" elapsed="4.921421">No items in cart but attempted to remove item.</status>
</test>
<kw name="Close Website" owner="ecommerce_keywords" type="TEARDOWN">
<kw name="Sleep" owner="BuiltIn">
<msg time="2026-02-20T18:14:46.521257" level="INFO">Slept 1 second.</msg>
<arg>${DELAY}</arg>
<doc>Pauses the test executed for the given time.</doc>
<status status="PASS" start="2026-02-20T18:14:45.520203" elapsed="1.001394"/>
</kw>
<kw name="Close Browser" owner="SeleniumLibrary">
<doc>Closes the current browser.</doc>
<status status="PASS" start="2026-02-20T18:14:46.522112" elapsed="2.376439"/>
</kw>
<status status="PASS" start="2026-02-20T18:14:45.519842" elapsed="3.379383"/>
</kw>
<status status="FAIL" start="2026-02-20T18:14:36.652531" elapsed="12.246852"/>
</suite>
<statistics>
<total>
<stat pass="0" fail="1" skip="0">All Tests</stat>
</total>
<tag>
</tag>
<suite>
<stat name="06 Remove From Empty Cart" id="s1" pass="0" fail="1" skip="0">06 Remove From Empty Cart</stat>
</suite>
</statistics>
<errors>
<msg time="2026-02-20T18:14:37.029151" level="WARN">Error in file 'C:\Users\user\Desktop\wipro\Ecommerce\robot-framework\keywords\ecommerce_keywords.robot' on line 2: Suite '06 Remove From Empty Cart' has already imported library 'SeleniumLibrary' with different arguments. This import is ignored.</msg>
</errors>
</robot>
