<?xml version="1.0" encoding="UTF-8"?>
<robot generator="Robot 7.4.1 (Python 3.13.11 on win32)" generated="2026-01-29T18:23:31.899591" rpa="false" schemaversion="5">
<suite id="s1" name="Test 1" source="C:\Users\user\Desktop\wipro\Assignment\DAY12\Question1\test_1.robot">
<test id="s1-t1" name="Log Basic Information" line="15">
<kw name="Log" owner="BuiltIn">
<msg time="2026-01-29T18:23:32.165400" level="INFO">Starting first test case</msg>
<arg>Starting first test case</arg>
<doc>Logs the given message with the given level.</doc>
<status status="PASS" start="2026-01-29T18:23:32.164957" elapsed="0.000540"/>
</kw>
<kw name="Log To Console" owner="BuiltIn">
<arg>Hello ${Name}</arg>
<doc>Logs the given message to the console.</doc>
<status status="PASS" start="2026-01-29T18:23:32.165847" elapsed="0.000598"/>
</kw>
<kw name="Log To Console" owner="BuiltIn">
<arg>Learning ${Course}</arg>
<doc>Logs the given message to the console.</doc>
<status status="PASS" start="2026-01-29T18:23:32.166802" elapsed="0.000587"/>
</kw>
<kw name="Log" owner="BuiltIn">
<msg time="2026-01-29T18:23:32.168062" level="INFO">First test case completed</msg>
<arg>First test case completed</arg>
<doc>Logs the given message with the given level.</doc>
<status status="PASS" start="2026-01-29T18:23:32.167700" elapsed="0.000429"/>
</kw>
<kw name="Log" owner="BuiltIn">
<msg time="2026-01-29T18:23:32.168585" level="INFO">Starting second test case</msg>
<arg>Starting second test case</arg>
<doc>Logs the given message with the given level.</doc>
<status status="PASS" start="2026-01-29T18:23:32.168344" elapsed="0.000322"/>
</kw>
<kw name="Log To Console" owner="BuiltIn">
<arg>Marks are @{Numbers}</arg>
<doc>Logs the given message to the console.</doc>
<status status="PASS" start="2026-01-29T18:23:32.168996" elapsed="0.000672"/>
</kw>
<kw name="Log" owner="BuiltIn">
<msg time="2026-01-29T18:23:32.170381" level="INFO">Second test case completed</msg>
<arg>Second test case completed</arg>
<doc>Logs the given message with the given level.</doc>
<status status="PASS" start="2026-01-29T18:23:32.170053" elapsed="0.000400"/>
</kw>
<status status="PASS" start="2026-01-29T18:23:32.163540" elapsed="0.007348"/>
</test>
<status status="PASS" start="2026-01-29T18:23:31.905308" elapsed="0.266914"/>
</suite>
<statistics>
<total>
<stat pass="1" fail="0" skip="0">All Tests</stat>
</total>
<tag>
</tag>
<suite>
<stat name="Test 1" id="s1" pass="1" fail="0" skip="0">Test 1</stat>
</suite>
</statistics>
<errors>
</errors>
</robot>
