<?xml version="1.0" encoding="UTF-8"?>
<robot generator="Robot 7.4.1 (Python 3.13.11 on win32)" generated="2026-01-29T18:08:01.014849" rpa="false" schemaversion="5">
<suite id="s1" name="Test 1" source="C:\Users\user\Desktop\wipro\Assignment\DAY12\test_1.robot">
<test id="s1-t1" name="Log Basic Information" line="15">
<kw name="Log" owner="BuiltIn">
<msg time="2026-01-29T18:08:01.428928" level="INFO">Starting first test case</msg>
<arg>Starting first test case</arg>
<doc>Logs the given message with the given level.</doc>
<status status="PASS" start="2026-01-29T18:08:01.428042" elapsed="0.001086"/>
</kw>
<kw name="Log To Console" owner="BuiltIn">
<arg>Hello ${Name}</arg>
<doc>Logs the given message to the console.</doc>
<status status="PASS" start="2026-01-29T18:08:01.429829" elapsed="0.001623"/>
</kw>
<kw name="Log To Console" owner="BuiltIn">
<arg>Learning ${Course}</arg>
<doc>Logs the given message to the console.</doc>
<status status="PASS" start="2026-01-29T18:08:01.432420" elapsed="0.000939"/>
</kw>
<kw name="Log" owner="BuiltIn">
<msg time="2026-01-29T18:08:01.434529" level="INFO">First test case completed</msg>
<arg>First test case completed</arg>
<doc>Logs the given message with the given level.</doc>
<status status="PASS" start="2026-01-29T18:08:01.433910" elapsed="0.000826"/>
</kw>
<kw name="Log" owner="BuiltIn">
<msg time="2026-01-29T18:08:01.435850" level="INFO">Starting second test case</msg>
<arg>Starting second test case</arg>
<doc>Logs the given message with the given level.</doc>
<status status="PASS" start="2026-01-29T18:08:01.435292" elapsed="0.000704"/>
</kw>
<kw name="Log To Console" owner="BuiltIn">
<arg>Marks are @{Numbers}</arg>
<doc>Logs the given message to the console.</doc>
<status status="PASS" start="2026-01-29T18:08:01.436556" elapsed="0.001680"/>
</kw>
<kw name="Log" owner="BuiltIn">
<msg time="2026-01-29T18:08:01.439520" level="INFO">Second test case completed</msg>
<arg>Second test case completed</arg>
<doc>Logs the given message with the given level.</doc>
<status status="PASS" start="2026-01-29T18:08:01.438881" elapsed="0.000816"/>
</kw>
<status status="PASS" start="2026-01-29T18:08:01.425836" elapsed="0.014541"/>
</test>
<status status="PASS" start="2026-01-29T18:08:01.017702" elapsed="0.424130"/>
</suite>
<statistics>
<total>
<stat pass="1" fail="0" skip="0">All Tests</stat>
</total>
<tag>
</tag>
<suite>
<stat name="Test 1" id="s1" pass="1" fail="0" skip="0">Test 1</stat>
</suite>
</statistics>
<errors>
</errors>
</robot>
