<?xml version="1.0" encoding="UTF-8"?>
<robot generator="Robot 7.4.1 (Python 3.13.11 on win32)" generated="2026-02-08T20:31:04.068054" rpa="false" schemaversion="5">
<suite id="s1" name="Wipro" source="C:\Users\user\Desktop\wipro">
<suite id="s1-s1" name="RobotFramework" source="C:\Users\user\Desktop\wipro\RobotFramework">
<suite id="s1-s1-s1" name="Test8Loops" source="C:\Users\user\Desktop\wipro\RobotFramework\test8loops.robot">
<test id="s1-s1-s1-t1" name="For Loop with Step" line="63">
<for flavor="IN RANGE">
<iter>
<kw name="Log To Console" owner="BuiltIn">
<arg>Value:${i}</arg>
<doc>Logs the given message to the console.</doc>
<status status="PASS" start="2026-02-08T20:31:04.524259" elapsed="0.001120"/>
</kw>
<var name="${i}">1</var>
<status status="PASS" start="2026-02-08T20:31:04.522904" elapsed="0.002754"/>
</iter>
<iter>
<kw name="Log To Console" owner="BuiltIn">
<arg>Value:${i}</arg>
<doc>Logs the given message to the console.</doc>
<status status="PASS" start="2026-02-08T20:31:04.526302" elapsed="0.000783"/>
</kw>
<var name="${i}">3</var>
<status status="PASS" start="2026-02-08T20:31:04.525977" elapsed="0.001348"/>
</iter>
<iter>
<kw name="Log To Console" owner="BuiltIn">
<arg>Value:${i}</arg>
<doc>Logs the given message to the console.</doc>
<status status="PASS" start="2026-02-08T20:31:04.527886" elapsed="0.000940"/>
</kw>
<var name="${i}">5</var>
<status status="PASS" start="2026-02-08T20:31:04.527582" elapsed="0.001464"/>
</iter>
<iter>
<kw name="Log To Console" owner="BuiltIn">
<arg>Value:${i}</arg>
<doc>Logs the given message to the console.</doc>
<status status="PASS" start="2026-02-08T20:31:04.529587" elapsed="0.000808"/>
</kw>
<var name="${i}">7</var>
<status status="PASS" start="2026-02-08T20:31:04.529287" elapsed="0.001322"/>
</iter>
<iter>
<kw name="Log To Console" owner="BuiltIn">
<arg>Value:${i}</arg>
<doc>Logs the given message to the console.</doc>
<status status="PASS" start="2026-02-08T20:31:04.531211" elapsed="0.000987"/>
</kw>
<var name="${i}">9</var>
<status status="PASS" start="2026-02-08T20:31:04.530862" elapsed="0.001577"/>
</iter>
<var>${i}</var>
<value>1</value>
<value>10</value>
<value>2</value>
<status status="PASS" start="2026-02-08T20:31:04.522067" elapsed="0.010522"/>
</for>
<status status="PASS" start="2026-02-08T20:31:04.516216" elapsed="0.016863"/>
</test>
<status status="PASS" start="2026-02-08T20:31:04.167064" elapsed="0.373170"/>
</suite>
<status status="PASS" start="2026-02-08T20:31:04.159191" elapsed="0.388273"/>
</suite>
<status status="PASS" start="2026-02-08T20:31:04.081588" elapsed="0.472985"/>
</suite>
<statistics>
<total>
<stat pass="1" fail="0" skip="0">All Tests</stat>
</total>
<tag>
</tag>
<suite>
<stat name="Wipro" id="s1" pass="1" fail="0" skip="0">Wipro</stat>
<stat name="RobotFramework" id="s1-s1" pass="1" fail="0" skip="0">Wipro.RobotFramework</stat>
<stat name="Test8Loops" id="s1-s1-s1" pass="1" fail="0" skip="0">Wipro.RobotFramework.Test8Loops</stat>
</suite>
</statistics>
<errors>
</errors>
</robot>
