<?xml version="1.0" encoding="UTF-8"?>
<robot generator="Robot 7.4.1 (Python 3.13.11 on win32)" generated="2026-02-11T00:25:44.571938" rpa="false" schemaversion="5">
<suite id="s1" name="Robot" source="C:\Users\user\Desktop\wipro\Foodie_App\tests\robot">
<suite id="s1-s1" name="Order Tests" source="C:\Users\user\Desktop\wipro\Foodie_App\tests\robot\order_tests.robot">
<kw name="Create API Session" owner="keywords" type="SETUP">
<kw name="Create Session" owner="RequestsLibrary">
<msg time="2026-02-11T00:25:44.677749" level="INFO">Creating Session using : alias=foodie, url=http://127.0.0.1:5000, headers={},                     cookies={}, auth=None, timeout=None, proxies=None, verify=False,                     debug=0 </msg>
<arg>${SESSION}</arg>
<arg>${BASE_URL}</arg>
<doc>Create Session: create a HTTP session to a server</doc>
<status status="PASS" start="2026-02-11T00:25:44.677589" elapsed="0.000321"/>
</kw>
<status status="PASS" start="2026-02-11T00:25:44.677161" elapsed="0.000822"/>
</kw>
<test id="s1-s1-t1" name="Complete Order Flow" line="7">
<kw name="Create Dictionary" owner="BuiltIn">
<msg time="2026-02-11T00:25:44.678802" level="INFO">${restaurant} = {'name': 'FlowResto', 'category': 'Indian', 'location': 'Hyderabad', 'contact': '9999999999'}</msg>
<var>${restaurant}</var>
<arg>name=FlowResto</arg>
<arg>category=Indian</arg>
<arg>location=Hyderabad</arg>
<arg>contact=9999999999</arg>
<doc>Creates and returns a dictionary based on the given ``items``.</doc>
<status status="PASS" start="2026-02-11T00:25:44.678433" elapsed="0.000395"/>
</kw>
<kw name="Create Restaurant" owner="keywords">
<kw name="POST On Session" owner="RequestsLibrary">
<msg time="2026-02-11T00:25:44.683221" level="INFO">POST Request : url=http://127.0.0.1:5000/api/v1/restaurants 
 path_url=/api/v1/restaurants 
 headers={'User-Agent': 'python-requests/2.32.5', 'Accept-Encoding': 'gzip, deflate', 'Accept': '*/*', 'Connection': 'keep-alive', 'Content-Length': '93', 'Content-Type': 'application/json'} 
 body=b'{"name": "FlowResto", "category": "Indian", "location": "Hyderabad", "contact": "9999999999"}' 
 </msg>
<msg time="2026-02-11T00:25:44.683368" level="INFO">POST Response : url=http://127.0.0.1:5000/api/v1/restaurants 
 status=201, reason=CREATED 
 headers={'Server': 'Werkzeug/3.1.5 Python/3.13.11', 'Date': 'Tue, 10 Feb 2026 18:55:44 GMT', 'Content-Type': 'application/json', 'Content-Length': '158', 'Connection': 'close'} 
 body={
  "approved": false,
  "category": "Indian",
  "contact": "9999999999",
  "disabled": false,
  "id": 10,
  "location": "Hyderabad",
  "name": "FlowResto"
}
 
 </msg>
<msg time="2026-02-11T00:25:44.683472" level="INFO">${response} = &lt;Response [201]&gt;</msg>
<var>${response}</var>
<arg>${SESSION}</arg>
<arg>/api/v1/restaurants</arg>
<arg>json=${payload}</arg>
<doc>Sends a POST request on a previously created HTTP Session.</doc>
<status status="PASS" start="2026-02-11T00:25:44.679360" elapsed="0.004132"/>
</kw>
<return>
<value>${response}</value>
<status status="PASS" start="2026-02-11T00:25:44.683550" elapsed="0.000043"/>
</return>
<msg time="2026-02-11T00:25:44.683704" level="INFO">${rest_response} = &lt;Response [201]&gt;</msg>
<var>${rest_response}</var>
<arg>${restaurant}</arg>
<status status="PASS" start="2026-02-11T00:25:44.679154" elapsed="0.004567"/>
</kw>
<kw name="Status Should Be" owner="RequestsLibrary">
<arg>201</arg>
<arg>${rest_response}</arg>
<doc>Fails if response status code is different than the expected.</doc>
<status status="PASS" start="2026-02-11T00:25:44.684000" elapsed="0.000257"/>
</kw>
<kw name="Set Variable" owner="BuiltIn">
<msg time="2026-02-11T00:25:44.685233" level="INFO">${rest_body} = {'approved': False, 'category': 'Indian', 'contact': '9999999999', 'disabled': False, 'id': 10, 'location': 'Hyderabad', 'name': 'FlowResto'}</msg>
<var>${rest_body}</var>
<arg>${rest_response.json()}</arg>
<doc>Returns the given values which can then be assigned to a variables.</doc>
<status status="PASS" start="2026-02-11T00:25:44.684486" elapsed="0.000775"/>
</kw>
<kw name="Get From Dictionary" owner="Collections">
<msg time="2026-02-11T00:25:44.685699" level="INFO">${rest_id} = 10</msg>
<var>${rest_id}</var>
<arg>${rest_body}</arg>
<arg>id</arg>
<doc>Returns a value from the given ``dictionary`` based on the given ``key``.</doc>
<status status="PASS" start="2026-02-11T00:25:44.685513" elapsed="0.000207"/>
</kw>
<kw name="Create Dictionary" owner="BuiltIn">
<msg time="2026-02-11T00:25:44.686401" level="INFO">${dish} = {'name': 'Biryani', 'type': 'Veg', 'price': '200', 'available_time': '12:00', 'image': 'b.jpg'}</msg>
<var>${dish}</var>
<arg>name=Biryani</arg>
<arg>type=Veg</arg>
<arg>price=200</arg>
<arg>available_time=12:00</arg>
<arg>image=b.jpg</arg>
<doc>Creates and returns a dictionary based on the given ``items``.</doc>
<status status="PASS" start="2026-02-11T00:25:44.685991" elapsed="0.000432"/>
</kw>
<kw name="Add Dish" owner="keywords">
<kw name="Set Variable" owner="BuiltIn">
<msg time="2026-02-11T00:25:44.687418" level="INFO">${endpoint} = /api/v1/restaurants/10/dishes</msg>
<var>${endpoint}</var>
<arg>/api/v1/restaurants/${restaurant_id}/dishes</arg>
<doc>Returns the given values which can then be assigned to a variables.</doc>
<status status="PASS" start="2026-02-11T00:25:44.687213" elapsed="0.000223"/>
</kw>
<kw name="POST On Session" owner="RequestsLibrary">
<msg time="2026-02-11T00:25:44.690741" level="INFO">POST Request : url=http://127.0.0.1:5000/api/v1/restaurants/10/dishes 
 path_url=/api/v1/restaurants/10/dishes 
 headers={'User-Agent': 'python-requests/2.32.5', 'Accept-Encoding': 'gzip, deflate', 'Accept': '*/*', 'Connection': 'keep-alive', 'Content-Length': '95', 'Content-Type': 'application/json'} 
 body=b'{"name": "Biryani", "type": "Veg", "price": "200", "available_time": "12:00", "image": "b.jpg"}' 
 </msg>
<msg time="2026-02-11T00:25:44.690800" level="INFO">POST Response : url=http://127.0.0.1:5000/api/v1/restaurants/10/dishes 
 status=201, reason=CREATED 
 headers={'Server': 'Werkzeug/3.1.5 Python/3.13.11', 'Date': 'Tue, 10 Feb 2026 18:55:44 GMT', 'Content-Type': 'application/json', 'Content-Length': '161', 'Connection': 'close'} 
 body={
  "available_time": "12:00",
  "enabled": true,
  "id": 3,
  "image": "b.jpg",
  "name": "Biryani",
  "price": "200",
  "restaurant_id": 10,
  "type": "Veg"
}
 
 </msg>
<msg time="2026-02-11T00:25:44.690889" level="INFO">${response} = &lt;Response [201]&gt;</msg>
<var>${response}</var>
<arg>${SESSION}</arg>
<arg>${endpoint}</arg>
<arg>json=${payload}</arg>
<doc>Sends a POST request on a previously created HTTP Session.</doc>
<status status="PASS" start="2026-02-11T00:25:44.687506" elapsed="0.003401"/>
</kw>
<return>
<value>${response}</value>
<status status="PASS" start="2026-02-11T00:25:44.690962" elapsed="0.000039"/>
</return>
<msg time="2026-02-11T00:25:44.691107" level="INFO">${dish_response} = &lt;Response [201]&gt;</msg>
<var>${dish_response}</var>
<arg>${rest_id}</arg>
<arg>${dish}</arg>
<status status="PASS" start="2026-02-11T00:25:44.686976" elapsed="0.004148"/>
</kw>
<kw name="Status Should Be" owner="RequestsLibrary">
<arg>201</arg>
<arg>${dish_response}</arg>
<doc>Fails if response status code is different than the expected.</doc>
<status status="PASS" start="2026-02-11T00:25:44.691388" elapsed="0.000164"/>
</kw>
<kw name="Set Variable" owner="BuiltIn">
<msg time="2026-02-11T00:25:44.692599" level="INFO">${dish_body} = {'available_time': '12:00', 'enabled': True, 'id': 3, 'image': 'b.jpg', 'name': 'Biryani', 'price': '200', 'restaurant_id': 10, 'type': 'Veg'}</msg>
<var>${dish_body}</var>
<arg>${dish_response.json()}</arg>
<doc>Returns the given values which can then be assigned to a variables.</doc>
<status status="PASS" start="2026-02-11T00:25:44.691923" elapsed="0.000707"/>
</kw>
<kw name="Get From Dictionary" owner="Collections">
<msg time="2026-02-11T00:25:44.693391" level="INFO">${dish_id} = 3</msg>
<var>${dish_id}</var>
<arg>${dish_body}</arg>
<arg>id</arg>
<doc>Returns a value from the given ``dictionary`` based on the given ``key``.</doc>
<status status="PASS" start="2026-02-11T00:25:44.693141" elapsed="0.000277"/>
</kw>
<kw name="Create Dictionary" owner="BuiltIn">
<msg time="2026-02-11T00:25:44.694173" level="INFO">${user} = {'name': 'FlowUser', 'email': 'flow@test.com', 'password': 'password123'}</msg>
<var>${user}</var>
<arg>name=FlowUser</arg>
<arg>email=flow@test.com</arg>
<arg>password=password123</arg>
<doc>Creates and returns a dictionary based on the given ``items``.</doc>
<status status="PASS" start="2026-02-11T00:25:44.693882" elapsed="0.000313"/>
</kw>
<kw name="Create User" owner="keywords">
<kw name="POST On Session" owner="RequestsLibrary">
<msg time="2026-02-11T00:25:44.697278" level="INFO">POST Request : url=http://127.0.0.1:5000/api/v1/users/register 
 path_url=/api/v1/users/register 
 headers={'User-Agent': 'python-requests/2.32.5', 'Accept-Encoding': 'gzip, deflate', 'Accept': '*/*', 'Connection': 'keep-alive', 'Content-Length': '73', 'Content-Type': 'application/json'} 
 body=b'{"name": "FlowUser", "email": "flow@test.com", "password": "password123"}' 
 </msg>
<msg time="2026-02-11T00:25:44.697325" level="INFO">POST Response : url=http://127.0.0.1:5000/api/v1/users/register 
 status=201, reason=CREATED 
 headers={'Server': 'Werkzeug/3.1.5 Python/3.13.11', 'Date': 'Tue, 10 Feb 2026 18:55:44 GMT', 'Content-Type': 'application/json', 'Content-Length': '93', 'Connection': 'close'} 
 body={
  "email": "flow@test.com",
  "id": 9,
  "name": "FlowUser",
  "password": "password123"
}
 
 </msg>
<msg time="2026-02-11T00:25:44.697400" level="INFO">${response} = &lt;Response [201]&gt;</msg>
<var>${response}</var>
<arg>${SESSION}</arg>
<arg>/api/v1/users/register</arg>
<arg>json=${payload}</arg>
<doc>Sends a POST request on a previously created HTTP Session.</doc>
<status status="PASS" start="2026-02-11T00:25:44.694895" elapsed="0.002521"/>
</kw>
<return>
<value>${response}</value>
<status status="PASS" start="2026-02-11T00:25:44.697460" elapsed="0.000031"/>
</return>
<msg time="2026-02-11T00:25:44.697584" level="INFO">${user_response} = &lt;Response [201]&gt;</msg>
<var>${user_response}</var>
<arg>${user}</arg>
<status status="PASS" start="2026-02-11T00:25:44.694680" elapsed="0.002920"/>
</kw>
<kw name="Status Should Be" owner="RequestsLibrary">
<arg>201</arg>
<arg>${user_response}</arg>
<doc>Fails if response status code is different than the expected.</doc>
<status status="PASS" start="2026-02-11T00:25:44.697765" elapsed="0.000133"/>
</kw>
<kw name="Set Variable" owner="BuiltIn">
<msg time="2026-02-11T00:25:44.698594" level="INFO">${user_body} = {'email': 'flow@test.com', 'id': 9, 'name': 'FlowUser', 'password': 'password123'}</msg>
<var>${user_body}</var>
<arg>${user_response.json()}</arg>
<doc>Returns the given values which can then be assigned to a variables.</doc>
<status status="PASS" start="2026-02-11T00:25:44.698014" elapsed="0.000631"/>
</kw>
<kw name="Get From Dictionary" owner="Collections">
<msg time="2026-02-11T00:25:44.698990" level="INFO">${user_id} = 9</msg>
<var>${user_id}</var>
<arg>${user_body}</arg>
<arg>id</arg>
<doc>Returns a value from the given ``dictionary`` based on the given ``key``.</doc>
<status status="PASS" start="2026-02-11T00:25:44.698848" elapsed="0.000161"/>
</kw>
<kw name="Create List" owner="BuiltIn">
<msg time="2026-02-11T00:25:44.699389" level="INFO">${dish_list} = [3]</msg>
<var>${dish_list}</var>
<arg>${dish_id}</arg>
<doc>Returns a list containing given items.</doc>
<status status="PASS" start="2026-02-11T00:25:44.699189" elapsed="0.000219"/>
</kw>
<kw name="Create Dictionary" owner="BuiltIn">
<msg time="2026-02-11T00:25:44.699893" level="INFO">${order_payload} = {'user_id': 9, 'restaurant_id': 10, 'dishes': [3]}</msg>
<var>${order_payload}</var>
<arg>user_id=${user_id}</arg>
<arg>restaurant_id=${rest_id}</arg>
<arg>dishes=${dish_list}</arg>
<doc>Creates and returns a dictionary based on the given ``items``.</doc>
<status status="PASS" start="2026-02-11T00:25:44.699562" elapsed="0.000350"/>
</kw>
<kw name="Place Order" owner="keywords">
<kw name="POST On Session" owner="RequestsLibrary">
<msg time="2026-02-11T00:25:44.703335" level="INFO">POST Request : url=http://127.0.0.1:5000/api/v1/orders 
 path_url=/api/v1/orders 
 headers={'User-Agent': 'python-requests/2.32.5', 'Accept-Encoding': 'gzip, deflate', 'Accept': '*/*', 'Connection': 'keep-alive', 'Content-Length': '50', 'Content-Type': 'application/json'} 
 body=b'{"user_id": 9, "restaurant_id": 10, "dishes": [3]}' 
 </msg>
<msg time="2026-02-11T00:25:44.703383" level="INFO">POST Response : url=http://127.0.0.1:5000/api/v1/orders 
 status=201, reason=CREATED 
 headers={'Server': 'Werkzeug/3.1.5 Python/3.13.11', 'Date': 'Tue, 10 Feb 2026 18:55:44 GMT', 'Content-Type': 'application/json', 'Content-Length': '78', 'Connection': 'close'} 
 body={
  "dishes": [
    3
  ],
  "id": 1,
  "restaurant_id": 10,
  "user_id": 9
}
 
 </msg>
<msg time="2026-02-11T00:25:44.703465" level="INFO">${response} = &lt;Response [201]&gt;</msg>
<var>${response}</var>
<arg>${SESSION}</arg>
<arg>/api/v1/orders</arg>
<arg>json=${payload}</arg>
<doc>Sends a POST request on a previously created HTTP Session.</doc>
<status status="PASS" start="2026-02-11T00:25:44.700639" elapsed="0.002844"/>
</kw>
<return>
<value>${response}</value>
<status status="PASS" start="2026-02-11T00:25:44.703530" elapsed="0.000031"/>
</return>
<msg time="2026-02-11T00:25:44.703658" level="INFO">${order_response} = &lt;Response [201]&gt;</msg>
<var>${order_response}</var>
<arg>${order_payload}</arg>
<status status="PASS" start="2026-02-11T00:25:44.700368" elapsed="0.003305"/>
</kw>
<kw name="Status Should Be" owner="RequestsLibrary">
<arg>201</arg>
<arg>${order_response}</arg>
<doc>Fails if response status code is different than the expected.</doc>
<status status="PASS" start="2026-02-11T00:25:44.703973" elapsed="0.000148"/>
</kw>
<status status="PASS" start="2026-02-11T00:25:44.678029" elapsed="0.026358"/>
</test>
<status status="PASS" start="2026-02-11T00:25:44.596174" elapsed="0.108938"/>
</suite>
<suite id="s1-s2" name="Restaurant Tests" source="C:\Users\user\Desktop\wipro\Foodie_App\tests\robot\restaurant_tests.robot">
<kw name="Create API Session" owner="keywords" type="SETUP">
<kw name="Create Session" owner="RequestsLibrary">
<msg time="2026-02-11T00:25:44.708238" level="INFO">Creating Session using : alias=foodie, url=http://127.0.0.1:5000, headers={},                     cookies={}, auth=None, timeout=None, proxies=None, verify=False,                     debug=0 </msg>
<arg>${SESSION}</arg>
<arg>${BASE_URL}</arg>
<doc>Create Session: create a HTTP session to a server</doc>
<status status="PASS" start="2026-02-11T00:25:44.708123" elapsed="0.000240"/>
</kw>
<status status="PASS" start="2026-02-11T00:25:44.707982" elapsed="0.000430"/>
</kw>
<test id="s1-s2-t1" name="Create Restaurant Positive" line="7">
<kw name="Create Restaurant" owner="keywords">
<kw name="POST On Session" owner="RequestsLibrary">
<msg time="2026-02-11T00:25:44.712061" level="INFO">POST Request : url=http://127.0.0.1:5000/api/v1/restaurants 
 path_url=/api/v1/restaurants 
 headers={'User-Agent': 'python-requests/2.32.5', 'Accept-Encoding': 'gzip, deflate', 'Accept': '*/*', 'Connection': 'keep-alive', 'Content-Length': '94', 'Content-Type': 'application/json'} 
 body=b'{"name": "RobotResto", "category": "Indian", "location": "Hyderabad", "contact": "9999999999"}' 
 </msg>
<msg time="2026-02-11T00:25:44.712187" level="INFO">POST Response : url=http://127.0.0.1:5000/api/v1/restaurants 
 status=201, reason=CREATED 
 headers={'Server': 'Werkzeug/3.1.5 Python/3.13.11', 'Date': 'Tue, 10 Feb 2026 18:55:44 GMT', 'Content-Type': 'application/json', 'Content-Length': '159', 'Connection': 'close'} 
 body={
  "approved": false,
  "category": "Indian",
  "contact": "9999999999",
  "disabled": false,
  "id": 11,
  "location": "Hyderabad",
  "name": "RobotResto"
}
 
 </msg>
<msg time="2026-02-11T00:25:44.712382" level="INFO">${response} = &lt;Response [201]&gt;</msg>
<var>${response}</var>
<arg>${SESSION}</arg>
<arg>/api/v1/restaurants</arg>
<arg>json=${payload}</arg>
<doc>Sends a POST request on a previously created HTTP Session.</doc>
<status status="PASS" start="2026-02-11T00:25:44.708920" elapsed="0.003495"/>
</kw>
<return>
<value>${response}</value>
<status status="PASS" start="2026-02-11T00:25:44.712788" elapsed="0.000050"/>
</return>
<msg time="2026-02-11T00:25:44.713066" level="INFO">${response} = &lt;Response [201]&gt;</msg>
<var>${response}</var>
<arg>${RESTAURANT_DATA}</arg>
<status status="PASS" start="2026-02-11T00:25:44.708747" elapsed="0.004340"/>
</kw>
<kw name="Status Should Be" owner="RequestsLibrary">
<arg>201</arg>
<arg>${response}</arg>
<doc>Fails if response status code is different than the expected.</doc>
<status status="PASS" start="2026-02-11T00:25:44.713539" elapsed="0.000232"/>
</kw>
<status status="PASS" start="2026-02-11T00:25:44.708448" elapsed="0.005530"/>
</test>
<test id="s1-s2-t2" name="Create Restaurant Negative" line="11">
<kw name="Create Dictionary" owner="BuiltIn">
<msg time="2026-02-11T00:25:44.714991" level="INFO">${invalid} = {'category': 'Indian'}</msg>
<var>${invalid}</var>
<arg>category=Indian</arg>
<doc>Creates and returns a dictionary based on the given ``items``.</doc>
<status status="PASS" start="2026-02-11T00:25:44.714698" elapsed="0.000315"/>
</kw>
<kw name="Create Restaurant" owner="keywords">
<kw name="POST On Session" owner="RequestsLibrary">
<msg time="2026-02-11T00:25:44.717629" level="INFO">POST Request : url=http://127.0.0.1:5000/api/v1/restaurants 
 path_url=/api/v1/restaurants 
 headers={'User-Agent': 'python-requests/2.32.5', 'Accept-Encoding': 'gzip, deflate', 'Accept': '*/*', 'Connection': 'keep-alive', 'Content-Length': '22', 'Content-Type': 'application/json'} 
 body=b'{"category": "Indian"}' 
 </msg>
<msg time="2026-02-11T00:25:44.717682" level="INFO">POST Response : url=http://127.0.0.1:5000/api/v1/restaurants 
 status=201, reason=CREATED 
 headers={'Server': 'Werkzeug/3.1.5 Python/3.13.11', 'Date': 'Tue, 10 Feb 2026 18:55:44 GMT', 'Content-Type': 'application/json', 'Content-Length': '81', 'Connection': 'close'} 
 body={
  "approved": false,
  "category": "Indian",
  "disabled": false,
  "id": 12
}
 
 </msg>
<msg time="2026-02-11T00:25:44.717757" level="INFO">${response} = &lt;Response [201]&gt;</msg>
<var>${response}</var>
<arg>${SESSION}</arg>
<arg>/api/v1/restaurants</arg>
<arg>json=${payload}</arg>
<doc>Sends a POST request on a previously created HTTP Session.</doc>
<status status="PASS" start="2026-02-11T00:25:44.715391" elapsed="0.002384"/>
</kw>
<return>
<value>${response}</value>
<status status="PASS" start="2026-02-11T00:25:44.717823" elapsed="0.000032"/>
</return>
<msg time="2026-02-11T00:25:44.717964" level="INFO">${response} = &lt;Response [201]&gt;</msg>
<var>${response}</var>
<arg>${invalid}</arg>
<status status="PASS" start="2026-02-11T00:25:44.715193" elapsed="0.002787"/>
</kw>
<kw name="Status Should Be" owner="RequestsLibrary">
<msg time="2026-02-11T00:25:44.718330" level="FAIL">Url: http://127.0.0.1:5000/api/v1/restaurants Expected status: 201 != 400</msg>
<arg>400</arg>
<arg>${response}</arg>
<doc>Fails if response status code is different than the expected.</doc>
<status status="FAIL" start="2026-02-11T00:25:44.718153" elapsed="0.001792">Url: http://127.0.0.1:5000/api/v1/restaurants Expected status: 201 != 400</status>
</kw>
<status status="FAIL" start="2026-02-11T00:25:44.714355" elapsed="0.005921">Url: http://127.0.0.1:5000/api/v1/restaurants Expected status: 201 != 400</status>
</test>
<status status="FAIL" start="2026-02-11T00:25:44.705546" elapsed="0.015223"/>
</suite>
<suite id="s1-s3" name="User Tests" source="C:\Users\user\Desktop\wipro\Foodie_App\tests\robot\user_tests.robot">
<kw name="Create API Session" owner="keywords" type="SETUP">
<kw name="Create Session" owner="RequestsLibrary">
<msg time="2026-02-11T00:25:44.724357" level="INFO">Creating Session using : alias=foodie, url=http://127.0.0.1:5000, headers={},                     cookies={}, auth=None, timeout=None, proxies=None, verify=False,                     debug=0 </msg>
<arg>${SESSION}</arg>
<arg>${BASE_URL}</arg>
<doc>Create Session: create a HTTP session to a server</doc>
<status status="PASS" start="2026-02-11T00:25:44.724242" elapsed="0.000240"/>
</kw>
<status status="PASS" start="2026-02-11T00:25:44.724098" elapsed="0.000433"/>
</kw>
<test id="s1-s3-t1" name="Register User Positive" line="7">
<kw name="Create User" owner="keywords">
<kw name="POST On Session" owner="RequestsLibrary">
<msg time="2026-02-11T00:25:44.727884" level="INFO">POST Request : url=http://127.0.0.1:5000/api/v1/users/register 
 path_url=/api/v1/users/register 
 headers={'User-Agent': 'python-requests/2.32.5', 'Accept-Encoding': 'gzip, deflate', 'Accept': '*/*', 'Connection': 'keep-alive', 'Content-Length': '75', 'Content-Type': 'application/json'} 
 body=b'{"name": "RobotUser", "email": "robot@test.com", "password": "password123"}' 
 </msg>
<msg time="2026-02-11T00:25:44.728012" level="INFO">POST Response : url=http://127.0.0.1:5000/api/v1/users/register 
 status=201, reason=CREATED 
 headers={'Server': 'Werkzeug/3.1.5 Python/3.13.11', 'Date': 'Tue, 10 Feb 2026 18:55:44 GMT', 'Content-Type': 'application/json', 'Content-Length': '96', 'Connection': 'close'} 
 body={
  "email": "robot@test.com",
  "id": 10,
  "name": "RobotUser",
  "password": "password123"
}
 
 </msg>
<msg time="2026-02-11T00:25:44.728162" level="INFO">${response} = &lt;Response [201]&gt;</msg>
<var>${response}</var>
<arg>${SESSION}</arg>
<arg>/api/v1/users/register</arg>
<arg>json=${payload}</arg>
<doc>Sends a POST request on a previously created HTTP Session.</doc>
<status status="PASS" start="2026-02-11T00:25:44.725031" elapsed="0.003153"/>
</kw>
<return>
<value>${response}</value>
<status status="PASS" start="2026-02-11T00:25:44.728242" elapsed="0.000035"/>
</return>
<msg time="2026-02-11T00:25:44.728384" level="INFO">${response} = &lt;Response [201]&gt;</msg>
<var>${response}</var>
<arg>${USER_DATA}</arg>
<status status="PASS" start="2026-02-11T00:25:44.724855" elapsed="0.003547"/>
</kw>
<kw name="Status Should Be" owner="RequestsLibrary">
<arg>201</arg>
<arg>${response}</arg>
<doc>Fails if response status code is different than the expected.</doc>
<status status="PASS" start="2026-02-11T00:25:44.728696" elapsed="0.000268"/>
</kw>
<status status="PASS" start="2026-02-11T00:25:44.724566" elapsed="0.004697"/>
</test>
<test id="s1-s3-t2" name="Register User Negative" line="11">
<kw name="Create Dictionary" owner="BuiltIn">
<msg time="2026-02-11T00:25:44.730691" level="INFO">${invalid} = {'name': 'OnlyName'}</msg>
<var>${invalid}</var>
<arg>name=OnlyName</arg>
<doc>Creates and returns a dictionary based on the given ``items``.</doc>
<status status="PASS" start="2026-02-11T00:25:44.730195" elapsed="0.000538"/>
</kw>
<kw name="Create User" owner="keywords">
<kw name="POST On Session" owner="RequestsLibrary">
<msg time="2026-02-11T00:25:44.734333" level="INFO">POST Request : url=http://127.0.0.1:5000/api/v1/users/register 
 path_url=/api/v1/users/register 
 headers={'User-Agent': 'python-requests/2.32.5', 'Accept-Encoding': 'gzip, deflate', 'Accept': '*/*', 'Connection': 'keep-alive', 'Content-Length': '20', 'Content-Type': 'application/json'} 
 body=b'{"name": "OnlyName"}' 
 </msg>
<msg time="2026-02-11T00:25:44.734386" level="INFO">POST Response : url=http://127.0.0.1:5000/api/v1/users/register 
 status=201, reason=CREATED 
 headers={'Server': 'Werkzeug/3.1.5 Python/3.13.11', 'Date': 'Tue, 10 Feb 2026 18:55:44 GMT', 'Content-Type': 'application/json', 'Content-Length': '37', 'Connection': 'close'} 
 body={
  "id": 11,
  "name": "OnlyName"
}
 
 </msg>
<msg time="2026-02-11T00:25:44.734466" level="INFO">${response} = &lt;Response [201]&gt;</msg>
<var>${response}</var>
<arg>${SESSION}</arg>
<arg>/api/v1/users/register</arg>
<arg>json=${payload}</arg>
<doc>Sends a POST request on a previously created HTTP Session.</doc>
<status status="PASS" start="2026-02-11T00:25:44.731600" elapsed="0.002884"/>
</kw>
<return>
<value>${response}</value>
<status status="PASS" start="2026-02-11T00:25:44.734589" elapsed="0.000034"/>
</return>
<msg time="2026-02-11T00:25:44.734730" level="INFO">${response} = &lt;Response [201]&gt;</msg>
<var>${response}</var>
<arg>${invalid}</arg>
<status status="PASS" start="2026-02-11T00:25:44.731256" elapsed="0.003492"/>
</kw>
<kw name="Status Should Be" owner="RequestsLibrary">
<msg time="2026-02-11T00:25:44.735530" level="FAIL">Url: http://127.0.0.1:5000/api/v1/users/register Expected status: 201 != 400</msg>
<arg>400</arg>
<arg>${response}</arg>
<doc>Fails if response status code is different than the expected.</doc>
<status status="FAIL" start="2026-02-11T00:25:44.734928" elapsed="0.001178">Url: http://127.0.0.1:5000/api/v1/users/register Expected status: 201 != 400</status>
</kw>
<status status="FAIL" start="2026-02-11T00:25:44.729806" elapsed="0.006528">Url: http://127.0.0.1:5000/api/v1/users/register Expected status: 201 != 400</status>
</test>
<status status="FAIL" start="2026-02-11T00:25:44.721469" elapsed="0.015366"/>
</suite>
<status status="FAIL" start="2026-02-11T00:25:44.573093" elapsed="0.164390"/>
</suite>
<statistics>
<total>
<stat pass="3" fail="2" skip="0">All Tests</stat>
</total>
<tag>
</tag>
<suite>
<stat name="Robot" id="s1" pass="3" fail="2" skip="0">Robot</stat>
<stat name="Order Tests" id="s1-s1" pass="1" fail="0" skip="0">Robot.Order Tests</stat>
<stat name="Restaurant Tests" id="s1-s2" pass="1" fail="1" skip="0">Robot.Restaurant Tests</stat>
<stat name="User Tests" id="s1-s3" pass="1" fail="1" skip="0">Robot.User Tests</stat>
</suite>
</statistics>
<errors>
</errors>
</robot>
