<?xml version="1.0" encoding="UTF-8"?>
<robot generator="Robot 7.4.1 (Python 3.12.8 on win32)" generated="2026-02-18T16:27:52.860068" rpa="false" schemaversion="5">
<suite id="s1" name="Tests" source="C:\Users\prase\OneDrive\Desktop\PythonProject\Ecommerce\robot-framework\tests">
<suite id="s1-s1" name="00 Invalid Login" source="C:\Users\prase\OneDrive\Desktop\PythonProject\Ecommerce\robot-framework\tests\00_invalid_login.robot">
<kw name="Open Website" owner="ecommerce_keywords" type="SETUP">
<if>
<branch type="IF" condition="'${BROWSER}' == 'Chrome'">
<kw name="Evaluate" owner="BuiltIn">
<var>${options}</var>
<arg>sys.modules['selenium.webdriver'].ChromeOptions()</arg>
<arg>sys, selenium.webdriver</arg>
<doc>Evaluates the given expression in Python and returns the result.</doc>
<status status="NOT RUN" start="2026-02-18T16:27:53.293448" elapsed="0.000000"/>
</kw>
<kw name="Evaluate" owner="BuiltIn">
<var>${temp_dir}</var>
<arg>__import__('tempfile').mkdtemp()</arg>
<doc>Evaluates the given expression in Python and returns the result.</doc>
<status status="NOT RUN" start="2026-02-18T16:27:53.293448" elapsed="0.000000"/>
</kw>
<kw name="Create Dictionary" owner="BuiltIn">
<var>${prefs}</var>
<arg>credentials_enable_service=False</arg>
<arg>profile.password_manager_enabled=False</arg>
<arg>profile.default_content_setting_values.notifications=2</arg>
<doc>Creates and returns a dictionary based on the given ``items``.</doc>
<status status="NOT RUN" start="2026-02-18T16:27:53.293448" elapsed="0.000000"/>
</kw>
<kw name="Call Method" owner="BuiltIn">
<arg>${options}</arg>
<arg>add_experimental_option</arg>
<arg>prefs</arg>
<arg>${prefs}</arg>
<doc>Calls the named method of the given object with the provided arguments.</doc>
<status status="NOT RUN" start="2026-02-18T16:27:53.293448" elapsed="0.000000"/>
</kw>
<kw name="Set Variable" owner="BuiltIn">
<var>${incognito}</var>
<arg>--incognito</arg>
<doc>Returns the given values which can then be assigned to a variables.</doc>
<status status="NOT RUN" start="2026-02-18T16:27:53.293448" elapsed="0.001042"/>
</kw>
<kw name="Set Variable" owner="BuiltIn">
<var>${disable_pw}</var>
<arg>--disable-features=PasswordLeakDetection</arg>
<doc>Returns the given values which can then be assigned to a variables.</doc>
<status status="NOT RUN" start="2026-02-18T16:27:53.294490" elapsed="0.000000"/>
</kw>
<kw name="Set Variable" owner="BuiltIn">
<var>${disable_notify}</var>
<arg>--disable-notifications</arg>
<doc>Returns the given values which can then be assigned to a variables.</doc>
<status status="NOT RUN" start="2026-02-18T16:27:53.294490" elapsed="0.000000"/>
</kw>
<kw name="Set Variable" owner="BuiltIn">
<var>${no_first}</var>
<arg>--no-first-run</arg>
<doc>Returns the given values which can then be assigned to a variables.</doc>
<status status="NOT RUN" start="2026-02-18T16:27:53.294490" elapsed="0.000000"/>
</kw>
<kw name="Set Variable" owner="BuiltIn">
<var>${no_default}</var>
<arg>--no-default-browser-check</arg>
<doc>Returns the given values which can then be assigned to a variables.</doc>
<status status="NOT RUN" start="2026-02-18T16:27:53.294490" elapsed="0.000000"/>
</kw>
<kw name="Set Variable" owner="BuiltIn">
<var>${maximize}</var>
<arg>--start-maximized</arg>
<doc>Returns the given values which can then be assigned to a variables.</doc>
<status status="NOT RUN" start="2026-02-18T16:27:53.294490" elapsed="0.000000"/>
</kw>
<kw name="Set Variable" owner="BuiltIn">
<var>${profile}</var>
<arg>--user-data-dir=${temp_dir}</arg>
<doc>Returns the given values which can then be assigned to a variables.</doc>
<status status="NOT RUN" start="2026-02-18T16:27:53.294490" elapsed="0.000000"/>
</kw>
<kw name="Call Method" owner="BuiltIn">
<arg>${options}</arg>
<arg>add_argument</arg>
<arg>${incognito}</arg>
<doc>Calls the named method of the given object with the provided arguments.</doc>
<status status="NOT RUN" start="2026-02-18T16:27:53.294490" elapsed="0.000000"/>
</kw>
<kw name="Call Method" owner="BuiltIn">
<arg>${options}</arg>
<arg>add_argument</arg>
<arg>${disable_pw}</arg>
<doc>Calls the named method of the given object with the provided arguments.</doc>
<status status="NOT RUN" start="2026-02-18T16:27:53.294490" elapsed="0.000000"/>
</kw>
<kw name="Call Method" owner="BuiltIn">
<arg>${options}</arg>
<arg>add_argument</arg>
<arg>${disable_notify}</arg>
<doc>Calls the named method of the given object with the provided arguments.</doc>
<status status="NOT RUN" start="2026-02-18T16:27:53.294490" elapsed="0.000000"/>
</kw>
<kw name="Call Method" owner="BuiltIn">
<arg>${options}</arg>
<arg>add_argument</arg>
<arg>${no_first}</arg>
<doc>Calls the named method of the given object with the provided arguments.</doc>
<status status="NOT RUN" start="2026-02-18T16:27:53.295495" elapsed="0.000000"/>
</kw>
<kw name="Call Method" owner="BuiltIn">
<arg>${options}</arg>
<arg>add_argument</arg>
<arg>${no_default}</arg>
<doc>Calls the named method of the given object with the provided arguments.</doc>
<status status="NOT RUN" start="2026-02-18T16:27:53.295495" elapsed="0.000000"/>
</kw>
<kw name="Call Method" owner="BuiltIn">
<arg>${options}</arg>
<arg>add_argument</arg>
<arg>${maximize}</arg>
<doc>Calls the named method of the given object with the provided arguments.</doc>
<status status="NOT RUN" start="2026-02-18T16:27:53.295495" elapsed="0.000000"/>
</kw>
<kw name="Call Method" owner="BuiltIn">
<arg>${options}</arg>
<arg>add_argument</arg>
<arg>${profile}</arg>
<doc>Calls the named method of the given object with the provided arguments.</doc>
<status status="NOT RUN" start="2026-02-18T16:27:53.295495" elapsed="0.000000"/>
</kw>
<kw name="Create Webdriver" owner="SeleniumLibrary">
<arg>Chrome</arg>
<arg>options=${options}</arg>
<doc>Creates an instance of Selenium WebDriver.</doc>
<status status="NOT RUN" start="2026-02-18T16:27:53.295495" elapsed="0.000000"/>
</kw>
<kw name="Go To" owner="SeleniumLibrary">
<arg>${URL}</arg>
<doc>Navigates the current browser window to the provided ``url``.</doc>
<status status="NOT RUN" start="2026-02-18T16:27:53.295495" elapsed="0.000000"/>
</kw>
<status status="NOT RUN" start="2026-02-18T16:27:53.292449" elapsed="0.003046"/>
</branch>
<branch type="ELSE IF" condition="'${BROWSER}' == 'Edge'">
<kw name="Open Browser" owner="SeleniumLibrary">
<msg time="2026-02-18T16:27:53.296499" level="INFO">Opening browser 'Edge' to base url 'https://www.saucedemo.com/'.</msg>
<arg>${URL}</arg>
<arg>Edge</arg>
<doc>Opens a new browser instance to the optional ``url``.</doc>
<status status="PASS" start="2026-02-18T16:27:53.296499" elapsed="1.031464"/>
</kw>
<kw name="Maximize Browser Window" owner="SeleniumLibrary">
<doc>Maximizes current browser window.</doc>
<status status="PASS" start="2026-02-18T16:27:54.328957" elapsed="0.472498"/>
</kw>
<status status="PASS" start="2026-02-18T16:27:53.295495" elapsed="1.505960"/>
</branch>
<branch type="ELSE IF" condition="'${BROWSER}' == 'Firefox'">
<kw name="Evaluate" owner="BuiltIn">
<var>${ff_options}</var>
<arg>sys.modules['selenium.webdriver'].FirefoxOptions()</arg>
<arg>sys, selenium.webdriver</arg>
<doc>Evaluates the given expression in Python and returns the result.</doc>
<status status="NOT RUN" start="2026-02-18T16:27:54.801455" elapsed="0.000000"/>
</kw>
<kw name="Call Method" owner="BuiltIn">
<arg>${ff_options}</arg>
<arg>add_argument</arg>
<arg>-private</arg>
<doc>Calls the named method of the given object with the provided arguments.</doc>
<status status="NOT RUN" start="2026-02-18T16:27:54.802475" elapsed="0.000000"/>
</kw>
<kw name="Create Webdriver" owner="SeleniumLibrary">
<arg>Firefox</arg>
<arg>options=${ff_options}</arg>
<doc>Creates an instance of Selenium WebDriver.</doc>
<status status="NOT RUN" start="2026-02-18T16:27:54.802475" elapsed="0.000000"/>
</kw>
<kw name="Go To" owner="SeleniumLibrary">
<arg>${URL}</arg>
<doc>Navigates the current browser window to the provided ``url``.</doc>
<status status="NOT RUN" start="2026-02-18T16:27:54.802475" elapsed="0.000000"/>
</kw>
<status status="NOT RUN" start="2026-02-18T16:27:54.801455" elapsed="0.001020"/>
</branch>
<status status="PASS" start="2026-02-18T16:27:53.292449" elapsed="1.511025"/>
</if>
<kw name="Wait Until Element Is Visible" owner="SeleniumLibrary">
<arg>id=user-name</arg>
<arg>timeout=10s</arg>
<doc>Waits until the element ``locator`` is visible.</doc>
<status status="PASS" start="2026-02-18T16:27:54.803474" elapsed="0.065416"/>
</kw>
<kw name="Sleep" owner="BuiltIn">
<msg time="2026-02-18T16:27:55.570398" level="INFO">Slept 700 milliseconds.</msg>
<arg>${DELAY}</arg>
<doc>Pauses the test executed for the given time.</doc>
<status status="PASS" start="2026-02-18T16:27:54.868890" elapsed="0.701508"/>
</kw>
<status status="PASS" start="2026-02-18T16:27:53.292449" elapsed="2.277949"/>
</kw>
<test id="s1-s1-t1" name="User Cannot Login With Invalid Credentials" line="7">
<kw name="Input Text" owner="SeleniumLibrary">
<msg time="2026-02-18T16:27:55.571416" level="INFO">Typing text 'invalid_user' into text field 'id=user-name'.</msg>
<arg>id=user-name</arg>
<arg>invalid_user</arg>
<doc>Types the given ``text`` into the text field identified by ``locator``.</doc>
<status status="PASS" start="2026-02-18T16:27:55.571416" elapsed="0.122514"/>
</kw>
<kw name="Input Text" owner="SeleniumLibrary">
<msg time="2026-02-18T16:27:55.694942" level="INFO">Typing text 'wrong_password' into text field 'id=password'.</msg>
<arg>id=password</arg>
<arg>wrong_password</arg>
<doc>Types the given ``text`` into the text field identified by ``locator``.</doc>
<status status="PASS" start="2026-02-18T16:27:55.694942" elapsed="0.123729"/>
</kw>
<kw name="Click Button" owner="SeleniumLibrary">
<msg time="2026-02-18T16:27:55.819671" level="INFO">Clicking button 'id=login-button'.</msg>
<arg>id=login-button</arg>
<doc>Clicks the button identified by ``locator``.</doc>
<status status="PASS" start="2026-02-18T16:27:55.818671" elapsed="0.079295"/>
</kw>
<kw name="Wait Until Page Contains Element" owner="SeleniumLibrary">
<arg>css=h3[data-test="error"]</arg>
<arg>timeout=10s</arg>
<doc>Waits until the element ``locator`` appears on the current page.</doc>
<status status="PASS" start="2026-02-18T16:27:55.898961" elapsed="0.011033"/>
</kw>
<kw name="Page Should Contain" owner="SeleniumLibrary">
<msg time="2026-02-18T16:27:55.923606" level="INFO">Current page contains text 'Username and password do not match'.</msg>
<arg>Username and password do not match</arg>
<doc>Verifies that current page contains ``text``.</doc>
<status status="PASS" start="2026-02-18T16:27:55.909994" elapsed="0.013612"/>
</kw>
<status status="PASS" start="2026-02-18T16:27:55.570398" elapsed="0.353715"/>
</test>
<kw name="Close Website" owner="ecommerce_keywords" type="TEARDOWN">
<kw name="Sleep" owner="BuiltIn">
<msg time="2026-02-18T16:27:56.626260" level="INFO">Slept 700 milliseconds.</msg>
<arg>${DELAY}</arg>
<doc>Pauses the test executed for the given time.</doc>
<status status="PASS" start="2026-02-18T16:27:55.925117" elapsed="0.701143"/>
</kw>
<kw name="Close Browser" owner="SeleniumLibrary">
<doc>Closes the current browser.</doc>
<status status="PASS" start="2026-02-18T16:27:56.626260" elapsed="2.261236"/>
</kw>
<status status="PASS" start="2026-02-18T16:27:55.925117" elapsed="2.962379"/>
</kw>
<status status="PASS" start="2026-02-18T16:27:52.914928" elapsed="5.972568"/>
</suite>
<suite id="s1-s2" name="01 Login" source="C:\Users\prase\OneDrive\Desktop\PythonProject\Ecommerce\robot-framework\tests\01_login.robot">
<kw name="Open Website" owner="ecommerce_keywords" type="SETUP">
<if>
<branch type="IF" condition="'${BROWSER}' == 'Chrome'">
<kw name="Evaluate" owner="BuiltIn">
<var>${options}</var>
<arg>sys.modules['selenium.webdriver'].ChromeOptions()</arg>
<arg>sys, selenium.webdriver</arg>
<doc>Evaluates the given expression in Python and returns the result.</doc>
<status status="NOT RUN" start="2026-02-18T16:27:58.894048" elapsed="0.000000"/>
</kw>
<kw name="Evaluate" owner="BuiltIn">
<var>${temp_dir}</var>
<arg>__import__('tempfile').mkdtemp()</arg>
<doc>Evaluates the given expression in Python and returns the result.</doc>
<status status="NOT RUN" start="2026-02-18T16:27:58.894048" elapsed="0.000000"/>
</kw>
<kw name="Create Dictionary" owner="BuiltIn">
<var>${prefs}</var>
<arg>credentials_enable_service=False</arg>
<arg>profile.password_manager_enabled=False</arg>
<arg>profile.default_content_setting_values.notifications=2</arg>
<doc>Creates and returns a dictionary based on the given ``items``.</doc>
<status status="NOT RUN" start="2026-02-18T16:27:58.894556" elapsed="0.000000"/>
</kw>
<kw name="Call Method" owner="BuiltIn">
<arg>${options}</arg>
<arg>add_experimental_option</arg>
<arg>prefs</arg>
<arg>${prefs}</arg>
<doc>Calls the named method of the given object with the provided arguments.</doc>
<status status="NOT RUN" start="2026-02-18T16:27:58.894556" elapsed="0.000000"/>
</kw>
<kw name="Set Variable" owner="BuiltIn">
<var>${incognito}</var>
<arg>--incognito</arg>
<doc>Returns the given values which can then be assigned to a variables.</doc>
<status status="NOT RUN" start="2026-02-18T16:27:58.894556" elapsed="0.000000"/>
</kw>
<kw name="Set Variable" owner="BuiltIn">
<var>${disable_pw}</var>
<arg>--disable-features=PasswordLeakDetection</arg>
<doc>Returns the given values which can then be assigned to a variables.</doc>
<status status="NOT RUN" start="2026-02-18T16:27:58.894556" elapsed="0.000000"/>
</kw>
<kw name="Set Variable" owner="BuiltIn">
<var>${disable_notify}</var>
<arg>--disable-notifications</arg>
<doc>Returns the given values which can then be assigned to a variables.</doc>
<status status="NOT RUN" start="2026-02-18T16:27:58.894556" elapsed="0.000000"/>
</kw>
<kw name="Set Variable" owner="BuiltIn">
<var>${no_first}</var>
<arg>--no-first-run</arg>
<doc>Returns the given values which can then be assigned to a variables.</doc>
<status status="NOT RUN" start="2026-02-18T16:27:58.895061" elapsed="0.000000"/>
</kw>
<kw name="Set Variable" owner="BuiltIn">
<var>${no_default}</var>
<arg>--no-default-browser-check</arg>
<doc>Returns the given values which can then be assigned to a variables.</doc>
<status status="NOT RUN" start="2026-02-18T16:27:58.895061" elapsed="0.000000"/>
</kw>
<kw name="Set Variable" owner="BuiltIn">
<var>${maximize}</var>
<arg>--start-maximized</arg>
<doc>Returns the given values which can then be assigned to a variables.</doc>
<status status="NOT RUN" start="2026-02-18T16:27:58.895061" elapsed="0.000000"/>
</kw>
<kw name="Set Variable" owner="BuiltIn">
<var>${profile}</var>
<arg>--user-data-dir=${temp_dir}</arg>
<doc>Returns the given values which can then be assigned to a variables.</doc>
<status status="NOT RUN" start="2026-02-18T16:27:58.895061" elapsed="0.000000"/>
</kw>
<kw name="Call Method" owner="BuiltIn">
<arg>${options}</arg>
<arg>add_argument</arg>
<arg>${incognito}</arg>
<doc>Calls the named method of the given object with the provided arguments.</doc>
<status status="NOT RUN" start="2026-02-18T16:27:58.895061" elapsed="0.000000"/>
</kw>
<kw name="Call Method" owner="BuiltIn">
<arg>${options}</arg>
<arg>add_argument</arg>
<arg>${disable_pw}</arg>
<doc>Calls the named method of the given object with the provided arguments.</doc>
<status status="NOT RUN" start="2026-02-18T16:27:58.895061" elapsed="0.000000"/>
</kw>
<kw name="Call Method" owner="BuiltIn">
<arg>${options}</arg>
<arg>add_argument</arg>
<arg>${disable_notify}</arg>
<doc>Calls the named method of the given object with the provided arguments.</doc>
<status status="NOT RUN" start="2026-02-18T16:27:58.895061" elapsed="0.000000"/>
</kw>
<kw name="Call Method" owner="BuiltIn">
<arg>${options}</arg>
<arg>add_argument</arg>
<arg>${no_first}</arg>
<doc>Calls the named method of the given object with the provided arguments.</doc>
<status status="NOT RUN" start="2026-02-18T16:27:58.895061" elapsed="0.000000"/>
</kw>
<kw name="Call Method" owner="BuiltIn">
<arg>${options}</arg>
<arg>add_argument</arg>
<arg>${no_default}</arg>
<doc>Calls the named method of the given object with the provided arguments.</doc>
<status status="NOT RUN" start="2026-02-18T16:27:58.895061" elapsed="0.000000"/>
</kw>
<kw name="Call Method" owner="BuiltIn">
<arg>${options}</arg>
<arg>add_argument</arg>
<arg>${maximize}</arg>
<doc>Calls the named method of the given object with the provided arguments.</doc>
<status status="NOT RUN" start="2026-02-18T16:27:58.895061" elapsed="0.001019"/>
</kw>
<kw name="Call Method" owner="BuiltIn">
<arg>${options}</arg>
<arg>add_argument</arg>
<arg>${profile}</arg>
<doc>Calls the named method of the given object with the provided arguments.</doc>
<status status="NOT RUN" start="2026-02-18T16:27:58.896080" elapsed="0.000000"/>
</kw>
<kw name="Create Webdriver" owner="SeleniumLibrary">
<arg>Chrome</arg>
<arg>options=${options}</arg>
<doc>Creates an instance of Selenium WebDriver.</doc>
<status status="NOT RUN" start="2026-02-18T16:27:58.896080" elapsed="0.000000"/>
</kw>
<kw name="Go To" owner="SeleniumLibrary">
<arg>${URL}</arg>
<doc>Navigates the current browser window to the provided ``url``.</doc>
<status status="NOT RUN" start="2026-02-18T16:27:58.896080" elapsed="0.000000"/>
</kw>
<status status="NOT RUN" start="2026-02-18T16:27:58.894048" elapsed="0.002032"/>
</branch>
<branch type="ELSE IF" condition="'${BROWSER}' == 'Edge'">
<kw name="Open Browser" owner="SeleniumLibrary">
<msg time="2026-02-18T16:27:58.896080" level="INFO">Opening browser 'Edge' to base url 'https://www.saucedemo.com/'.</msg>
<arg>${URL}</arg>
<arg>Edge</arg>
<doc>Opens a new browser instance to the optional ``url``.</doc>
<status status="PASS" start="2026-02-18T16:27:58.896080" elapsed="1.786486"/>
</kw>
<kw name="Maximize Browser Window" owner="SeleniumLibrary">
<doc>Maximizes current browser window.</doc>
<status status="PASS" start="2026-02-18T16:28:00.682566" elapsed="0.045548"/>
</kw>
<status status="PASS" start="2026-02-18T16:27:58.896080" elapsed="1.832034"/>
</branch>
<branch type="ELSE IF" condition="'${BROWSER}' == 'Firefox'">
<kw name="Evaluate" owner="BuiltIn">
<var>${ff_options}</var>
<arg>sys.modules['selenium.webdriver'].FirefoxOptions()</arg>
<arg>sys, selenium.webdriver</arg>
<doc>Evaluates the given expression in Python and returns the result.</doc>
<status status="NOT RUN" start="2026-02-18T16:28:00.728114" elapsed="0.000000"/>
</kw>
<kw name="Call Method" owner="BuiltIn">
<arg>${ff_options}</arg>
<arg>add_argument</arg>
<arg>-private</arg>
<doc>Calls the named method of the given object with the provided arguments.</doc>
<status status="NOT RUN" start="2026-02-18T16:28:00.728114" elapsed="0.000000"/>
</kw>
<kw name="Create Webdriver" owner="SeleniumLibrary">
<arg>Firefox</arg>
<arg>options=${ff_options}</arg>
<doc>Creates an instance of Selenium WebDriver.</doc>
<status status="NOT RUN" start="2026-02-18T16:28:00.729118" elapsed="0.000000"/>
</kw>
<kw name="Go To" owner="SeleniumLibrary">
<arg>${URL}</arg>
<doc>Navigates the current browser window to the provided ``url``.</doc>
<status status="NOT RUN" start="2026-02-18T16:28:00.729118" elapsed="0.000000"/>
</kw>
<status status="NOT RUN" start="2026-02-18T16:28:00.728114" elapsed="0.001004"/>
</branch>
<status status="PASS" start="2026-02-18T16:27:58.894048" elapsed="1.835070"/>
</if>
<kw name="Wait Until Element Is Visible" owner="SeleniumLibrary">
<arg>id=user-name</arg>
<arg>timeout=10s</arg>
<doc>Waits until the element ``locator`` is visible.</doc>
<status status="PASS" start="2026-02-18T16:28:00.729118" elapsed="0.028900"/>
</kw>
<kw name="Sleep" owner="BuiltIn">
<msg time="2026-02-18T16:28:01.459481" level="INFO">Slept 700 milliseconds.</msg>
<arg>${DELAY}</arg>
<doc>Pauses the test executed for the given time.</doc>
<status status="PASS" start="2026-02-18T16:28:00.758018" elapsed="0.701463"/>
</kw>
<status status="PASS" start="2026-02-18T16:27:58.893046" elapsed="2.566435"/>
</kw>
<test id="s1-s2-t1" name="User Login Successful" line="7">
<kw name="Login To Application" owner="ecommerce_keywords">
<kw name="Input Text" owner="SeleniumLibrary">
<msg time="2026-02-18T16:28:01.460488" level="INFO">Typing text 'standard_user' into text field 'id=user-name'.</msg>
<arg>id=user-name</arg>
<arg>${USERNAME}</arg>
<doc>Types the given ``text`` into the text field identified by ``locator``.</doc>
<status status="PASS" start="2026-02-18T16:28:01.460488" elapsed="0.112113"/>
</kw>
<kw name="Sleep" owner="BuiltIn">
<msg time="2026-02-18T16:28:02.274229" level="INFO">Slept 700 milliseconds.</msg>
<arg>${DELAY}</arg>
<doc>Pauses the test executed for the given time.</doc>
<status status="PASS" start="2026-02-18T16:28:01.572601" elapsed="0.701628"/>
</kw>
<kw name="Input Text" owner="SeleniumLibrary">
<msg time="2026-02-18T16:28:02.274229" level="INFO">Typing text 'secret_sauce' into text field 'id=password'.</msg>
<arg>id=password</arg>
<arg>${PASSWORD}</arg>
<doc>Types the given ``text`` into the text field identified by ``locator``.</doc>
<status status="PASS" start="2026-02-18T16:28:02.274229" elapsed="0.095745"/>
</kw>
<kw name="Sleep" owner="BuiltIn">
<msg time="2026-02-18T16:28:03.071402" level="INFO">Slept 700 milliseconds.</msg>
<arg>${DELAY}</arg>
<doc>Pauses the test executed for the given time.</doc>
<status status="PASS" start="2026-02-18T16:28:02.369974" elapsed="0.701428"/>
</kw>
<kw name="Click Button" owner="SeleniumLibrary">
<msg time="2026-02-18T16:28:03.072427" level="INFO">Clicking button 'id=login-button'.</msg>
<arg>id=login-button</arg>
<doc>Clicks the button identified by ``locator``.</doc>
<status status="PASS" start="2026-02-18T16:28:03.071402" elapsed="0.123852"/>
</kw>
<kw name="Wait Until Page Contains Element" owner="SeleniumLibrary">
<arg>css=.inventory_list</arg>
<doc>Waits until the element ``locator`` appears on the current page.</doc>
<status status="PASS" start="2026-02-18T16:28:03.195254" elapsed="0.011691"/>
</kw>
<kw name="Sleep" owner="BuiltIn">
<msg time="2026-02-18T16:28:03.908323" level="INFO">Slept 700 milliseconds.</msg>
<arg>${DELAY}</arg>
<doc>Pauses the test executed for the given time.</doc>
<status status="PASS" start="2026-02-18T16:28:03.207944" elapsed="0.700379"/>
</kw>
<status status="PASS" start="2026-02-18T16:28:01.460488" elapsed="2.447835"/>
</kw>
<kw name="Location Should Contain" owner="SeleniumLibrary">
<msg time="2026-02-18T16:28:03.916351" level="INFO">Current location contains 'inventory'.</msg>
<arg>inventory</arg>
<doc>Verifies that the current URL contains ``expected``.</doc>
<status status="PASS" start="2026-02-18T16:28:03.908835" elapsed="0.007516"/>
</kw>
<status status="PASS" start="2026-02-18T16:28:01.459481" elapsed="2.456870"/>
</test>
<kw name="Close Website" owner="ecommerce_keywords" type="TEARDOWN">
<kw name="Sleep" owner="BuiltIn">
<msg time="2026-02-18T16:28:04.619425" level="INFO">Slept 700 milliseconds.</msg>
<arg>${DELAY}</arg>
<doc>Pauses the test executed for the given time.</doc>
<status status="PASS" start="2026-02-18T16:28:03.918884" elapsed="0.700541"/>
</kw>
<kw name="Close Browser" owner="SeleniumLibrary">
<doc>Closes the current browser.</doc>
<status status="PASS" start="2026-02-18T16:28:04.619425" elapsed="2.260648"/>
</kw>
<status status="PASS" start="2026-02-18T16:28:03.917867" elapsed="2.962206"/>
</kw>
<status status="PASS" start="2026-02-18T16:27:58.888473" elapsed="7.991600"/>
</suite>
<suite id="s1-s3" name="02 Product" source="C:\Users\prase\OneDrive\Desktop\PythonProject\Ecommerce\robot-framework\tests\02_product.robot">
<kw name="Open Website" owner="ecommerce_keywords" type="SETUP">
<if>
<branch type="IF" condition="'${BROWSER}' == 'Chrome'">
<kw name="Evaluate" owner="BuiltIn">
<var>${options}</var>
<arg>sys.modules['selenium.webdriver'].ChromeOptions()</arg>
<arg>sys, selenium.webdriver</arg>
<doc>Evaluates the given expression in Python and returns the result.</doc>
<status status="NOT RUN" start="2026-02-18T16:28:06.886130" elapsed="0.000000"/>
</kw>
<kw name="Evaluate" owner="BuiltIn">
<var>${temp_dir}</var>
<arg>__import__('tempfile').mkdtemp()</arg>
<doc>Evaluates the given expression in Python and returns the result.</doc>
<status status="NOT RUN" start="2026-02-18T16:28:06.886130" elapsed="0.000000"/>
</kw>
<kw name="Create Dictionary" owner="BuiltIn">
<var>${prefs}</var>
<arg>credentials_enable_service=False</arg>
<arg>profile.password_manager_enabled=False</arg>
<arg>profile.default_content_setting_values.notifications=2</arg>
<doc>Creates and returns a dictionary based on the given ``items``.</doc>
<status status="NOT RUN" start="2026-02-18T16:28:06.886130" elapsed="0.000000"/>
</kw>
<kw name="Call Method" owner="BuiltIn">
<arg>${options}</arg>
<arg>add_experimental_option</arg>
<arg>prefs</arg>
<arg>${prefs}</arg>
<doc>Calls the named method of the given object with the provided arguments.</doc>
<status status="NOT RUN" start="2026-02-18T16:28:06.886130" elapsed="0.000000"/>
</kw>
<kw name="Set Variable" owner="BuiltIn">
<var>${incognito}</var>
<arg>--incognito</arg>
<doc>Returns the given values which can then be assigned to a variables.</doc>
<status status="NOT RUN" start="2026-02-18T16:28:06.886130" elapsed="0.000000"/>
</kw>
<kw name="Set Variable" owner="BuiltIn">
<var>${disable_pw}</var>
<arg>--disable-features=PasswordLeakDetection</arg>
<doc>Returns the given values which can then be assigned to a variables.</doc>
<status status="NOT RUN" start="2026-02-18T16:28:06.887126" elapsed="0.000000"/>
</kw>
<kw name="Set Variable" owner="BuiltIn">
<var>${disable_notify}</var>
<arg>--disable-notifications</arg>
<doc>Returns the given values which can then be assigned to a variables.</doc>
<status status="NOT RUN" start="2026-02-18T16:28:06.887126" elapsed="0.000000"/>
</kw>
<kw name="Set Variable" owner="BuiltIn">
<var>${no_first}</var>
<arg>--no-first-run</arg>
<doc>Returns the given values which can then be assigned to a variables.</doc>
<status status="NOT RUN" start="2026-02-18T16:28:06.887126" elapsed="0.000000"/>
</kw>
<kw name="Set Variable" owner="BuiltIn">
<var>${no_default}</var>
<arg>--no-default-browser-check</arg>
<doc>Returns the given values which can then be assigned to a variables.</doc>
<status status="NOT RUN" start="2026-02-18T16:28:06.887126" elapsed="0.000000"/>
</kw>
<kw name="Set Variable" owner="BuiltIn">
<var>${maximize}</var>
<arg>--start-maximized</arg>
<doc>Returns the given values which can then be assigned to a variables.</doc>
<status status="NOT RUN" start="2026-02-18T16:28:06.887126" elapsed="0.000000"/>
</kw>
<kw name="Set Variable" owner="BuiltIn">
<var>${profile}</var>
<arg>--user-data-dir=${temp_dir}</arg>
<doc>Returns the given values which can then be assigned to a variables.</doc>
<status status="NOT RUN" start="2026-02-18T16:28:06.887126" elapsed="0.000000"/>
</kw>
<kw name="Call Method" owner="BuiltIn">
<arg>${options}</arg>
<arg>add_argument</arg>
<arg>${incognito}</arg>
<doc>Calls the named method of the given object with the provided arguments.</doc>
<status status="NOT RUN" start="2026-02-18T16:28:06.887126" elapsed="0.000000"/>
</kw>
<kw name="Call Method" owner="BuiltIn">
<arg>${options}</arg>
<arg>add_argument</arg>
<arg>${disable_pw}</arg>
<doc>Calls the named method of the given object with the provided arguments.</doc>
<status status="NOT RUN" start="2026-02-18T16:28:06.887126" elapsed="0.000997"/>
</kw>
<kw name="Call Method" owner="BuiltIn">
<arg>${options}</arg>
<arg>add_argument</arg>
<arg>${disable_notify}</arg>
<doc>Calls the named method of the given object with the provided arguments.</doc>
<status status="NOT RUN" start="2026-02-18T16:28:06.888123" elapsed="0.000000"/>
</kw>
<kw name="Call Method" owner="BuiltIn">
<arg>${options}</arg>
<arg>add_argument</arg>
<arg>${no_first}</arg>
<doc>Calls the named method of the given object with the provided arguments.</doc>
<status status="NOT RUN" start="2026-02-18T16:28:06.888123" elapsed="0.000000"/>
</kw>
<kw name="Call Method" owner="BuiltIn">
<arg>${options}</arg>
<arg>add_argument</arg>
<arg>${no_default}</arg>
<doc>Calls the named method of the given object with the provided arguments.</doc>
<status status="NOT RUN" start="2026-02-18T16:28:06.888123" elapsed="0.000000"/>
</kw>
<kw name="Call Method" owner="BuiltIn">
<arg>${options}</arg>
<arg>add_argument</arg>
<arg>${maximize}</arg>
<doc>Calls the named method of the given object with the provided arguments.</doc>
<status status="NOT RUN" start="2026-02-18T16:28:06.888123" elapsed="0.000000"/>
</kw>
<kw name="Call Method" owner="BuiltIn">
<arg>${options}</arg>
<arg>add_argument</arg>
<arg>${profile}</arg>
<doc>Calls the named method of the given object with the provided arguments.</doc>
<status status="NOT RUN" start="2026-02-18T16:28:06.888123" elapsed="0.000000"/>
</kw>
<kw name="Create Webdriver" owner="SeleniumLibrary">
<arg>Chrome</arg>
<arg>options=${options}</arg>
<doc>Creates an instance of Selenium WebDriver.</doc>
<status status="NOT RUN" start="2026-02-18T16:28:06.888123" elapsed="0.000000"/>
</kw>
<kw name="Go To" owner="SeleniumLibrary">
<arg>${URL}</arg>
<doc>Navigates the current browser window to the provided ``url``.</doc>
<status status="NOT RUN" start="2026-02-18T16:28:06.888123" elapsed="0.000000"/>
</kw>
<status status="NOT RUN" start="2026-02-18T16:28:06.886130" elapsed="0.001993"/>
</branch>
<branch type="ELSE IF" condition="'${BROWSER}' == 'Edge'">
<kw name="Open Browser" owner="SeleniumLibrary">
<msg time="2026-02-18T16:28:06.889123" level="INFO">Opening browser 'Edge' to base url 'https://www.saucedemo.com/'.</msg>
<arg>${URL}</arg>
<arg>Edge</arg>
<doc>Opens a new browser instance to the optional ``url``.</doc>
<status status="PASS" start="2026-02-18T16:28:06.889123" elapsed="1.829022"/>
</kw>
<kw name="Maximize Browser Window" owner="SeleniumLibrary">
<doc>Maximizes current browser window.</doc>
<status status="PASS" start="2026-02-18T16:28:08.719145" elapsed="0.047363"/>
</kw>
<status status="PASS" start="2026-02-18T16:28:06.888123" elapsed="1.878385"/>
</branch>
<branch type="ELSE IF" condition="'${BROWSER}' == 'Firefox'">
<kw name="Evaluate" owner="BuiltIn">
<var>${ff_options}</var>
<arg>sys.modules['selenium.webdriver'].FirefoxOptions()</arg>
<arg>sys, selenium.webdriver</arg>
<doc>Evaluates the given expression in Python and returns the result.</doc>
<status status="NOT RUN" start="2026-02-18T16:28:08.767522" elapsed="0.000000"/>
</kw>
<kw name="Call Method" owner="BuiltIn">
<arg>${ff_options}</arg>
<arg>add_argument</arg>
<arg>-private</arg>
<doc>Calls the named method of the given object with the provided arguments.</doc>
<status status="NOT RUN" start="2026-02-18T16:28:08.767522" elapsed="0.000000"/>
</kw>
<kw name="Create Webdriver" owner="SeleniumLibrary">
<arg>Firefox</arg>
<arg>options=${ff_options}</arg>
<doc>Creates an instance of Selenium WebDriver.</doc>
<status status="NOT RUN" start="2026-02-18T16:28:08.767522" elapsed="0.000000"/>
</kw>
<kw name="Go To" owner="SeleniumLibrary">
<arg>${URL}</arg>
<doc>Navigates the current browser window to the provided ``url``.</doc>
<status status="NOT RUN" start="2026-02-18T16:28:08.767522" elapsed="0.000000"/>
</kw>
<status status="NOT RUN" start="2026-02-18T16:28:08.766508" elapsed="0.002019"/>
</branch>
<status status="PASS" start="2026-02-18T16:28:06.886130" elapsed="1.882397"/>
</if>
<kw name="Wait Until Element Is Visible" owner="SeleniumLibrary">
<arg>id=user-name</arg>
<arg>timeout=10s</arg>
<doc>Waits until the element ``locator`` is visible.</doc>
<status status="PASS" start="2026-02-18T16:28:08.768527" elapsed="0.032215"/>
</kw>
<kw name="Sleep" owner="BuiltIn">
<msg time="2026-02-18T16:28:09.501013" level="INFO">Slept 700 milliseconds.</msg>
<arg>${DELAY}</arg>
<doc>Pauses the test executed for the given time.</doc>
<status status="PASS" start="2026-02-18T16:28:08.800742" elapsed="0.700271"/>
</kw>
<status status="PASS" start="2026-02-18T16:28:06.886130" elapsed="2.614883"/>
</kw>
<test id="s1-s3-t1" name="User Can View Product Details" line="7">
<kw name="Login To Application" owner="ecommerce_keywords">
<kw name="Input Text" owner="SeleniumLibrary">
<msg time="2026-02-18T16:28:09.502195" level="INFO">Typing text 'standard_user' into text field 'id=user-name'.</msg>
<arg>id=user-name</arg>
<arg>${USERNAME}</arg>
<doc>Types the given ``text`` into the text field identified by ``locator``.</doc>
<status status="PASS" start="2026-02-18T16:28:09.502195" elapsed="0.120700"/>
</kw>
<kw name="Sleep" owner="BuiltIn">
<msg time="2026-02-18T16:28:10.323214" level="INFO">Slept 700 milliseconds.</msg>
<arg>${DELAY}</arg>
<doc>Pauses the test executed for the given time.</doc>
<status status="PASS" start="2026-02-18T16:28:09.622895" elapsed="0.700319"/>
</kw>
<kw name="Input Text" owner="SeleniumLibrary">
<msg time="2026-02-18T16:28:10.323721" level="INFO">Typing text 'secret_sauce' into text field 'id=password'.</msg>
<arg>id=password</arg>
<arg>${PASSWORD}</arg>
<doc>Types the given ``text`` into the text field identified by ``locator``.</doc>
<status status="PASS" start="2026-02-18T16:28:10.323214" elapsed="0.123397"/>
</kw>
<kw name="Sleep" owner="BuiltIn">
<msg time="2026-02-18T16:28:11.147795" level="INFO">Slept 700 milliseconds.</msg>
<arg>${DELAY}</arg>
<doc>Pauses the test executed for the given time.</doc>
<status status="PASS" start="2026-02-18T16:28:10.446611" elapsed="0.701184"/>
</kw>
<kw name="Click Button" owner="SeleniumLibrary">
<msg time="2026-02-18T16:28:11.147795" level="INFO">Clicking button 'id=login-button'.</msg>
<arg>id=login-button</arg>
<doc>Clicks the button identified by ``locator``.</doc>
<status status="PASS" start="2026-02-18T16:28:11.147795" elapsed="0.148492"/>
</kw>
<kw name="Wait Until Page Contains Element" owner="SeleniumLibrary">
<arg>css=.inventory_list</arg>
<doc>Waits until the element ``locator`` appears on the current page.</doc>
<status status="PASS" start="2026-02-18T16:28:11.296287" elapsed="0.013537"/>
</kw>
<kw name="Sleep" owner="BuiltIn">
<msg time="2026-02-18T16:28:12.010955" level="INFO">Slept 700 milliseconds.</msg>
<arg>${DELAY}</arg>
<doc>Pauses the test executed for the given time.</doc>
<status status="PASS" start="2026-02-18T16:28:11.309824" elapsed="0.701131"/>
</kw>
<status status="PASS" start="2026-02-18T16:28:09.501013" elapsed="2.509942"/>
</kw>
<kw name="Click Element" owner="SeleniumLibrary">
<msg time="2026-02-18T16:28:12.012051" level="INFO">Clicking element 'xpath=//div[text()='Sauce Labs Backpack']'.</msg>
<arg>xpath=//div[text()='Sauce Labs Backpack']</arg>
<doc>Click the element identified by ``locator``.</doc>
<status status="PASS" start="2026-02-18T16:28:12.010955" elapsed="0.091070"/>
</kw>
<kw name="Wait Until Element Is Visible" owner="SeleniumLibrary">
<arg>css=.inventory_details_name</arg>
<doc>Waits until the element ``locator`` is visible.</doc>
<status status="PASS" start="2026-02-18T16:28:12.102025" elapsed="0.022438"/>
</kw>
<kw name="Sleep" owner="BuiltIn">
<msg time="2026-02-18T16:28:12.825997" level="INFO">Slept 700 milliseconds.</msg>
<arg>${DELAY}</arg>
<doc>Pauses the test executed for the given time.</doc>
<status status="PASS" start="2026-02-18T16:28:12.125478" elapsed="0.700519"/>
</kw>
<kw name="Element Should Be Visible" owner="SeleniumLibrary">
<msg time="2026-02-18T16:28:12.845492" level="INFO">Element 'css=.inventory_details_price' is displayed.</msg>
<arg>css=.inventory_details_price</arg>
<doc>Verifies that the element identified by ``locator`` is visible.</doc>
<status status="PASS" start="2026-02-18T16:28:12.827026" elapsed="0.018466"/>
</kw>
<status status="PASS" start="2026-02-18T16:28:09.501013" elapsed="3.344479"/>
</test>
<kw name="Close Website" owner="ecommerce_keywords" type="TEARDOWN">
<kw name="Sleep" owner="BuiltIn">
<msg time="2026-02-18T16:28:13.546764" level="INFO">Slept 700 milliseconds.</msg>
<arg>${DELAY}</arg>
<doc>Pauses the test executed for the given time.</doc>
<status status="PASS" start="2026-02-18T16:28:12.846484" elapsed="0.700280"/>
</kw>
<kw name="Close Browser" owner="SeleniumLibrary">
<doc>Closes the current browser.</doc>
<status status="PASS" start="2026-02-18T16:28:13.546764" elapsed="2.264150"/>
</kw>
<status status="PASS" start="2026-02-18T16:28:12.846484" elapsed="2.964430"/>
</kw>
<status status="PASS" start="2026-02-18T16:28:06.881049" elapsed="8.929865"/>
</suite>
<suite id="s1-s4" name="03 Add To Cart" source="C:\Users\prase\OneDrive\Desktop\PythonProject\Ecommerce\robot-framework\tests\03_add_to_cart.robot">
<kw name="Open Website" owner="ecommerce_keywords" type="SETUP">
<if>
<branch type="IF" condition="'${BROWSER}' == 'Chrome'">
<kw name="Evaluate" owner="BuiltIn">
<var>${options}</var>
<arg>sys.modules['selenium.webdriver'].ChromeOptions()</arg>
<arg>sys, selenium.webdriver</arg>
<doc>Evaluates the given expression in Python and returns the result.</doc>
<status status="NOT RUN" start="2026-02-18T16:28:15.818544" elapsed="0.000000"/>
</kw>
<kw name="Evaluate" owner="BuiltIn">
<var>${temp_dir}</var>
<arg>__import__('tempfile').mkdtemp()</arg>
<doc>Evaluates the given expression in Python and returns the result.</doc>
<status status="NOT RUN" start="2026-02-18T16:28:15.818544" elapsed="0.000000"/>
</kw>
<kw name="Create Dictionary" owner="BuiltIn">
<var>${prefs}</var>
<arg>credentials_enable_service=False</arg>
<arg>profile.password_manager_enabled=False</arg>
<arg>profile.default_content_setting_values.notifications=2</arg>
<doc>Creates and returns a dictionary based on the given ``items``.</doc>
<status status="NOT RUN" start="2026-02-18T16:28:15.818544" elapsed="0.000000"/>
</kw>
<kw name="Call Method" owner="BuiltIn">
<arg>${options}</arg>
<arg>add_experimental_option</arg>
<arg>prefs</arg>
<arg>${prefs}</arg>
<doc>Calls the named method of the given object with the provided arguments.</doc>
<status status="NOT RUN" start="2026-02-18T16:28:15.818544" elapsed="0.000000"/>
</kw>
<kw name="Set Variable" owner="BuiltIn">
<var>${incognito}</var>
<arg>--incognito</arg>
<doc>Returns the given values which can then be assigned to a variables.</doc>
<status status="NOT RUN" start="2026-02-18T16:28:15.818544" elapsed="0.000000"/>
</kw>
<kw name="Set Variable" owner="BuiltIn">
<var>${disable_pw}</var>
<arg>--disable-features=PasswordLeakDetection</arg>
<doc>Returns the given values which can then be assigned to a variables.</doc>
<status status="NOT RUN" start="2026-02-18T16:28:15.818544" elapsed="0.000984"/>
</kw>
<kw name="Set Variable" owner="BuiltIn">
<var>${disable_notify}</var>
<arg>--disable-notifications</arg>
<doc>Returns the given values which can then be assigned to a variables.</doc>
<status status="NOT RUN" start="2026-02-18T16:28:15.819528" elapsed="0.000000"/>
</kw>
<kw name="Set Variable" owner="BuiltIn">
<var>${no_first}</var>
<arg>--no-first-run</arg>
<doc>Returns the given values which can then be assigned to a variables.</doc>
<status status="NOT RUN" start="2026-02-18T16:28:15.819528" elapsed="0.000000"/>
</kw>
<kw name="Set Variable" owner="BuiltIn">
<var>${no_default}</var>
<arg>--no-default-browser-check</arg>
<doc>Returns the given values which can then be assigned to a variables.</doc>
<status status="NOT RUN" start="2026-02-18T16:28:15.819528" elapsed="0.000000"/>
</kw>
<kw name="Set Variable" owner="BuiltIn">
<var>${maximize}</var>
<arg>--start-maximized</arg>
<doc>Returns the given values which can then be assigned to a variables.</doc>
<status status="NOT RUN" start="2026-02-18T16:28:15.819528" elapsed="0.000000"/>
</kw>
<kw name="Set Variable" owner="BuiltIn">
<var>${profile}</var>
<arg>--user-data-dir=${temp_dir}</arg>
<doc>Returns the given values which can then be assigned to a variables.</doc>
<status status="NOT RUN" start="2026-02-18T16:28:15.819528" elapsed="0.000000"/>
</kw>
<kw name="Call Method" owner="BuiltIn">
<arg>${options}</arg>
<arg>add_argument</arg>
<arg>${incognito}</arg>
<doc>Calls the named method of the given object with the provided arguments.</doc>
<status status="NOT RUN" start="2026-02-18T16:28:15.819528" elapsed="0.000000"/>
</kw>
<kw name="Call Method" owner="BuiltIn">
<arg>${options}</arg>
<arg>add_argument</arg>
<arg>${disable_pw}</arg>
<doc>Calls the named method of the given object with the provided arguments.</doc>
<status status="NOT RUN" start="2026-02-18T16:28:15.819528" elapsed="0.000000"/>
</kw>
<kw name="Call Method" owner="BuiltIn">
<arg>${options}</arg>
<arg>add_argument</arg>
<arg>${disable_notify}</arg>
<doc>Calls the named method of the given object with the provided arguments.</doc>
<status status="NOT RUN" start="2026-02-18T16:28:15.820539" elapsed="0.000000"/>
</kw>
<kw name="Call Method" owner="BuiltIn">
<arg>${options}</arg>
<arg>add_argument</arg>
<arg>${no_first}</arg>
<doc>Calls the named method of the given object with the provided arguments.</doc>
<status status="NOT RUN" start="2026-02-18T16:28:15.820539" elapsed="0.000000"/>
</kw>
<kw name="Call Method" owner="BuiltIn">
<arg>${options}</arg>
<arg>add_argument</arg>
<arg>${no_default}</arg>
<doc>Calls the named method of the given object with the provided arguments.</doc>
<status status="NOT RUN" start="2026-02-18T16:28:15.820539" elapsed="0.000000"/>
</kw>
<kw name="Call Method" owner="BuiltIn">
<arg>${options}</arg>
<arg>add_argument</arg>
<arg>${maximize}</arg>
<doc>Calls the named method of the given object with the provided arguments.</doc>
<status status="NOT RUN" start="2026-02-18T16:28:15.820539" elapsed="0.000000"/>
</kw>
<kw name="Call Method" owner="BuiltIn">
<arg>${options}</arg>
<arg>add_argument</arg>
<arg>${profile}</arg>
<doc>Calls the named method of the given object with the provided arguments.</doc>
<status status="NOT RUN" start="2026-02-18T16:28:15.820539" elapsed="0.000000"/>
</kw>
<kw name="Create Webdriver" owner="SeleniumLibrary">
<arg>Chrome</arg>
<arg>options=${options}</arg>
<doc>Creates an instance of Selenium WebDriver.</doc>
<status status="NOT RUN" start="2026-02-18T16:28:15.820539" elapsed="0.000000"/>
</kw>
<kw name="Go To" owner="SeleniumLibrary">
<arg>${URL}</arg>
<doc>Navigates the current browser window to the provided ``url``.</doc>
<status status="NOT RUN" start="2026-02-18T16:28:15.820539" elapsed="0.000000"/>
</kw>
<status status="NOT RUN" start="2026-02-18T16:28:15.818544" elapsed="0.001995"/>
</branch>
<branch type="ELSE IF" condition="'${BROWSER}' == 'Edge'">
<kw name="Open Browser" owner="SeleniumLibrary">
<msg time="2026-02-18T16:28:15.821518" level="INFO">Opening browser 'Edge' to base url 'https://www.saucedemo.com/'.</msg>
<arg>${URL}</arg>
<arg>Edge</arg>
<doc>Opens a new browser instance to the optional ``url``.</doc>
<status status="PASS" start="2026-02-18T16:28:15.820539" elapsed="1.757132"/>
</kw>
<kw name="Maximize Browser Window" owner="SeleniumLibrary">
<doc>Maximizes current browser window.</doc>
<status status="PASS" start="2026-02-18T16:28:17.577671" elapsed="0.034808"/>
</kw>
<status status="PASS" start="2026-02-18T16:28:15.820539" elapsed="1.791940"/>
</branch>
<branch type="ELSE IF" condition="'${BROWSER}' == 'Firefox'">
<kw name="Evaluate" owner="BuiltIn">
<var>${ff_options}</var>
<arg>sys.modules['selenium.webdriver'].FirefoxOptions()</arg>
<arg>sys, selenium.webdriver</arg>
<doc>Evaluates the given expression in Python and returns the result.</doc>
<status status="NOT RUN" start="2026-02-18T16:28:17.612479" elapsed="0.000000"/>
</kw>
<kw name="Call Method" owner="BuiltIn">
<arg>${ff_options}</arg>
<arg>add_argument</arg>
<arg>-private</arg>
<doc>Calls the named method of the given object with the provided arguments.</doc>
<status status="NOT RUN" start="2026-02-18T16:28:17.612479" elapsed="0.000000"/>
</kw>
<kw name="Create Webdriver" owner="SeleniumLibrary">
<arg>Firefox</arg>
<arg>options=${ff_options}</arg>
<doc>Creates an instance of Selenium WebDriver.</doc>
<status status="NOT RUN" start="2026-02-18T16:28:17.612479" elapsed="0.000000"/>
</kw>
<kw name="Go To" owner="SeleniumLibrary">
<arg>${URL}</arg>
<doc>Navigates the current browser window to the provided ``url``.</doc>
<status status="NOT RUN" start="2026-02-18T16:28:17.613480" elapsed="0.000000"/>
</kw>
<status status="NOT RUN" start="2026-02-18T16:28:17.612479" elapsed="0.001001"/>
</branch>
<status status="PASS" start="2026-02-18T16:28:15.818544" elapsed="1.794936"/>
</if>
<kw name="Wait Until Element Is Visible" owner="SeleniumLibrary">
<arg>id=user-name</arg>
<arg>timeout=10s</arg>
<doc>Waits until the element ``locator`` is visible.</doc>
<status status="PASS" start="2026-02-18T16:28:17.613480" elapsed="0.028866"/>
</kw>
<kw name="Sleep" owner="BuiltIn">
<msg time="2026-02-18T16:28:18.343450" level="INFO">Slept 700 milliseconds.</msg>
<arg>${DELAY}</arg>
<doc>Pauses the test executed for the given time.</doc>
<status status="PASS" start="2026-02-18T16:28:17.642346" elapsed="0.701104"/>
</kw>
<status status="PASS" start="2026-02-18T16:28:15.817527" elapsed="2.525923"/>
</kw>
<test id="s1-s4-t1" name="User Can Add Four Products To Cart" line="7">
<kw name="Login To Application" owner="ecommerce_keywords">
<kw name="Input Text" owner="SeleniumLibrary">
<msg time="2026-02-18T16:28:18.344968" level="INFO">Typing text 'standard_user' into text field 'id=user-name'.</msg>
<arg>id=user-name</arg>
<arg>${USERNAME}</arg>
<doc>Types the given ``text`` into the text field identified by ``locator``.</doc>
<status status="PASS" start="2026-02-18T16:28:18.344968" elapsed="0.129563"/>
</kw>
<kw name="Sleep" owner="BuiltIn">
<msg time="2026-02-18T16:28:19.175603" level="INFO">Slept 700 milliseconds.</msg>
<arg>${DELAY}</arg>
<doc>Pauses the test executed for the given time.</doc>
<status status="PASS" start="2026-02-18T16:28:18.475043" elapsed="0.700560"/>
</kw>
<kw name="Input Text" owner="SeleniumLibrary">
<msg time="2026-02-18T16:28:19.175603" level="INFO">Typing text 'secret_sauce' into text field 'id=password'.</msg>
<arg>id=password</arg>
<arg>${PASSWORD}</arg>
<doc>Types the given ``text`` into the text field identified by ``locator``.</doc>
<status status="PASS" start="2026-02-18T16:28:19.175603" elapsed="0.108015"/>
</kw>
<kw name="Sleep" owner="BuiltIn">
<msg time="2026-02-18T16:28:19.985800" level="INFO">Slept 700 milliseconds.</msg>
<arg>${DELAY}</arg>
<doc>Pauses the test executed for the given time.</doc>
<status status="PASS" start="2026-02-18T16:28:19.284630" elapsed="0.701170"/>
</kw>
<kw name="Click Button" owner="SeleniumLibrary">
<msg time="2026-02-18T16:28:19.985800" level="INFO">Clicking button 'id=login-button'.</msg>
<arg>id=login-button</arg>
<doc>Clicks the button identified by ``locator``.</doc>
<status status="PASS" start="2026-02-18T16:28:19.985800" elapsed="0.128778"/>
</kw>
<kw name="Wait Until Page Contains Element" owner="SeleniumLibrary">
<arg>css=.inventory_list</arg>
<doc>Waits until the element ``locator`` appears on the current page.</doc>
<status status="PASS" start="2026-02-18T16:28:20.115095" elapsed="0.025671"/>
</kw>
<kw name="Sleep" owner="BuiltIn">
<msg time="2026-02-18T16:28:20.842442" level="INFO">Slept 700 milliseconds.</msg>
<arg>${DELAY}</arg>
<doc>Pauses the test executed for the given time.</doc>
<status status="PASS" start="2026-02-18T16:28:20.140766" elapsed="0.701676"/>
</kw>
<status status="PASS" start="2026-02-18T16:28:18.344968" elapsed="2.497985"/>
</kw>
<kw name="Add Four Products To Cart" owner="ecommerce_keywords">
<kw name="Get WebElements" owner="SeleniumLibrary">
<msg time="2026-02-18T16:28:20.855790" level="INFO">${buttons} = [&lt;selenium.webdriver.remote.webelement.WebElement (session="ba232af096bb1b8732c645fa7958a875", element="f.874683AF2A2A5366EE3B72C7AD5D490D.d.4992CDAE3DF7935F5E71FF6C0C476EE2.e.28")&gt;, &lt;selenium.webdriv...</msg>
<var>${buttons}</var>
<arg>xpath=//button[contains(text(),'Add to cart')]</arg>
<doc>Returns a list of WebElement objects matching the ``locator``.</doc>
<status status="PASS" start="2026-02-18T16:28:20.842953" elapsed="0.012837"/>
</kw>
<for flavor="IN RANGE">
<iter>
<kw name="Click Element" owner="SeleniumLibrary">
<msg time="2026-02-18T16:28:20.855790" level="INFO">Clicking element '&lt;selenium.webdriver.remote.webelement.WebElement (session="ba232af096bb1b8732c645fa7958a875", element="f.874683AF2A2A5366EE3B72C7AD5D490D.d.4992CDAE3DF7935F5E71FF6C0C476EE2.e.28")&gt;'.</msg>
<arg>${buttons}[${index}]</arg>
<doc>Click the element identified by ``locator``.</doc>
<status status="PASS" start="2026-02-18T16:28:20.855790" elapsed="0.052766"/>
</kw>
<kw name="Sleep" owner="BuiltIn">
<msg time="2026-02-18T16:28:21.609661" level="INFO">Slept 700 milliseconds.</msg>
<arg>${DELAY}</arg>
<doc>Pauses the test executed for the given time.</doc>
<status status="PASS" start="2026-02-18T16:28:20.908556" elapsed="0.701105"/>
</kw>
<var name="${index}">0</var>
<status status="PASS" start="2026-02-18T16:28:20.855790" elapsed="0.753871"/>
</iter>
<iter>
<kw name="Click Element" owner="SeleniumLibrary">
<msg time="2026-02-18T16:28:21.610173" level="INFO">Clicking element '&lt;selenium.webdriver.remote.webelement.WebElement (session="ba232af096bb1b8732c645fa7958a875", element="f.874683AF2A2A5366EE3B72C7AD5D490D.d.4992CDAE3DF7935F5E71FF6C0C476EE2.e.29")&gt;'.</msg>
<arg>${buttons}[${index}]</arg>
<doc>Click the element identified by ``locator``.</doc>
<status status="PASS" start="2026-02-18T16:28:21.610173" elapsed="0.050785"/>
</kw>
<kw name="Sleep" owner="BuiltIn">
<msg time="2026-02-18T16:28:22.361160" level="INFO">Slept 700 milliseconds.</msg>
<arg>${DELAY}</arg>
<doc>Pauses the test executed for the given time.</doc>
<status status="PASS" start="2026-02-18T16:28:21.660958" elapsed="0.700202"/>
</kw>
<var name="${index}">1</var>
<status status="PASS" start="2026-02-18T16:28:21.609661" elapsed="0.751499"/>
</iter>
<iter>
<kw name="Click Element" owner="SeleniumLibrary">
<msg time="2026-02-18T16:28:22.361160" level="INFO">Clicking element '&lt;selenium.webdriver.remote.webelement.WebElement (session="ba232af096bb1b8732c645fa7958a875", element="f.874683AF2A2A5366EE3B72C7AD5D490D.d.4992CDAE3DF7935F5E71FF6C0C476EE2.e.30")&gt;'.</msg>
<arg>${buttons}[${index}]</arg>
<doc>Click the element identified by ``locator``.</doc>
<status status="PASS" start="2026-02-18T16:28:22.361160" elapsed="0.057704"/>
</kw>
<kw name="Sleep" owner="BuiltIn">
<msg time="2026-02-18T16:28:23.120328" level="INFO">Slept 700 milliseconds.</msg>
<arg>${DELAY}</arg>
<doc>Pauses the test executed for the given time.</doc>
<status status="PASS" start="2026-02-18T16:28:22.418864" elapsed="0.701464"/>
</kw>
<var name="${index}">2</var>
<status status="PASS" start="2026-02-18T16:28:22.361160" elapsed="0.759168"/>
</iter>
<iter>
<kw name="Click Element" owner="SeleniumLibrary">
<msg time="2026-02-18T16:28:23.120842" level="INFO">Clicking element '&lt;selenium.webdriver.remote.webelement.WebElement (session="ba232af096bb1b8732c645fa7958a875", element="f.874683AF2A2A5366EE3B72C7AD5D490D.d.4992CDAE3DF7935F5E71FF6C0C476EE2.e.31")&gt;'.</msg>
<arg>${buttons}[${index}]</arg>
<doc>Click the element identified by ``locator``.</doc>
<status status="PASS" start="2026-02-18T16:28:23.120842" elapsed="0.047252"/>
</kw>
<kw name="Sleep" owner="BuiltIn">
<msg time="2026-02-18T16:28:23.869495" level="INFO">Slept 700 milliseconds.</msg>
<arg>${DELAY}</arg>
<doc>Pauses the test executed for the given time.</doc>
<status status="PASS" start="2026-02-18T16:28:23.168094" elapsed="0.701401"/>
</kw>
<var name="${index}">3</var>
<status status="PASS" start="2026-02-18T16:28:23.120328" elapsed="0.749167"/>
</iter>
<var>${index}</var>
<value>0</value>
<value>4</value>
<status status="PASS" start="2026-02-18T16:28:20.855790" elapsed="3.013705"/>
</for>
<status status="PASS" start="2026-02-18T16:28:20.842953" elapsed="3.026542"/>
</kw>
<kw name="Verify Cart Has Four Items" owner="ecommerce_keywords">
<kw name="Get Text" owner="SeleniumLibrary">
<msg time="2026-02-18T16:28:23.901395" level="INFO">${count} = 4</msg>
<var>${count}</var>
<arg>css=.shopping_cart_badge</arg>
<doc>Returns the text value of the element identified by ``locator``.</doc>
<status status="PASS" start="2026-02-18T16:28:23.871518" elapsed="0.029877"/>
</kw>
<kw name="Should Be Equal" owner="BuiltIn">
<arg>${count}</arg>
<arg>4</arg>
<doc>Fails if the given objects are unequal.</doc>
<status status="PASS" start="2026-02-18T16:28:23.901395" elapsed="0.001014"/>
</kw>
<kw name="Sleep" owner="BuiltIn">
<msg time="2026-02-18T16:28:24.602793" level="INFO">Slept 700 milliseconds.</msg>
<arg>${DELAY}</arg>
<doc>Pauses the test executed for the given time.</doc>
<status status="PASS" start="2026-02-18T16:28:23.902409" elapsed="0.700384"/>
</kw>
<status status="PASS" start="2026-02-18T16:28:23.870512" elapsed="0.732281"/>
</kw>
<kw name="Go To Cart" owner="ecommerce_keywords">
<kw name="Click Element" owner="SeleniumLibrary">
<msg time="2026-02-18T16:28:24.603832" level="INFO">Clicking element 'css=.shopping_cart_link'.</msg>
<arg>css=.shopping_cart_link</arg>
<doc>Click the element identified by ``locator``.</doc>
<status status="PASS" start="2026-02-18T16:28:24.602793" elapsed="0.072879"/>
</kw>
<kw name="Wait Until Page Contains" owner="SeleniumLibrary">
<arg>Your Cart</arg>
<doc>Waits until ``text`` appears on the current page.</doc>
<status status="PASS" start="2026-02-18T16:28:24.675672" elapsed="0.011520"/>
</kw>
<kw name="Sleep" owner="BuiltIn">
<msg time="2026-02-18T16:28:25.387553" level="INFO">Slept 700 milliseconds.</msg>
<arg>${DELAY}</arg>
<doc>Pauses the test executed for the given time.</doc>
<status status="PASS" start="2026-02-18T16:28:24.687192" elapsed="0.700361"/>
</kw>
<status status="PASS" start="2026-02-18T16:28:24.602793" elapsed="0.784760"/>
</kw>
<kw name="Page Should Contain" owner="SeleniumLibrary">
<msg time="2026-02-18T16:28:25.397965" level="INFO">Current page contains text 'Your Cart'.</msg>
<arg>Your Cart</arg>
<doc>Verifies that current page contains ``text``.</doc>
<status status="PASS" start="2026-02-18T16:28:25.387553" elapsed="0.010412"/>
</kw>
<status status="PASS" start="2026-02-18T16:28:18.343450" elapsed="7.055527"/>
</test>
<kw name="Close Website" owner="ecommerce_keywords" type="TEARDOWN">
<kw name="Sleep" owner="BuiltIn">
<msg time="2026-02-18T16:28:26.101187" level="INFO">Slept 700 milliseconds.</msg>
<arg>${DELAY}</arg>
<doc>Pauses the test executed for the given time.</doc>
<status status="PASS" start="2026-02-18T16:28:25.400984" elapsed="0.700203"/>
</kw>
<kw name="Close Browser" owner="SeleniumLibrary">
<doc>Closes the current browser.</doc>
<status status="PASS" start="2026-02-18T16:28:26.101187" elapsed="2.271754"/>
</kw>
<status status="PASS" start="2026-02-18T16:28:25.399965" elapsed="2.972976"/>
</kw>
<status status="PASS" start="2026-02-18T16:28:15.812970" elapsed="12.559971"/>
</suite>
<suite id="s1-s5" name="04 Update Cart" source="C:\Users\prase\OneDrive\Desktop\PythonProject\Ecommerce\robot-framework\tests\04_update_cart.robot">
<kw name="Open Website" owner="ecommerce_keywords" type="SETUP">
<if>
<branch type="IF" condition="'${BROWSER}' == 'Chrome'">
<kw name="Evaluate" owner="BuiltIn">
<var>${options}</var>
<arg>sys.modules['selenium.webdriver'].ChromeOptions()</arg>
<arg>sys, selenium.webdriver</arg>
<doc>Evaluates the given expression in Python and returns the result.</doc>
<status status="NOT RUN" start="2026-02-18T16:28:28.380488" elapsed="0.000000"/>
</kw>
<kw name="Evaluate" owner="BuiltIn">
<var>${temp_dir}</var>
<arg>__import__('tempfile').mkdtemp()</arg>
<doc>Evaluates the given expression in Python and returns the result.</doc>
<status status="NOT RUN" start="2026-02-18T16:28:28.380488" elapsed="0.000000"/>
</kw>
<kw name="Create Dictionary" owner="BuiltIn">
<var>${prefs}</var>
<arg>credentials_enable_service=False</arg>
<arg>profile.password_manager_enabled=False</arg>
<arg>profile.default_content_setting_values.notifications=2</arg>
<doc>Creates and returns a dictionary based on the given ``items``.</doc>
<status status="NOT RUN" start="2026-02-18T16:28:28.380488" elapsed="0.000000"/>
</kw>
<kw name="Call Method" owner="BuiltIn">
<arg>${options}</arg>
<arg>add_experimental_option</arg>
<arg>prefs</arg>
<arg>${prefs}</arg>
<doc>Calls the named method of the given object with the provided arguments.</doc>
<status status="NOT RUN" start="2026-02-18T16:28:28.380488" elapsed="0.000000"/>
</kw>
<kw name="Set Variable" owner="BuiltIn">
<var>${incognito}</var>
<arg>--incognito</arg>
<doc>Returns the given values which can then be assigned to a variables.</doc>
<status status="NOT RUN" start="2026-02-18T16:28:28.380488" elapsed="0.000000"/>
</kw>
<kw name="Set Variable" owner="BuiltIn">
<var>${disable_pw}</var>
<arg>--disable-features=PasswordLeakDetection</arg>
<doc>Returns the given values which can then be assigned to a variables.</doc>
<status status="NOT RUN" start="2026-02-18T16:28:28.380488" elapsed="0.000000"/>
</kw>
<kw name="Set Variable" owner="BuiltIn">
<var>${disable_notify}</var>
<arg>--disable-notifications</arg>
<doc>Returns the given values which can then be assigned to a variables.</doc>
<status status="NOT RUN" start="2026-02-18T16:28:28.380488" elapsed="0.000000"/>
</kw>
<kw name="Set Variable" owner="BuiltIn">
<var>${no_first}</var>
<arg>--no-first-run</arg>
<doc>Returns the given values which can then be assigned to a variables.</doc>
<status status="NOT RUN" start="2026-02-18T16:28:28.380488" elapsed="0.000000"/>
</kw>
<kw name="Set Variable" owner="BuiltIn">
<var>${no_default}</var>
<arg>--no-default-browser-check</arg>
<doc>Returns the given values which can then be assigned to a variables.</doc>
<status status="NOT RUN" start="2026-02-18T16:28:28.381487" elapsed="0.000000"/>
</kw>
<kw name="Set Variable" owner="BuiltIn">
<var>${maximize}</var>
<arg>--start-maximized</arg>
<doc>Returns the given values which can then be assigned to a variables.</doc>
<status status="NOT RUN" start="2026-02-18T16:28:28.381487" elapsed="0.000000"/>
</kw>
<kw name="Set Variable" owner="BuiltIn">
<var>${profile}</var>
<arg>--user-data-dir=${temp_dir}</arg>
<doc>Returns the given values which can then be assigned to a variables.</doc>
<status status="NOT RUN" start="2026-02-18T16:28:28.381487" elapsed="0.000000"/>
</kw>
<kw name="Call Method" owner="BuiltIn">
<arg>${options}</arg>
<arg>add_argument</arg>
<arg>${incognito}</arg>
<doc>Calls the named method of the given object with the provided arguments.</doc>
<status status="NOT RUN" start="2026-02-18T16:28:28.381487" elapsed="0.000000"/>
</kw>
<kw name="Call Method" owner="BuiltIn">
<arg>${options}</arg>
<arg>add_argument</arg>
<arg>${disable_pw}</arg>
<doc>Calls the named method of the given object with the provided arguments.</doc>
<status status="NOT RUN" start="2026-02-18T16:28:28.381487" elapsed="0.000000"/>
</kw>
<kw name="Call Method" owner="BuiltIn">
<arg>${options}</arg>
<arg>add_argument</arg>
<arg>${disable_notify}</arg>
<doc>Calls the named method of the given object with the provided arguments.</doc>
<status status="NOT RUN" start="2026-02-18T16:28:28.381487" elapsed="0.000000"/>
</kw>
<kw name="Call Method" owner="BuiltIn">
<arg>${options}</arg>
<arg>add_argument</arg>
<arg>${no_first}</arg>
<doc>Calls the named method of the given object with the provided arguments.</doc>
<status status="NOT RUN" start="2026-02-18T16:28:28.381487" elapsed="0.000000"/>
</kw>
<kw name="Call Method" owner="BuiltIn">
<arg>${options}</arg>
<arg>add_argument</arg>
<arg>${no_default}</arg>
<doc>Calls the named method of the given object with the provided arguments.</doc>
<status status="NOT RUN" start="2026-02-18T16:28:28.381487" elapsed="0.000000"/>
</kw>
<kw name="Call Method" owner="BuiltIn">
<arg>${options}</arg>
<arg>add_argument</arg>
<arg>${maximize}</arg>
<doc>Calls the named method of the given object with the provided arguments.</doc>
<status status="NOT RUN" start="2026-02-18T16:28:28.381487" elapsed="0.000000"/>
</kw>
<kw name="Call Method" owner="BuiltIn">
<arg>${options}</arg>
<arg>add_argument</arg>
<arg>${profile}</arg>
<doc>Calls the named method of the given object with the provided arguments.</doc>
<status status="NOT RUN" start="2026-02-18T16:28:28.381487" elapsed="0.000000"/>
</kw>
<kw name="Create Webdriver" owner="SeleniumLibrary">
<arg>Chrome</arg>
<arg>options=${options}</arg>
<doc>Creates an instance of Selenium WebDriver.</doc>
<status status="NOT RUN" start="2026-02-18T16:28:28.381487" elapsed="0.000000"/>
</kw>
<kw name="Go To" owner="SeleniumLibrary">
<arg>${URL}</arg>
<doc>Navigates the current browser window to the provided ``url``.</doc>
<status status="NOT RUN" start="2026-02-18T16:28:28.382487" elapsed="0.000000"/>
</kw>
<status status="NOT RUN" start="2026-02-18T16:28:28.379482" elapsed="0.003005"/>
</branch>
<branch type="ELSE IF" condition="'${BROWSER}' == 'Edge'">
<kw name="Open Browser" owner="SeleniumLibrary">
<msg time="2026-02-18T16:28:28.382487" level="INFO">Opening browser 'Edge' to base url 'https://www.saucedemo.com/'.</msg>
<arg>${URL}</arg>
<arg>Edge</arg>
<doc>Opens a new browser instance to the optional ``url``.</doc>
<status status="PASS" start="2026-02-18T16:28:28.382487" elapsed="1.762596"/>
</kw>
<kw name="Maximize Browser Window" owner="SeleniumLibrary">
<doc>Maximizes current browser window.</doc>
<status status="PASS" start="2026-02-18T16:28:30.145083" elapsed="0.048583"/>
</kw>
<status status="PASS" start="2026-02-18T16:28:28.382487" elapsed="1.812184"/>
</branch>
<branch type="ELSE IF" condition="'${BROWSER}' == 'Firefox'">
<kw name="Evaluate" owner="BuiltIn">
<var>${ff_options}</var>
<arg>sys.modules['selenium.webdriver'].FirefoxOptions()</arg>
<arg>sys, selenium.webdriver</arg>
<doc>Evaluates the given expression in Python and returns the result.</doc>
<status status="NOT RUN" start="2026-02-18T16:28:30.194671" elapsed="0.000000"/>
</kw>
<kw name="Call Method" owner="BuiltIn">
<arg>${ff_options}</arg>
<arg>add_argument</arg>
<arg>-private</arg>
<doc>Calls the named method of the given object with the provided arguments.</doc>
<status status="NOT RUN" start="2026-02-18T16:28:30.195193" elapsed="0.000000"/>
</kw>
<kw name="Create Webdriver" owner="SeleniumLibrary">
<arg>Firefox</arg>
<arg>options=${ff_options}</arg>
<doc>Creates an instance of Selenium WebDriver.</doc>
<status status="NOT RUN" start="2026-02-18T16:28:30.195193" elapsed="0.000000"/>
</kw>
<kw name="Go To" owner="SeleniumLibrary">
<arg>${URL}</arg>
<doc>Navigates the current browser window to the provided ``url``.</doc>
<status status="NOT RUN" start="2026-02-18T16:28:30.195193" elapsed="0.000000"/>
</kw>
<status status="NOT RUN" start="2026-02-18T16:28:30.194671" elapsed="0.000522"/>
</branch>
<status status="PASS" start="2026-02-18T16:28:28.379482" elapsed="1.815711"/>
</if>
<kw name="Wait Until Element Is Visible" owner="SeleniumLibrary">
<arg>id=user-name</arg>
<arg>timeout=10s</arg>
<doc>Waits until the element ``locator`` is visible.</doc>
<status status="PASS" start="2026-02-18T16:28:30.195193" elapsed="0.033246"/>
</kw>
<kw name="Sleep" owner="BuiltIn">
<msg time="2026-02-18T16:28:30.929954" level="INFO">Slept 700 milliseconds.</msg>
<arg>${DELAY}</arg>
<doc>Pauses the test executed for the given time.</doc>
<status status="PASS" start="2026-02-18T16:28:30.228439" elapsed="0.701515"/>
</kw>
<status status="PASS" start="2026-02-18T16:28:28.379482" elapsed="2.550472"/>
</kw>
<test id="s1-s5-t1" name="User Can Remove Product From Cart" line="7">
<kw name="Login To Application" owner="ecommerce_keywords">
<kw name="Input Text" owner="SeleniumLibrary">
<msg time="2026-02-18T16:28:30.930964" level="INFO">Typing text 'standard_user' into text field 'id=user-name'.</msg>
<arg>id=user-name</arg>
<arg>${USERNAME}</arg>
<doc>Types the given ``text`` into the text field identified by ``locator``.</doc>
<status status="PASS" start="2026-02-18T16:28:30.930964" elapsed="0.127432"/>
</kw>
<kw name="Sleep" owner="BuiltIn">
<msg time="2026-02-18T16:28:31.759776" level="INFO">Slept 700 milliseconds.</msg>
<arg>${DELAY}</arg>
<doc>Pauses the test executed for the given time.</doc>
<status status="PASS" start="2026-02-18T16:28:31.058396" elapsed="0.701380"/>
</kw>
<kw name="Input Text" owner="SeleniumLibrary">
<msg time="2026-02-18T16:28:31.759776" level="INFO">Typing text 'secret_sauce' into text field 'id=password'.</msg>
<arg>id=password</arg>
<arg>${PASSWORD}</arg>
<doc>Types the given ``text`` into the text field identified by ``locator``.</doc>
<status status="PASS" start="2026-02-18T16:28:31.759776" elapsed="0.114349"/>
</kw>
<kw name="Sleep" owner="BuiltIn">
<msg time="2026-02-18T16:28:32.576131" level="INFO">Slept 700 milliseconds.</msg>
<arg>${DELAY}</arg>
<doc>Pauses the test executed for the given time.</doc>
<status status="PASS" start="2026-02-18T16:28:31.875122" elapsed="0.701009"/>
</kw>
<kw name="Click Button" owner="SeleniumLibrary">
<msg time="2026-02-18T16:28:32.576131" level="INFO">Clicking button 'id=login-button'.</msg>
<arg>id=login-button</arg>
<doc>Clicks the button identified by ``locator``.</doc>
<status status="PASS" start="2026-02-18T16:28:32.576131" elapsed="0.122223"/>
</kw>
<kw name="Wait Until Page Contains Element" owner="SeleniumLibrary">
<arg>css=.inventory_list</arg>
<doc>Waits until the element ``locator`` appears on the current page.</doc>
<status status="PASS" start="2026-02-18T16:28:32.698354" elapsed="0.015648"/>
</kw>
<kw name="Sleep" owner="BuiltIn">
<msg time="2026-02-18T16:28:33.415751" level="INFO">Slept 700 milliseconds.</msg>
<arg>${DELAY}</arg>
<doc>Pauses the test executed for the given time.</doc>
<status status="PASS" start="2026-02-18T16:28:32.714996" elapsed="0.700755"/>
</kw>
<status status="PASS" start="2026-02-18T16:28:30.930964" elapsed="2.484787"/>
</kw>
<kw name="Add Four Products To Cart" owner="ecommerce_keywords">
<kw name="Get WebElements" owner="SeleniumLibrary">
<msg time="2026-02-18T16:28:33.429294" level="INFO">${buttons} = [&lt;selenium.webdriver.remote.webelement.WebElement (session="655c44401ed5812ee0719044e2511d85", element="f.7EBF6384DC0B141C1F88DBF5C8F2B4D8.d.095B9BF4AA32BA4BAE860B713EE6CABE.e.28")&gt;, &lt;selenium.webdriv...</msg>
<var>${buttons}</var>
<arg>xpath=//button[contains(text(),'Add to cart')]</arg>
<doc>Returns a list of WebElement objects matching the ``locator``.</doc>
<status status="PASS" start="2026-02-18T16:28:33.416774" elapsed="0.012520"/>
</kw>
<for flavor="IN RANGE">
<iter>
<kw name="Click Element" owner="SeleniumLibrary">
<msg time="2026-02-18T16:28:33.430289" level="INFO">Clicking element '&lt;selenium.webdriver.remote.webelement.WebElement (session="655c44401ed5812ee0719044e2511d85", element="f.7EBF6384DC0B141C1F88DBF5C8F2B4D8.d.095B9BF4AA32BA4BAE860B713EE6CABE.e.28")&gt;'.</msg>
<arg>${buttons}[${index}]</arg>
<doc>Click the element identified by ``locator``.</doc>
<status status="PASS" start="2026-02-18T16:28:33.430289" elapsed="0.057885"/>
</kw>
<kw name="Sleep" owner="BuiltIn">
<msg time="2026-02-18T16:28:34.189345" level="INFO">Slept 700 milliseconds.</msg>
<arg>${DELAY}</arg>
<doc>Pauses the test executed for the given time.</doc>
<status status="PASS" start="2026-02-18T16:28:33.489178" elapsed="0.700167"/>
</kw>
<var name="${index}">0</var>
<status status="PASS" start="2026-02-18T16:28:33.429294" elapsed="0.760051"/>
</iter>
<iter>
<kw name="Click Element" owner="SeleniumLibrary">
<msg time="2026-02-18T16:28:34.189345" level="INFO">Clicking element '&lt;selenium.webdriver.remote.webelement.WebElement (session="655c44401ed5812ee0719044e2511d85", element="f.7EBF6384DC0B141C1F88DBF5C8F2B4D8.d.095B9BF4AA32BA4BAE860B713EE6CABE.e.29")&gt;'.</msg>
<arg>${buttons}[${index}]</arg>
<doc>Click the element identified by ``locator``.</doc>
<status status="PASS" start="2026-02-18T16:28:34.189345" elapsed="0.051225"/>
</kw>
<kw name="Sleep" owner="BuiltIn">
<msg time="2026-02-18T16:28:34.940794" level="INFO">Slept 700 milliseconds.</msg>
<arg>${DELAY}</arg>
<doc>Pauses the test executed for the given time.</doc>
<status status="PASS" start="2026-02-18T16:28:34.240570" elapsed="0.700224"/>
</kw>
<var name="${index}">1</var>
<status status="PASS" start="2026-02-18T16:28:34.189345" elapsed="0.751449"/>
</iter>
<iter>
<kw name="Click Element" owner="SeleniumLibrary">
<msg time="2026-02-18T16:28:34.940794" level="INFO">Clicking element '&lt;selenium.webdriver.remote.webelement.WebElement (session="655c44401ed5812ee0719044e2511d85", element="f.7EBF6384DC0B141C1F88DBF5C8F2B4D8.d.095B9BF4AA32BA4BAE860B713EE6CABE.e.30")&gt;'.</msg>
<arg>${buttons}[${index}]</arg>
<doc>Click the element identified by ``locator``.</doc>
<status status="PASS" start="2026-02-18T16:28:34.940794" elapsed="0.050329"/>
</kw>
<kw name="Sleep" owner="BuiltIn">
<msg time="2026-02-18T16:28:35.691200" level="INFO">Slept 700 milliseconds.</msg>
<arg>${DELAY}</arg>
<doc>Pauses the test executed for the given time.</doc>
<status status="PASS" start="2026-02-18T16:28:34.991123" elapsed="0.700077"/>
</kw>
<var name="${index}">2</var>
<status status="PASS" start="2026-02-18T16:28:34.940794" elapsed="0.750406"/>
</iter>
<iter>
<kw name="Click Element" owner="SeleniumLibrary">
<msg time="2026-02-18T16:28:35.692221" level="INFO">Clicking element '&lt;selenium.webdriver.remote.webelement.WebElement (session="655c44401ed5812ee0719044e2511d85", element="f.7EBF6384DC0B141C1F88DBF5C8F2B4D8.d.095B9BF4AA32BA4BAE860B713EE6CABE.e.31")&gt;'.</msg>
<arg>${buttons}[${index}]</arg>
<doc>Click the element identified by ``locator``.</doc>
<status status="PASS" start="2026-02-18T16:28:35.691200" elapsed="0.048166"/>
</kw>
<kw name="Sleep" owner="BuiltIn">
<msg time="2026-02-18T16:28:36.440633" level="INFO">Slept 700 milliseconds.</msg>
<arg>${DELAY}</arg>
<doc>Pauses the test executed for the given time.</doc>
<status status="PASS" start="2026-02-18T16:28:35.739366" elapsed="0.701267"/>
</kw>
<var name="${index}">3</var>
<status status="PASS" start="2026-02-18T16:28:35.691200" elapsed="0.749433"/>
</iter>
<var>${index}</var>
<value>0</value>
<value>4</value>
<status status="PASS" start="2026-02-18T16:28:33.429294" elapsed="3.011339"/>
</for>
<status status="PASS" start="2026-02-18T16:28:33.415751" elapsed="3.024882"/>
</kw>
<kw name="Go To Cart" owner="ecommerce_keywords">
<kw name="Click Element" owner="SeleniumLibrary">
<msg time="2026-02-18T16:28:36.441641" level="INFO">Clicking element 'css=.shopping_cart_link'.</msg>
<arg>css=.shopping_cart_link</arg>
<doc>Click the element identified by ``locator``.</doc>
<status status="PASS" start="2026-02-18T16:28:36.441641" elapsed="0.073726"/>
</kw>
<kw name="Wait Until Page Contains" owner="SeleniumLibrary">
<arg>Your Cart</arg>
<doc>Waits until ``text`` appears on the current page.</doc>
<status status="PASS" start="2026-02-18T16:28:36.515367" elapsed="0.011054"/>
</kw>
<kw name="Sleep" owner="BuiltIn">
<msg time="2026-02-18T16:28:37.226836" level="INFO">Slept 700 milliseconds.</msg>
<arg>${DELAY}</arg>
<doc>Pauses the test executed for the given time.</doc>
<status status="PASS" start="2026-02-18T16:28:36.526421" elapsed="0.700415"/>
</kw>
<status status="PASS" start="2026-02-18T16:28:36.440633" elapsed="0.786203"/>
</kw>
<kw name="Remove All Items From Cart" owner="ecommerce_keywords">
<kw name="Get WebElements" owner="SeleniumLibrary">
<msg time="2026-02-18T16:28:37.238517" level="INFO">${remove_buttons} = [&lt;selenium.webdriver.remote.webelement.WebElement (session="655c44401ed5812ee0719044e2511d85", element="f.7EBF6384DC0B141C1F88DBF5C8F2B4D8.d.095B9BF4AA32BA4BAE860B713EE6CABE.e.44")&gt;, &lt;selenium.webdriv...</msg>
<var>${remove_buttons}</var>
<arg>xpath=//button[text()='Remove']</arg>
<doc>Returns a list of WebElement objects matching the ``locator``.</doc>
<status status="PASS" start="2026-02-18T16:28:37.227879" elapsed="0.011649"/>
</kw>
<for flavor="IN">
<iter>
<kw name="Click Element" owner="SeleniumLibrary">
<msg time="2026-02-18T16:28:37.239528" level="INFO">Clicking element '&lt;selenium.webdriver.remote.webelement.WebElement (session="655c44401ed5812ee0719044e2511d85", element="f.7EBF6384DC0B141C1F88DBF5C8F2B4D8.d.095B9BF4AA32BA4BAE860B713EE6CABE.e.44")&gt;'.</msg>
<arg>${btn}</arg>
<doc>Click the element identified by ``locator``.</doc>
<status status="PASS" start="2026-02-18T16:28:37.239528" elapsed="0.049773"/>
</kw>
<kw name="Sleep" owner="BuiltIn">
<msg time="2026-02-18T16:28:37.990833" level="INFO">Slept 700 milliseconds.</msg>
<arg>${DELAY}</arg>
<doc>Pauses the test executed for the given time.</doc>
<status status="PASS" start="2026-02-18T16:28:37.289301" elapsed="0.701532"/>
</kw>
<var name="${btn}">&lt;selenium.webdriver.remote.webelement.WebElement (session="655c44401ed5812ee0719044e2511d85", element="f.7EBF6384DC0B141C1F88DBF5C8F2B4D8.d.095B9BF4AA32BA4BAE860B713EE6CABE.e.44")&gt;</var>
<status status="PASS" start="2026-02-18T16:28:37.239528" elapsed="0.751305"/>
</iter>
<iter>
<kw name="Click Element" owner="SeleniumLibrary">
<msg time="2026-02-18T16:28:37.990833" level="INFO">Clicking element '&lt;selenium.webdriver.remote.webelement.WebElement (session="655c44401ed5812ee0719044e2511d85", element="f.7EBF6384DC0B141C1F88DBF5C8F2B4D8.d.095B9BF4AA32BA4BAE860B713EE6CABE.e.45")&gt;'.</msg>
<arg>${btn}</arg>
<doc>Click the element identified by ``locator``.</doc>
<status status="PASS" start="2026-02-18T16:28:37.990833" elapsed="0.063492"/>
</kw>
<kw name="Sleep" owner="BuiltIn">
<msg time="2026-02-18T16:28:38.754766" level="INFO">Slept 700 milliseconds.</msg>
<arg>${DELAY}</arg>
<doc>Pauses the test executed for the given time.</doc>
<status status="PASS" start="2026-02-18T16:28:38.054325" elapsed="0.700441"/>
</kw>
<var name="${btn}">&lt;selenium.webdriver.remote.webelement.WebElement (session="655c44401ed5812ee0719044e2511d85", element="f.7EBF6384DC0B141C1F88DBF5C8F2B4D8.d.095B9BF4AA32BA4BAE860B713EE6CABE.e.45")&gt;</var>
<status status="PASS" start="2026-02-18T16:28:37.990833" elapsed="0.763933"/>
</iter>
<iter>
<kw name="Click Element" owner="SeleniumLibrary">
<msg time="2026-02-18T16:28:38.755303" level="INFO">Clicking element '&lt;selenium.webdriver.remote.webelement.WebElement (session="655c44401ed5812ee0719044e2511d85", element="f.7EBF6384DC0B141C1F88DBF5C8F2B4D8.d.095B9BF4AA32BA4BAE860B713EE6CABE.e.46")&gt;'.</msg>
<arg>${btn}</arg>
<doc>Click the element identified by ``locator``.</doc>
<status status="PASS" start="2026-02-18T16:28:38.755303" elapsed="0.046166"/>
</kw>
<kw name="Sleep" owner="BuiltIn">
<msg time="2026-02-18T16:28:39.501574" level="INFO">Slept 700 milliseconds.</msg>
<arg>${DELAY}</arg>
<doc>Pauses the test executed for the given time.</doc>
<status status="PASS" start="2026-02-18T16:28:38.801469" elapsed="0.700105"/>
</kw>
<var name="${btn}">&lt;selenium.webdriver.remote.webelement.WebElement (session="655c44401ed5812ee0719044e2511d85", element="f.7EBF6384DC0B141C1F88DBF5C8F2B4D8.d.095B9BF4AA32BA4BAE860B713EE6CABE.e.46")&gt;</var>
<status status="PASS" start="2026-02-18T16:28:38.755303" elapsed="0.746271"/>
</iter>
<iter>
<kw name="Click Element" owner="SeleniumLibrary">
<msg time="2026-02-18T16:28:39.501574" level="INFO">Clicking element '&lt;selenium.webdriver.remote.webelement.WebElement (session="655c44401ed5812ee0719044e2511d85", element="f.7EBF6384DC0B141C1F88DBF5C8F2B4D8.d.095B9BF4AA32BA4BAE860B713EE6CABE.e.47")&gt;'.</msg>
<arg>${btn}</arg>
<doc>Click the element identified by ``locator``.</doc>
<status status="PASS" start="2026-02-18T16:28:39.501574" elapsed="0.052632"/>
</kw>
<kw name="Sleep" owner="BuiltIn">
<msg time="2026-02-18T16:28:40.255542" level="INFO">Slept 700 milliseconds.</msg>
<arg>${DELAY}</arg>
<doc>Pauses the test executed for the given time.</doc>
<status status="PASS" start="2026-02-18T16:28:39.555204" elapsed="0.700338"/>
</kw>
<var name="${btn}">&lt;selenium.webdriver.remote.webelement.WebElement (session="655c44401ed5812ee0719044e2511d85", element="f.7EBF6384DC0B141C1F88DBF5C8F2B4D8.d.095B9BF4AA32BA4BAE860B713EE6CABE.e.47")&gt;</var>
<status status="PASS" start="2026-02-18T16:28:39.501574" elapsed="0.753968"/>
</iter>
<var>${btn}</var>
<value>@{remove_buttons}</value>
<status status="PASS" start="2026-02-18T16:28:37.239528" elapsed="3.016014"/>
</for>
<status status="PASS" start="2026-02-18T16:28:37.227879" elapsed="3.027663"/>
</kw>
<kw name="Page Should Not Contain Element" owner="SeleniumLibrary">
<msg time="2026-02-18T16:28:40.268154" level="INFO">Current page does not contain element 'css=.cart_item'.</msg>
<arg>css=.cart_item</arg>
<doc>Verifies that element ``locator`` is not found on the current page.</doc>
<status status="PASS" start="2026-02-18T16:28:40.256559" elapsed="0.011595"/>
</kw>
<status status="PASS" start="2026-02-18T16:28:30.929954" elapsed="9.338200"/>
</test>
<kw name="Close Website" owner="ecommerce_keywords" type="TEARDOWN">
<kw name="Sleep" owner="BuiltIn">
<msg time="2026-02-18T16:28:40.970610" level="INFO">Slept 700 milliseconds.</msg>
<arg>${DELAY}</arg>
<doc>Pauses the test executed for the given time.</doc>
<status status="PASS" start="2026-02-18T16:28:40.269157" elapsed="0.701453"/>
</kw>
<kw name="Close Browser" owner="SeleniumLibrary">
<doc>Closes the current browser.</doc>
<status status="PASS" start="2026-02-18T16:28:40.970610" elapsed="2.241606"/>
</kw>
<status status="PASS" start="2026-02-18T16:28:40.269157" elapsed="2.943059"/>
</kw>
<status status="PASS" start="2026-02-18T16:28:28.373948" elapsed="14.838268"/>
</suite>
<suite id="s1-s6" name="05 Logout" source="C:\Users\prase\OneDrive\Desktop\PythonProject\Ecommerce\robot-framework\tests\05_logout.robot">
<kw name="Open Website" owner="ecommerce_keywords" type="SETUP">
<if>
<branch type="IF" condition="'${BROWSER}' == 'Chrome'">
<kw name="Evaluate" owner="BuiltIn">
<var>${options}</var>
<arg>sys.modules['selenium.webdriver'].ChromeOptions()</arg>
<arg>sys, selenium.webdriver</arg>
<doc>Evaluates the given expression in Python and returns the result.</doc>
<status status="NOT RUN" start="2026-02-18T16:28:43.218750" elapsed="0.000000"/>
</kw>
<kw name="Evaluate" owner="BuiltIn">
<var>${temp_dir}</var>
<arg>__import__('tempfile').mkdtemp()</arg>
<doc>Evaluates the given expression in Python and returns the result.</doc>
<status status="NOT RUN" start="2026-02-18T16:28:43.218750" elapsed="0.000000"/>
</kw>
<kw name="Create Dictionary" owner="BuiltIn">
<var>${prefs}</var>
<arg>credentials_enable_service=False</arg>
<arg>profile.password_manager_enabled=False</arg>
<arg>profile.default_content_setting_values.notifications=2</arg>
<doc>Creates and returns a dictionary based on the given ``items``.</doc>
<status status="NOT RUN" start="2026-02-18T16:28:43.218750" elapsed="0.000000"/>
</kw>
<kw name="Call Method" owner="BuiltIn">
<arg>${options}</arg>
<arg>add_experimental_option</arg>
<arg>prefs</arg>
<arg>${prefs}</arg>
<doc>Calls the named method of the given object with the provided arguments.</doc>
<status status="NOT RUN" start="2026-02-18T16:28:43.218750" elapsed="0.000000"/>
</kw>
<kw name="Set Variable" owner="BuiltIn">
<var>${incognito}</var>
<arg>--incognito</arg>
<doc>Returns the given values which can then be assigned to a variables.</doc>
<status status="NOT RUN" start="2026-02-18T16:28:43.218750" elapsed="0.000000"/>
</kw>
<kw name="Set Variable" owner="BuiltIn">
<var>${disable_pw}</var>
<arg>--disable-features=PasswordLeakDetection</arg>
<doc>Returns the given values which can then be assigned to a variables.</doc>
<status status="NOT RUN" start="2026-02-18T16:28:43.218750" elapsed="0.000000"/>
</kw>
<kw name="Set Variable" owner="BuiltIn">
<var>${disable_notify}</var>
<arg>--disable-notifications</arg>
<doc>Returns the given values which can then be assigned to a variables.</doc>
<status status="NOT RUN" start="2026-02-18T16:28:43.218750" elapsed="0.000000"/>
</kw>
<kw name="Set Variable" owner="BuiltIn">
<var>${no_first}</var>
<arg>--no-first-run</arg>
<doc>Returns the given values which can then be assigned to a variables.</doc>
<status status="NOT RUN" start="2026-02-18T16:28:43.218750" elapsed="0.000000"/>
</kw>
<kw name="Set Variable" owner="BuiltIn">
<var>${no_default}</var>
<arg>--no-default-browser-check</arg>
[...]
</kw>
<kw name="Sleep" owner="BuiltIn">
<msg time="2026-02-18T16:30:09.321060" level="INFO">Slept 700 milliseconds.</msg>
<arg>${DELAY}</arg>
<doc>Pauses the test executed for the given time.</doc>
<status status="PASS" start="2026-02-18T16:30:08.620955" elapsed="0.700105"/>
</kw>
<status status="PASS" start="2026-02-18T16:30:07.767183" elapsed="1.553877"/>
</kw>
<arg>${first_name}</arg>
<arg>${last_name}</arg>
<arg>${postal_code}</arg>
<status status="PASS" start="2026-02-18T16:29:54.605838" elapsed="14.715222"/>
</kw>
<var name="${row}">Bhagyashree,N,67891</var>
<status status="PASS" start="2026-02-18T16:29:54.604273" elapsed="14.716787"/>
</iter>
<iter>
<kw name="Split String" owner="String">
<msg time="2026-02-18T16:30:09.321060" level="INFO">${columns} = ['Ravinesh', 'Tiwari', '45678']</msg>
<var>${columns}</var>
<arg>${row}</arg>
<arg>,</arg>
<doc>Splits the ``string`` using ``separator`` as a delimiter string.</doc>
<status status="PASS" start="2026-02-18T16:30:09.321060" elapsed="0.000000"/>
</kw>
<kw name="Get From List" owner="Collections">
<msg time="2026-02-18T16:30:09.322074" level="INFO">${first_name} = Ravinesh</msg>
<var>${first_name}</var>
<arg>${columns}</arg>
<arg>0</arg>
<doc>Returns the value specified with an ``index`` from ``list``.</doc>
<status status="PASS" start="2026-02-18T16:30:09.321060" elapsed="0.001014"/>
</kw>
<kw name="Get From List" owner="Collections">
<msg time="2026-02-18T16:30:09.322074" level="INFO">${last_name} = Tiwari</msg>
<var>${last_name}</var>
<arg>${columns}</arg>
<arg>1</arg>
<doc>Returns the value specified with an ``index`` from ``list``.</doc>
<status status="PASS" start="2026-02-18T16:30:09.322074" elapsed="0.000000"/>
</kw>
<kw name="Get From List" owner="Collections">
<msg time="2026-02-18T16:30:09.322074" level="INFO">${postal_code} = 45678</msg>
<var>${postal_code}</var>
<arg>${columns}</arg>
<arg>2</arg>
<doc>Returns the value specified with an ``index`` from ``list``.</doc>
<status status="PASS" start="2026-02-18T16:30:09.322074" elapsed="0.000000"/>
</kw>
<kw name="Checkout With User Data" owner="ecommerce_keywords">
<kw name="Login To Application" owner="ecommerce_keywords">
<kw name="Input Text" owner="SeleniumLibrary">
<msg time="2026-02-18T16:30:09.323070" level="INFO">Typing text 'standard_user' into text field 'id=user-name'.</msg>
<arg>id=user-name</arg>
<arg>${USERNAME}</arg>
<doc>Types the given ``text`` into the text field identified by ``locator``.</doc>
<status status="PASS" start="2026-02-18T16:30:09.323070" elapsed="0.081821"/>
</kw>
<kw name="Sleep" owner="BuiltIn">
<msg time="2026-02-18T16:30:10.107066" level="INFO">Slept 700 milliseconds.</msg>
<arg>${DELAY}</arg>
<doc>Pauses the test executed for the given time.</doc>
<status status="PASS" start="2026-02-18T16:30:09.406400" elapsed="0.700666"/>
</kw>
<kw name="Input Text" owner="SeleniumLibrary">
<msg time="2026-02-18T16:30:10.107066" level="INFO">Typing text 'secret_sauce' into text field 'id=password'.</msg>
<arg>id=password</arg>
<arg>${PASSWORD}</arg>
<doc>Types the given ``text`` into the text field identified by ``locator``.</doc>
<status status="PASS" start="2026-02-18T16:30:10.107066" elapsed="0.084843"/>
</kw>
<kw name="Sleep" owner="BuiltIn">
<msg time="2026-02-18T16:30:10.893395" level="INFO">Slept 700 milliseconds.</msg>
<arg>${DELAY}</arg>
<doc>Pauses the test executed for the given time.</doc>
<status status="PASS" start="2026-02-18T16:30:10.192906" elapsed="0.700489"/>
</kw>
<kw name="Click Button" owner="SeleniumLibrary">
<msg time="2026-02-18T16:30:10.893910" level="INFO">Clicking button 'id=login-button'.</msg>
<arg>id=login-button</arg>
<doc>Clicks the button identified by ``locator``.</doc>
<status status="PASS" start="2026-02-18T16:30:10.893910" elapsed="0.073639"/>
</kw>
<kw name="Wait Until Page Contains Element" owner="SeleniumLibrary">
<arg>css=.inventory_list</arg>
<doc>Waits until the element ``locator`` appears on the current page.</doc>
<status status="PASS" start="2026-02-18T16:30:10.967549" elapsed="0.007808"/>
</kw>
<kw name="Sleep" owner="BuiltIn">
<msg time="2026-02-18T16:30:11.676709" level="INFO">Slept 700 milliseconds.</msg>
<arg>${DELAY}</arg>
<doc>Pauses the test executed for the given time.</doc>
<status status="PASS" start="2026-02-18T16:30:10.975357" elapsed="0.701352"/>
</kw>
<status status="PASS" start="2026-02-18T16:30:09.323070" elapsed="2.353639"/>
</kw>
<kw name="Sort Products Low To High" owner="ecommerce_keywords">
<kw name="Select From List By Value" owner="SeleniumLibrary">
<msg time="2026-02-18T16:30:11.677721" level="INFO">Selecting options from selection list 'css=.product_sort_container' by value lohi.</msg>
<arg>css=.product_sort_container</arg>
<arg>lohi</arg>
<doc>Selects options from selection list ``locator`` by ``values``.</doc>
<status status="PASS" start="2026-02-18T16:30:11.677721" elapsed="0.057296"/>
</kw>
<kw name="Sleep" owner="BuiltIn">
<msg time="2026-02-18T16:30:12.435292" level="INFO">Slept 700 milliseconds.</msg>
<arg>${DELAY}</arg>
<doc>Pauses the test executed for the given time.</doc>
<status status="PASS" start="2026-02-18T16:30:11.735017" elapsed="0.700275"/>
</kw>
<status status="PASS" start="2026-02-18T16:30:11.676709" elapsed="0.758583"/>
</kw>
<kw name="Add Four Products To Cart" owner="ecommerce_keywords">
<kw name="Get WebElements" owner="SeleniumLibrary">
<msg time="2026-02-18T16:30:12.445368" level="INFO">${buttons} = [&lt;selenium.webdriver.remote.webelement.WebElement (session="7db0f3f77e26eee99013833f02fe0bb1", element="f.C1EEDD78B2A77F949877498A0C33B376.d.AD6DF93A22300CA9B50ECFD60CC775A7.e.337")&gt;, &lt;selenium.webdri...</msg>
<var>${buttons}</var>
<arg>xpath=//button[contains(text(),'Add to cart')]</arg>
<doc>Returns a list of WebElement objects matching the ``locator``.</doc>
<status status="PASS" start="2026-02-18T16:30:12.435292" elapsed="0.010076"/>
</kw>
<for flavor="IN RANGE">
<iter>
<kw name="Click Element" owner="SeleniumLibrary">
<msg time="2026-02-18T16:30:12.446356" level="INFO">Clicking element '&lt;selenium.webdriver.remote.webelement.WebElement (session="7db0f3f77e26eee99013833f02fe0bb1", element="f.C1EEDD78B2A77F949877498A0C33B376.d.AD6DF93A22300CA9B50ECFD60CC775A7.e.337")&gt;'.</msg>
<arg>${buttons}[${index}]</arg>
<doc>Click the element identified by ``locator``.</doc>
<status status="PASS" start="2026-02-18T16:30:12.445368" elapsed="0.046423"/>
</kw>
<kw name="Sleep" owner="BuiltIn">
<msg time="2026-02-18T16:30:13.193287" level="INFO">Slept 700 milliseconds.</msg>
<arg>${DELAY}</arg>
<doc>Pauses the test executed for the given time.</doc>
<status status="PASS" start="2026-02-18T16:30:12.491791" elapsed="0.701496"/>
</kw>
<var name="${index}">0</var>
<status status="PASS" start="2026-02-18T16:30:12.445368" elapsed="0.747919"/>
</iter>
<iter>
<kw name="Click Element" owner="SeleniumLibrary">
<msg time="2026-02-18T16:30:13.194299" level="INFO">Clicking element '&lt;selenium.webdriver.remote.webelement.WebElement (session="7db0f3f77e26eee99013833f02fe0bb1", element="f.C1EEDD78B2A77F949877498A0C33B376.d.AD6DF93A22300CA9B50ECFD60CC775A7.e.338")&gt;'.</msg>
<arg>${buttons}[${index}]</arg>
<doc>Click the element identified by ``locator``.</doc>
<status status="PASS" start="2026-02-18T16:30:13.193287" elapsed="0.047658"/>
</kw>
<kw name="Sleep" owner="BuiltIn">
<msg time="2026-02-18T16:30:13.941161" level="INFO">Slept 700 milliseconds.</msg>
<arg>${DELAY}</arg>
<doc>Pauses the test executed for the given time.</doc>
<status status="PASS" start="2026-02-18T16:30:13.240945" elapsed="0.700216"/>
</kw>
<var name="${index}">1</var>
<status status="PASS" start="2026-02-18T16:30:13.193287" elapsed="0.747874"/>
</iter>
<iter>
<kw name="Click Element" owner="SeleniumLibrary">
<msg time="2026-02-18T16:30:13.942182" level="INFO">Clicking element '&lt;selenium.webdriver.remote.webelement.WebElement (session="7db0f3f77e26eee99013833f02fe0bb1", element="f.C1EEDD78B2A77F949877498A0C33B376.d.AD6DF93A22300CA9B50ECFD60CC775A7.e.339")&gt;'.</msg>
<arg>${buttons}[${index}]</arg>
<doc>Click the element identified by ``locator``.</doc>
<status status="PASS" start="2026-02-18T16:30:13.941161" elapsed="0.050265"/>
</kw>
<kw name="Sleep" owner="BuiltIn">
<msg time="2026-02-18T16:30:14.692908" level="INFO">Slept 700 milliseconds.</msg>
<arg>${DELAY}</arg>
<doc>Pauses the test executed for the given time.</doc>
<status status="PASS" start="2026-02-18T16:30:13.991426" elapsed="0.702002"/>
</kw>
<var name="${index}">2</var>
<status status="PASS" start="2026-02-18T16:30:13.941161" elapsed="0.752267"/>
</iter>
<iter>
<kw name="Click Element" owner="SeleniumLibrary">
<msg time="2026-02-18T16:30:14.693428" level="INFO">Clicking element '&lt;selenium.webdriver.remote.webelement.WebElement (session="7db0f3f77e26eee99013833f02fe0bb1", element="f.C1EEDD78B2A77F949877498A0C33B376.d.AD6DF93A22300CA9B50ECFD60CC775A7.e.340")&gt;'.</msg>
<arg>${buttons}[${index}]</arg>
<doc>Click the element identified by ``locator``.</doc>
<status status="PASS" start="2026-02-18T16:30:14.693428" elapsed="0.043907"/>
</kw>
<kw name="Sleep" owner="BuiltIn">
<msg time="2026-02-18T16:30:15.437541" level="INFO">Slept 700 milliseconds.</msg>
<arg>${DELAY}</arg>
<doc>Pauses the test executed for the given time.</doc>
<status status="PASS" start="2026-02-18T16:30:14.737335" elapsed="0.700206"/>
</kw>
<var name="${index}">3</var>
<status status="PASS" start="2026-02-18T16:30:14.693428" elapsed="0.744113"/>
</iter>
<var>${index}</var>
<value>0</value>
<value>4</value>
<status status="PASS" start="2026-02-18T16:30:12.445368" elapsed="2.992173"/>
</for>
<status status="PASS" start="2026-02-18T16:30:12.435292" elapsed="3.002249"/>
</kw>
<kw name="Verify Cart Has Four Items" owner="ecommerce_keywords">
<kw name="Get Text" owner="SeleniumLibrary">
<msg time="2026-02-18T16:30:15.457580" level="INFO">${count} = 4</msg>
<var>${count}</var>
<arg>css=.shopping_cart_badge</arg>
<doc>Returns the text value of the element identified by ``locator``.</doc>
<status status="PASS" start="2026-02-18T16:30:15.438938" elapsed="0.018642"/>
</kw>
<kw name="Should Be Equal" owner="BuiltIn">
<arg>${count}</arg>
<arg>4</arg>
<doc>Fails if the given objects are unequal.</doc>
<status status="PASS" start="2026-02-18T16:30:15.457580" elapsed="0.001000"/>
</kw>
<kw name="Sleep" owner="BuiltIn">
<msg time="2026-02-18T16:30:16.159587" level="INFO">Slept 700 milliseconds.</msg>
<arg>${DELAY}</arg>
<doc>Pauses the test executed for the given time.</doc>
<status status="PASS" start="2026-02-18T16:30:15.458580" elapsed="0.701007"/>
</kw>
<status status="PASS" start="2026-02-18T16:30:15.438938" elapsed="0.720649"/>
</kw>
<kw name="Go To Cart" owner="ecommerce_keywords">
<kw name="Click Element" owner="SeleniumLibrary">
<msg time="2026-02-18T16:30:16.160635" level="INFO">Clicking element 'css=.shopping_cart_link'.</msg>
<arg>css=.shopping_cart_link</arg>
<doc>Click the element identified by ``locator``.</doc>
<status status="PASS" start="2026-02-18T16:30:16.160635" elapsed="0.062949"/>
</kw>
<kw name="Wait Until Page Contains" owner="SeleniumLibrary">
<arg>Your Cart</arg>
<doc>Waits until ``text`` appears on the current page.</doc>
<status status="PASS" start="2026-02-18T16:30:16.224583" elapsed="0.008551"/>
</kw>
<kw name="Sleep" owner="BuiltIn">
<msg time="2026-02-18T16:30:16.933269" level="INFO">Slept 700 milliseconds.</msg>
<arg>${DELAY}</arg>
<doc>Pauses the test executed for the given time.</doc>
<status status="PASS" start="2026-02-18T16:30:16.233134" elapsed="0.700135"/>
</kw>
<status status="PASS" start="2026-02-18T16:30:16.160635" elapsed="0.772634"/>
</kw>
<kw name="Sleep" owner="BuiltIn">
<msg time="2026-02-18T16:30:17.633629" level="INFO">Slept 700 milliseconds.</msg>
<arg>${DELAY}</arg>
<doc>Pauses the test executed for the given time.</doc>
<status status="PASS" start="2026-02-18T16:30:16.933269" elapsed="0.700360"/>
</kw>
<kw name="Click Button" owner="SeleniumLibrary">
<msg time="2026-02-18T16:30:17.634658" level="INFO">Clicking button 'id=checkout'.</msg>
<arg>id=checkout</arg>
<doc>Clicks the button identified by ``locator``.</doc>
<status status="PASS" start="2026-02-18T16:30:17.633629" elapsed="0.082938"/>
</kw>
<kw name="Sleep" owner="BuiltIn">
<msg time="2026-02-18T16:30:18.418267" level="INFO">Slept 700 milliseconds.</msg>
<arg>${DELAY}</arg>
<doc>Pauses the test executed for the given time.</doc>
<status status="PASS" start="2026-02-18T16:30:17.716567" elapsed="0.701700"/>
</kw>
<kw name="Input Text" owner="SeleniumLibrary">
<msg time="2026-02-18T16:30:18.418783" level="INFO">Typing text 'Ravinesh' into text field 'id=first-name'.</msg>
<arg>id=first-name</arg>
<arg>${first_name}</arg>
<doc>Types the given ``text`` into the text field identified by ``locator``.</doc>
<status status="PASS" start="2026-02-18T16:30:18.418267" elapsed="0.086669"/>
</kw>
<kw name="Sleep" owner="BuiltIn">
<msg time="2026-02-18T16:30:19.205402" level="INFO">Slept 700 milliseconds.</msg>
<arg>${DELAY}</arg>
<doc>Pauses the test executed for the given time.</doc>
<status status="PASS" start="2026-02-18T16:30:18.504936" elapsed="0.700466"/>
</kw>
<kw name="Input Text" owner="SeleniumLibrary">
<msg time="2026-02-18T16:30:19.205402" level="INFO">Typing text 'Tiwari' into text field 'id=last-name'.</msg>
<arg>id=last-name</arg>
<arg>${last_name}</arg>
<doc>Types the given ``text`` into the text field identified by ``locator``.</doc>
<status status="PASS" start="2026-02-18T16:30:19.205402" elapsed="0.080951"/>
</kw>
<kw name="Sleep" owner="BuiltIn">
<msg time="2026-02-18T16:30:19.987662" level="INFO">Slept 700 milliseconds.</msg>
<arg>${DELAY}</arg>
<doc>Pauses the test executed for the given time.</doc>
<status status="PASS" start="2026-02-18T16:30:19.287361" elapsed="0.700301"/>
</kw>
<kw name="Input Text" owner="SeleniumLibrary">
<msg time="2026-02-18T16:30:19.988168" level="INFO">Typing text '45678' into text field 'id=postal-code'.</msg>
<arg>id=postal-code</arg>
<arg>${postal_code}</arg>
<doc>Types the given ``text`` into the text field identified by ``locator``.</doc>
<status status="PASS" start="2026-02-18T16:30:19.987662" elapsed="0.104565"/>
</kw>
<kw name="Sleep" owner="BuiltIn">
<msg time="2026-02-18T16:30:20.792281" level="INFO">Slept 700 milliseconds.</msg>
<arg>${DELAY}</arg>
<doc>Pauses the test executed for the given time.</doc>
<status status="PASS" start="2026-02-18T16:30:20.092227" elapsed="0.700054"/>
</kw>
<kw name="Click Button" owner="SeleniumLibrary">
<msg time="2026-02-18T16:30:20.792787" level="INFO">Clicking button 'id=continue'.</msg>
<arg>id=continue</arg>
<doc>Clicks the button identified by ``locator``.</doc>
<status status="PASS" start="2026-02-18T16:30:20.792281" elapsed="0.086332"/>
</kw>
<kw name="Sleep" owner="BuiltIn">
<msg time="2026-02-18T16:30:21.579806" level="INFO">Slept 700 milliseconds.</msg>
<arg>${DELAY}</arg>
<doc>Pauses the test executed for the given time.</doc>
<status status="PASS" start="2026-02-18T16:30:20.878613" elapsed="0.701193"/>
</kw>
<kw name="Click Button" owner="SeleniumLibrary">
<msg time="2026-02-18T16:30:21.580319" level="INFO">Clicking button 'id=finish'.</msg>
<arg>id=finish</arg>
<doc>Clicks the button identified by ``locator``.</doc>
<status status="PASS" start="2026-02-18T16:30:21.579806" elapsed="0.084224"/>
</kw>
<kw name="Sleep" owner="BuiltIn">
<msg time="2026-02-18T16:30:22.365383" level="INFO">Slept 700 milliseconds.</msg>
<arg>${DELAY}</arg>
<doc>Pauses the test executed for the given time.</doc>
<status status="PASS" start="2026-02-18T16:30:21.664030" elapsed="0.701353"/>
</kw>
<kw name="Page Should Contain" owner="SeleniumLibrary">
<msg time="2026-02-18T16:30:22.377878" level="INFO">Current page contains text 'Thank you for your order!'.</msg>
<arg>Thank you for your order!</arg>
<doc>Verifies that current page contains ``text``.</doc>
<status status="PASS" start="2026-02-18T16:30:22.365383" elapsed="0.012495"/>
</kw>
<kw name="Click Button" owner="SeleniumLibrary">
<msg time="2026-02-18T16:30:22.377878" level="INFO">Clicking button 'id=back-to-products'.</msg>
<arg>id=back-to-products</arg>
<doc>Clicks the button identified by ``locator``.</doc>
<status status="PASS" start="2026-02-18T16:30:22.377878" elapsed="0.078898"/>
</kw>
<kw name="Logout From Application" owner="ecommerce_keywords">
<kw name="Click Element" owner="SeleniumLibrary">
<msg time="2026-02-18T16:30:22.457789" level="INFO">Clicking element 'id=react-burger-menu-btn'.</msg>
<arg>id=react-burger-menu-btn</arg>
<doc>Click the element identified by ``locator``.</doc>
<status status="PASS" start="2026-02-18T16:30:22.457789" elapsed="0.051581"/>
</kw>
<kw name="Sleep" owner="BuiltIn">
<msg time="2026-02-18T16:30:23.210854" level="INFO">Slept 700 milliseconds.</msg>
<arg>${DELAY}</arg>
<doc>Pauses the test executed for the given time.</doc>
<status status="PASS" start="2026-02-18T16:30:22.509370" elapsed="0.701484"/>
</kw>
<kw name="Click Element" owner="SeleniumLibrary">
<msg time="2026-02-18T16:30:23.211875" level="INFO">Clicking element 'id=logout_sidebar_link'.</msg>
<arg>id=logout_sidebar_link</arg>
<doc>Click the element identified by ``locator``.</doc>
<status status="PASS" start="2026-02-18T16:30:23.210854" elapsed="0.072292"/>
</kw>
<kw name="Wait Until Element Is Visible" owner="SeleniumLibrary">
<arg>id=login-button</arg>
<doc>Waits until the element ``locator`` is visible.</doc>
<status status="PASS" start="2026-02-18T16:30:23.283146" elapsed="0.021963"/>
</kw>
<kw name="Sleep" owner="BuiltIn">
<msg time="2026-02-18T16:30:24.005435" level="INFO">Slept 700 milliseconds.</msg>
<arg>${DELAY}</arg>
<doc>Pauses the test executed for the given time.</doc>
<status status="PASS" start="2026-02-18T16:30:23.305109" elapsed="0.700326"/>
</kw>
<status status="PASS" start="2026-02-18T16:30:22.456776" elapsed="1.548659"/>
</kw>
<arg>${first_name}</arg>
<arg>${last_name}</arg>
<arg>${postal_code}</arg>
<status status="PASS" start="2026-02-18T16:30:09.322074" elapsed="14.683361"/>
</kw>
<var name="${row}">Ravinesh,Tiwari,45678</var>
<status status="PASS" start="2026-02-18T16:30:09.321060" elapsed="14.684375"/>
</iter>
<var>${row}</var>
<value>@{data}</value>
<status status="PASS" start="2026-02-18T16:28:55.448890" elapsed="88.556545"/>
</for>
<status status="PASS" start="2026-02-18T16:28:55.445341" elapsed="88.560094"/>
</test>
<kw name="Close Website" owner="ecommerce_keywords" type="TEARDOWN">
<kw name="Sleep" owner="BuiltIn">
<msg time="2026-02-18T16:30:24.708396" level="INFO">Slept 700 milliseconds.</msg>
<arg>${DELAY}</arg>
<doc>Pauses the test executed for the given time.</doc>
<status status="PASS" start="2026-02-18T16:30:24.008023" elapsed="0.700373"/>
</kw>
<kw name="Close Browser" owner="SeleniumLibrary">
<doc>Closes the current browser.</doc>
<status status="PASS" start="2026-02-18T16:30:24.708946" elapsed="2.254943"/>
</kw>
<status status="PASS" start="2026-02-18T16:30:24.007001" elapsed="2.957914"/>
</kw>
<status status="PASS" start="2026-02-18T16:28:52.853358" elapsed="94.111557"/>
</suite>
<status status="PASS" start="2026-02-18T16:27:52.861583" elapsed="154.104320"/>
</suite>
<statistics>
<total>
<stat pass="7" fail="0" skip="0">All Tests</stat>
</total>
<tag>
</tag>
<suite>
<stat name="Tests" id="s1" pass="7" fail="0" skip="0">Tests</stat>
<stat name="00 Invalid Login" id="s1-s1" pass="1" fail="0" skip="0">Tests.00 Invalid Login</stat>
<stat name="01 Login" id="s1-s2" pass="1" fail="0" skip="0">Tests.01 Login</stat>
<stat name="02 Product" id="s1-s3" pass="1" fail="0" skip="0">Tests.02 Product</stat>
<stat name="03 Add To Cart" id="s1-s4" pass="1" fail="0" skip="0">Tests.03 Add To Cart</stat>
<stat name="04 Update Cart" id="s1-s5" pass="1" fail="0" skip="0">Tests.04 Update Cart</stat>
<stat name="05 Logout" id="s1-s6" pass="1" fail="0" skip="0">Tests.05 Logout</stat>
<stat name="06 Checkout" id="s1-s7" pass="1" fail="0" skip="0">Tests.06 Checkout</stat>
</suite>
</statistics>
<errors>
</errors>
</robot>
