<?xml version="1.0" encoding="UTF-8"?>
<robot generator="Robot 7.4.1 (Python 3.13.11 on win32)" generated="2026-02-19T10:30:45.134484" rpa="false" schemaversion="5">
<suite id="s1" name="Tests" source="C:\Users\user\Desktop\wipro\Ecommerce\robot-framework\tests">
<suite id="s1-s1" name="00 Invalid Login" source="C:\Users\user\Desktop\wipro\Ecommerce\robot-framework\tests\00_invalid_login.robot">
<kw name="Open Website" owner="ecommerce_keywords" type="SETUP">
<if>
<branch type="IF" condition="'${BROWSER}' == 'Chrome'">
<kw name="Evaluate" owner="BuiltIn">
<var>${options}</var>
<arg>sys.modules['selenium.webdriver'].ChromeOptions()</arg>
<arg>sys, selenium.webdriver</arg>
<doc>Evaluates the given expression in Python and returns the result.</doc>
<status status="NOT RUN" start="2026-02-19T10:30:45.507475" elapsed="0.000034"/>
</kw>
<kw name="Evaluate" owner="BuiltIn">
<var>${temp_dir}</var>
<arg>__import__('tempfile').mkdtemp()</arg>
<doc>Evaluates the given expression in Python and returns the result.</doc>
<status status="NOT RUN" start="2026-02-19T10:30:45.507629" elapsed="0.000023"/>
</kw>
<kw name="Create Dictionary" owner="BuiltIn">
<var>${prefs}</var>
<arg>credentials_enable_service=False</arg>
<arg>profile.password_manager_enabled=False</arg>
<arg>profile.default_content_setting_values.notifications=2</arg>
<doc>Creates and returns a dictionary based on the given ``items``.</doc>
<status status="NOT RUN" start="2026-02-19T10:30:45.507736" elapsed="0.000019"/>
</kw>
<kw name="Call Method" owner="BuiltIn">
<arg>${options}</arg>
<arg>add_experimental_option</arg>
<arg>prefs</arg>
<arg>${prefs}</arg>
<doc>Calls the named method of the given object with the provided arguments.</doc>
<status status="NOT RUN" start="2026-02-19T10:30:45.507821" elapsed="0.000016"/>
</kw>
<kw name="Set Variable" owner="BuiltIn">
<var>${incognito}</var>
<arg>--incognito</arg>
<doc>Returns the given values which can then be assigned to a variables.</doc>
<status status="NOT RUN" start="2026-02-19T10:30:45.507899" elapsed="0.000015"/>
</kw>
<kw name="Set Variable" owner="BuiltIn">
<var>${disable_pw}</var>
<arg>--disable-features=PasswordLeakDetection</arg>
<doc>Returns the given values which can then be assigned to a variables.</doc>
<status status="NOT RUN" start="2026-02-19T10:30:45.507969" elapsed="0.000016"/>
</kw>
<kw name="Set Variable" owner="BuiltIn">
<var>${disable_notify}</var>
<arg>--disable-notifications</arg>
<doc>Returns the given values which can then be assigned to a variables.</doc>
<status status="NOT RUN" start="2026-02-19T10:30:45.508040" elapsed="0.000017"/>
</kw>
<kw name="Set Variable" owner="BuiltIn">
<var>${no_first}</var>
<arg>--no-first-run</arg>
<doc>Returns the given values which can then be assigned to a variables.</doc>
<status status="NOT RUN" start="2026-02-19T10:30:45.508110" elapsed="0.000015"/>
</kw>
<kw name="Set Variable" owner="BuiltIn">
<var>${no_default}</var>
<arg>--no-default-browser-check</arg>
<doc>Returns the given values which can then be assigned to a variables.</doc>
<status status="NOT RUN" start="2026-02-19T10:30:45.508176" elapsed="0.000015"/>
</kw>
<kw name="Set Variable" owner="BuiltIn">
<var>${maximize}</var>
<arg>--start-maximized</arg>
<doc>Returns the given values which can then be assigned to a variables.</doc>
<status status="NOT RUN" start="2026-02-19T10:30:45.508243" elapsed="0.000014"/>
</kw>
<kw name="Set Variable" owner="BuiltIn">
<var>${profile}</var>
<arg>--user-data-dir=${temp_dir}</arg>
<doc>Returns the given values which can then be assigned to a variables.</doc>
<status status="NOT RUN" start="2026-02-19T10:30:45.508309" elapsed="0.000015"/>
</kw>
<kw name="Call Method" owner="BuiltIn">
<arg>${options}</arg>
<arg>add_argument</arg>
<arg>${incognito}</arg>
<doc>Calls the named method of the given object with the provided arguments.</doc>
<status status="NOT RUN" start="2026-02-19T10:30:45.508376" elapsed="0.000017"/>
</kw>
<kw name="Call Method" owner="BuiltIn">
<arg>${options}</arg>
<arg>add_argument</arg>
<arg>${disable_pw}</arg>
<doc>Calls the named method of the given object with the provided arguments.</doc>
<status status="NOT RUN" start="2026-02-19T10:30:45.508446" elapsed="0.000016"/>
</kw>
<kw name="Call Method" owner="BuiltIn">
<arg>${options}</arg>
<arg>add_argument</arg>
<arg>${disable_notify}</arg>
<doc>Calls the named method of the given object with the provided arguments.</doc>
<status status="NOT RUN" start="2026-02-19T10:30:45.508518" elapsed="0.000015"/>
</kw>
<kw name="Call Method" owner="BuiltIn">
<arg>${options}</arg>
<arg>add_argument</arg>
<arg>${no_first}</arg>
<doc>Calls the named method of the given object with the provided arguments.</doc>
<status status="NOT RUN" start="2026-02-19T10:30:45.508586" elapsed="0.000015"/>
</kw>
<kw name="Call Method" owner="BuiltIn">
<arg>${options}</arg>
<arg>add_argument</arg>
<arg>${no_default}</arg>
<doc>Calls the named method of the given object with the provided arguments.</doc>
<status status="NOT RUN" start="2026-02-19T10:30:45.508653" elapsed="0.000015"/>
</kw>
<kw name="Call Method" owner="BuiltIn">
<arg>${options}</arg>
<arg>add_argument</arg>
<arg>${maximize}</arg>
<doc>Calls the named method of the given object with the provided arguments.</doc>
<status status="NOT RUN" start="2026-02-19T10:30:45.508724" elapsed="0.000016"/>
</kw>
<kw name="Call Method" owner="BuiltIn">
<arg>${options}</arg>
<arg>add_argument</arg>
<arg>${profile}</arg>
<doc>Calls the named method of the given object with the provided arguments.</doc>
<status status="NOT RUN" start="2026-02-19T10:30:45.508795" elapsed="0.000015"/>
</kw>
<kw name="Create Webdriver" owner="SeleniumLibrary">
<arg>Chrome</arg>
<arg>options=${options}</arg>
<doc>Creates an instance of Selenium WebDriver.</doc>
<status status="NOT RUN" start="2026-02-19T10:30:45.508872" elapsed="0.000017"/>
</kw>
<kw name="Go To" owner="SeleniumLibrary">
<arg>${URL}</arg>
<doc>Navigates the current browser window to the provided ``url``.</doc>
<status status="NOT RUN" start="2026-02-19T10:30:45.508955" elapsed="0.000015"/>
</kw>
<status status="NOT RUN" start="2026-02-19T10:30:45.506998" elapsed="0.002443"/>
</branch>
<branch type="ELSE IF" condition="'${BROWSER}' == 'Edge'">
<kw name="Open Browser" owner="SeleniumLibrary">
<arg>${URL}</arg>
<arg>Edge</arg>
<doc>Opens a new browser instance to the optional ``url``.</doc>
<status status="NOT RUN" start="2026-02-19T10:30:45.509684" elapsed="0.000019"/>
</kw>
<kw name="Maximize Browser Window" owner="SeleniumLibrary">
<doc>Maximizes current browser window.</doc>
<status status="NOT RUN" start="2026-02-19T10:30:45.509763" elapsed="0.000016"/>
</kw>
<status status="NOT RUN" start="2026-02-19T10:30:45.509501" elapsed="0.000301"/>
</branch>
<branch type="ELSE IF" condition="'${BROWSER}' == 'Firefox'">
<kw name="Evaluate" owner="BuiltIn">
<msg time="2026-02-19T10:30:45.510334" level="INFO">${ff_options} = &lt;selenium.webdriver.firefox.options.Options object at 0x0000016652576270&gt;</msg>
<var>${ff_options}</var>
<arg>sys.modules['selenium.webdriver'].FirefoxOptions()</arg>
<arg>sys, selenium.webdriver</arg>
<doc>Evaluates the given expression in Python and returns the result.</doc>
<status status="PASS" start="2026-02-19T10:30:45.509946" elapsed="0.000416"/>
</kw>
<kw name="Call Method" owner="BuiltIn">
<arg>${ff_options}</arg>
<arg>add_argument</arg>
<arg>-private</arg>
<doc>Calls the named method of the given object with the provided arguments.</doc>
<status status="PASS" start="2026-02-19T10:30:45.510443" elapsed="0.000204"/>
</kw>
<kw name="Create Webdriver" owner="SeleniumLibrary">
<msg time="2026-02-19T10:30:45.510856" level="INFO">Creating an instance of the Firefox WebDriver.</msg>
<arg>Firefox</arg>
<arg>options=${ff_options}</arg>
<doc>Creates an instance of Selenium WebDriver.</doc>
<status status="PASS" start="2026-02-19T10:30:45.510726" elapsed="7.492701"/>
</kw>
<kw name="Go To" owner="SeleniumLibrary">
<msg time="2026-02-19T10:30:53.004104" level="INFO">Opening url 'https://www.saucedemo.com/'</msg>
<arg>${URL}</arg>
<doc>Navigates the current browser window to the provided ``url``.</doc>
<status status="PASS" start="2026-02-19T10:30:53.003774" elapsed="0.635261"/>
</kw>
<status status="PASS" start="2026-02-19T10:30:45.509830" elapsed="8.129338"/>
</branch>
<status status="PASS" start="2026-02-19T10:30:45.506973" elapsed="8.132274"/>
</if>
<kw name="Wait Until Element Is Visible" owner="SeleniumLibrary">
<arg>id=user-name</arg>
<arg>timeout=10s</arg>
<doc>Waits until the element ``locator`` is visible.</doc>
<status status="PASS" start="2026-02-19T10:30:53.639441" elapsed="0.051223"/>
</kw>
<kw name="Sleep" owner="BuiltIn">
<msg time="2026-02-19T10:30:54.392586" level="INFO">Slept 700 milliseconds.</msg>
<arg>${DELAY}</arg>
<doc>Pauses the test executed for the given time.</doc>
<status status="PASS" start="2026-02-19T10:30:53.690970" elapsed="0.701914"/>
</kw>
<status status="PASS" start="2026-02-19T10:30:45.506799" elapsed="8.886406"/>
</kw>
<test id="s1-s1-t1" name="User Cannot Login With Invalid Credentials" line="7">
<kw name="Input Text" owner="SeleniumLibrary">
<msg time="2026-02-19T10:30:54.400886" level="INFO">Typing text 'invalid_user' into text field 'id=user-name'.</msg>
<arg>id=user-name</arg>
<arg>invalid_user</arg>
<doc>Types the given ``text`` into the text field identified by ``locator``.</doc>
<status status="PASS" start="2026-02-19T10:30:54.400043" elapsed="0.194875"/>
</kw>
<kw name="Input Text" owner="SeleniumLibrary">
<msg time="2026-02-19T10:30:54.596572" level="INFO">Typing text 'wrong_password' into text field 'id=password'.</msg>
<arg>id=password</arg>
<arg>wrong_password</arg>
<doc>Types the given ``text`` into the text field identified by ``locator``.</doc>
<status status="PASS" start="2026-02-19T10:30:54.595914" elapsed="0.088467"/>
</kw>
<kw name="Click Button" owner="SeleniumLibrary">
<msg time="2026-02-19T10:30:54.685780" level="INFO">Clicking button 'id=login-button'.</msg>
<arg>id=login-button</arg>
<doc>Clicks the button identified by ``locator``.</doc>
<status status="PASS" start="2026-02-19T10:30:54.685235" elapsed="0.158693"/>
</kw>
<kw name="Wait Until Page Contains Element" owner="SeleniumLibrary">
<arg>css=h3[data-test="error"]</arg>
<arg>timeout=10s</arg>
<doc>Waits until the element ``locator`` appears on the current page.</doc>
<status status="PASS" start="2026-02-19T10:30:54.844677" elapsed="0.007024"/>
</kw>
<kw name="Page Should Contain" owner="SeleniumLibrary">
<msg time="2026-02-19T10:30:54.866021" level="INFO">Current page contains text 'Username and password do not match'.</msg>
<arg>Username and password do not match</arg>
<doc>Verifies that current page contains ``text``.</doc>
<status status="PASS" start="2026-02-19T10:30:54.852483" elapsed="0.013805"/>
</kw>
<status status="PASS" start="2026-02-19T10:30:54.393444" elapsed="0.473901"/>
</test>
<kw name="Close Website" owner="ecommerce_keywords" type="TEARDOWN">
<kw name="Sleep" owner="BuiltIn">
<msg time="2026-02-19T10:30:55.572174" level="INFO">Slept 700 milliseconds.</msg>
<arg>${DELAY}</arg>
<doc>Pauses the test executed for the given time.</doc>
<status status="PASS" start="2026-02-19T10:30:54.870596" elapsed="0.701976"/>
</kw>
<kw name="Close Browser" owner="SeleniumLibrary">
<doc>Closes the current browser.</doc>
<status status="PASS" start="2026-02-19T10:30:55.573171" elapsed="3.541765"/>
</kw>
<status status="PASS" start="2026-02-19T10:30:54.870019" elapsed="4.245010"/>
</kw>
<status status="PASS" start="2026-02-19T10:30:45.173069" elapsed="13.941989"/>
</suite>
<suite id="s1-s2" name="01 Login" source="C:\Users\user\Desktop\wipro\Ecommerce\robot-framework\tests\01_login.robot">
<kw name="Open Website" owner="ecommerce_keywords" type="SETUP">
<if>
<branch type="IF" condition="'${BROWSER}' == 'Chrome'">
<kw name="Evaluate" owner="BuiltIn">
<var>${options}</var>
<arg>sys.modules['selenium.webdriver'].ChromeOptions()</arg>
<arg>sys, selenium.webdriver</arg>
<doc>Evaluates the given expression in Python and returns the result.</doc>
<status status="NOT RUN" start="2026-02-19T10:30:59.119102" elapsed="0.000019"/>
</kw>
<kw name="Evaluate" owner="BuiltIn">
<var>${temp_dir}</var>
<arg>__import__('tempfile').mkdtemp()</arg>
<doc>Evaluates the given expression in Python and returns the result.</doc>
<status status="NOT RUN" start="2026-02-19T10:30:59.119185" elapsed="0.000013"/>
</kw>
<kw name="Create Dictionary" owner="BuiltIn">
<var>${prefs}</var>
<arg>credentials_enable_service=False</arg>
<arg>profile.password_manager_enabled=False</arg>
<arg>profile.default_content_setting_values.notifications=2</arg>
<doc>Creates and returns a dictionary based on the given ``items``.</doc>
<status status="NOT RUN" start="2026-02-19T10:30:59.119255" elapsed="0.000014"/>
</kw>
<kw name="Call Method" owner="BuiltIn">
<arg>${options}</arg>
<arg>add_experimental_option</arg>
<arg>prefs</arg>
<arg>${prefs}</arg>
<doc>Calls the named method of the given object with the provided arguments.</doc>
<status status="NOT RUN" start="2026-02-19T10:30:59.119318" elapsed="0.000014"/>
</kw>
<kw name="Set Variable" owner="BuiltIn">
<var>${incognito}</var>
<arg>--incognito</arg>
<doc>Returns the given values which can then be assigned to a variables.</doc>
<status status="NOT RUN" start="2026-02-19T10:30:59.119380" elapsed="0.000013"/>
</kw>
<kw name="Set Variable" owner="BuiltIn">
<var>${disable_pw}</var>
<arg>--disable-features=PasswordLeakDetection</arg>
<doc>Returns the given values which can then be assigned to a variables.</doc>
<status status="NOT RUN" start="2026-02-19T10:30:59.119439" elapsed="0.000012"/>
</kw>
<kw name="Set Variable" owner="BuiltIn">
<var>${disable_notify}</var>
<arg>--disable-notifications</arg>
<doc>Returns the given values which can then be assigned to a variables.</doc>
<status status="NOT RUN" start="2026-02-19T10:30:59.119495" elapsed="0.000013"/>
</kw>
<kw name="Set Variable" owner="BuiltIn">
<var>${no_first}</var>
<arg>--no-first-run</arg>
<doc>Returns the given values which can then be assigned to a variables.</doc>
<status status="NOT RUN" start="2026-02-19T10:30:59.119551" elapsed="0.000013"/>
</kw>
<kw name="Set Variable" owner="BuiltIn">
<var>${no_default}</var>
<arg>--no-default-browser-check</arg>
<doc>Returns the given values which can then be assigned to a variables.</doc>
<status status="NOT RUN" start="2026-02-19T10:30:59.119611" elapsed="0.000014"/>
</kw>
<kw name="Set Variable" owner="BuiltIn">
<var>${maximize}</var>
<arg>--start-maximized</arg>
<doc>Returns the given values which can then be assigned to a variables.</doc>
<status status="NOT RUN" start="2026-02-19T10:30:59.119669" elapsed="0.000012"/>
</kw>
<kw name="Set Variable" owner="BuiltIn">
<var>${profile}</var>
<arg>--user-data-dir=${temp_dir}</arg>
<doc>Returns the given values which can then be assigned to a variables.</doc>
<status status="NOT RUN" start="2026-02-19T10:30:59.119725" elapsed="0.000012"/>
</kw>
<kw name="Call Method" owner="BuiltIn">
<arg>${options}</arg>
<arg>add_argument</arg>
<arg>${incognito}</arg>
<doc>Calls the named method of the given object with the provided arguments.</doc>
<status status="NOT RUN" start="2026-02-19T10:30:59.119780" elapsed="0.000013"/>
</kw>
<kw name="Call Method" owner="BuiltIn">
<arg>${options}</arg>
<arg>add_argument</arg>
<arg>${disable_pw}</arg>
<doc>Calls the named method of the given object with the provided arguments.</doc>
<status status="NOT RUN" start="2026-02-19T10:30:59.119836" elapsed="0.000013"/>
</kw>
<kw name="Call Method" owner="BuiltIn">
<arg>${options}</arg>
<arg>add_argument</arg>
<arg>${disable_notify}</arg>
<doc>Calls the named method of the given object with the provided arguments.</doc>
<status status="NOT RUN" start="2026-02-19T10:30:59.119895" elapsed="0.000012"/>
</kw>
<kw name="Call Method" owner="BuiltIn">
<arg>${options}</arg>
<arg>add_argument</arg>
<arg>${no_first}</arg>
<doc>Calls the named method of the given object with the provided arguments.</doc>
<status status="NOT RUN" start="2026-02-19T10:30:59.119950" elapsed="0.000013"/>
</kw>
<kw name="Call Method" owner="BuiltIn">
<arg>${options}</arg>
<arg>add_argument</arg>
<arg>${no_default}</arg>
<doc>Calls the named method of the given object with the provided arguments.</doc>
<status status="NOT RUN" start="2026-02-19T10:30:59.120090" elapsed="0.000016"/>
</kw>
<kw name="Call Method" owner="BuiltIn">
<arg>${options}</arg>
<arg>add_argument</arg>
<arg>${maximize}</arg>
<doc>Calls the named method of the given object with the provided arguments.</doc>
<status status="NOT RUN" start="2026-02-19T10:30:59.120152" elapsed="0.000013"/>
</kw>
<kw name="Call Method" owner="BuiltIn">
<arg>${options}</arg>
<arg>add_argument</arg>
<arg>${profile}</arg>
<doc>Calls the named method of the given object with the provided arguments.</doc>
<status status="NOT RUN" start="2026-02-19T10:30:59.120208" elapsed="0.000013"/>
</kw>
<kw name="Create Webdriver" owner="SeleniumLibrary">
<arg>Chrome</arg>
<arg>options=${options}</arg>
<doc>Creates an instance of Selenium WebDriver.</doc>
<status status="NOT RUN" start="2026-02-19T10:30:59.120275" elapsed="0.000013"/>
</kw>
<kw name="Go To" owner="SeleniumLibrary">
<arg>${URL}</arg>
<doc>Navigates the current browser window to the provided ``url``.</doc>
<status status="NOT RUN" start="2026-02-19T10:30:59.120338" elapsed="0.000012"/>
</kw>
<status status="NOT RUN" start="2026-02-19T10:30:59.118966" elapsed="0.001404"/>
</branch>
<branch type="ELSE IF" condition="'${BROWSER}' == 'Edge'">
<kw name="Open Browser" owner="SeleniumLibrary">
<arg>${URL}</arg>
<arg>Edge</arg>
<doc>Opens a new browser instance to the optional ``url``.</doc>
<status status="NOT RUN" start="2026-02-19T10:30:59.120513" elapsed="0.000016"/>
</kw>
<kw name="Maximize Browser Window" owner="SeleniumLibrary">
<doc>Maximizes current browser window.</doc>
<status status="NOT RUN" start="2026-02-19T10:30:59.120581" elapsed="0.000012"/>
</kw>
<status status="NOT RUN" start="2026-02-19T10:30:59.120394" elapsed="0.000217"/>
</branch>
<branch type="ELSE IF" condition="'${BROWSER}' == 'Firefox'">
<kw name="Evaluate" owner="BuiltIn">
<msg time="2026-02-19T10:30:59.121058" level="INFO">${ff_options} = &lt;selenium.webdriver.firefox.options.Options object at 0x000001665254EC10&gt;</msg>
<var>${ff_options}</var>
<arg>sys.modules['selenium.webdriver'].FirefoxOptions()</arg>
<arg>sys, selenium.webdriver</arg>
<doc>Evaluates the given expression in Python and returns the result.</doc>
<status status="PASS" start="2026-02-19T10:30:59.120791" elapsed="0.000288"/>
</kw>
<kw name="Call Method" owner="BuiltIn">
<arg>${ff_options}</arg>
<arg>add_argument</arg>
<arg>-private</arg>
<doc>Calls the named method of the given object with the provided arguments.</doc>
<status status="PASS" start="2026-02-19T10:30:59.121144" elapsed="0.000150"/>
</kw>
<kw name="Create Webdriver" owner="SeleniumLibrary">
<msg time="2026-02-19T10:30:59.121453" level="INFO">Creating an instance of the Firefox WebDriver.</msg>
<arg>Firefox</arg>
<arg>options=${ff_options}</arg>
<doc>Creates an instance of Selenium WebDriver.</doc>
<status status="PASS" start="2026-02-19T10:30:59.121355" elapsed="10.973328"/>
</kw>
<kw name="Go To" owner="SeleniumLibrary">
<msg time="2026-02-19T10:31:10.096783" level="INFO">Opening url 'https://www.saucedemo.com/'</msg>
<arg>${URL}</arg>
<doc>Navigates the current browser window to the provided ``url``.</doc>
<status status="PASS" start="2026-02-19T10:31:10.095434" elapsed="2.276801"/>
</kw>
<status status="PASS" start="2026-02-19T10:30:59.120631" elapsed="13.251909"/>
</branch>
<status status="PASS" start="2026-02-19T10:30:59.118950" elapsed="13.253783"/>
</if>
<kw name="Wait Until Element Is Visible" owner="SeleniumLibrary">
<arg>id=user-name</arg>
<arg>timeout=10s</arg>
<doc>Waits until the element ``locator`` is visible.</doc>
<status status="PASS" start="2026-02-19T10:31:12.373678" elapsed="0.169331"/>
</kw>
<kw name="Sleep" owner="BuiltIn">
<msg time="2026-02-19T10:31:13.250228" level="INFO">Slept 700 milliseconds.</msg>
<arg>${DELAY}</arg>
<doc>Pauses the test executed for the given time.</doc>
<status status="PASS" start="2026-02-19T10:31:12.543955" elapsed="0.706985"/>
</kw>
<status status="PASS" start="2026-02-19T10:30:59.118855" elapsed="14.132518"/>
</kw>
<test id="s1-s2-t1" name="User Login Successful" line="7">
<kw name="Login To Application" owner="ecommerce_keywords">
<kw name="Input Text" owner="SeleniumLibrary">
<msg time="2026-02-19T10:31:13.271149" level="INFO">Typing text 'standard_user' into text field 'id=user-name'.</msg>
<arg>id=user-name</arg>
<arg>${USERNAME}</arg>
<doc>Types the given ``text`` into the text field identified by ``locator``.</doc>
<status status="PASS" start="2026-02-19T10:31:13.269432" elapsed="0.332647"/>
</kw>
<kw name="Sleep" owner="BuiltIn">
<msg time="2026-02-19T10:31:14.306769" level="INFO">Slept 700 milliseconds.</msg>
<arg>${DELAY}</arg>
<doc>Pauses the test executed for the given time.</doc>
<status status="PASS" start="2026-02-19T10:31:13.602954" elapsed="0.704774"/>
</kw>
<kw name="Input Text" owner="SeleniumLibrary">
<msg time="2026-02-19T10:31:14.309252" level="INFO">Typing text 'secret_sauce' into text field 'id=password'.</msg>
<arg>id=password</arg>
<arg>${PASSWORD}</arg>
<doc>Types the given ``text`` into the text field identified by ``locator``.</doc>
<status status="PASS" start="2026-02-19T10:31:14.308348" elapsed="0.217440"/>
</kw>
<kw name="Sleep" owner="BuiltIn">
<msg time="2026-02-19T10:31:15.228786" level="INFO">Slept 700 milliseconds.</msg>
<arg>${DELAY}</arg>
<doc>Pauses the test executed for the given time.</doc>
<status status="PASS" start="2026-02-19T10:31:14.526359" elapsed="0.702657"/>
</kw>
<kw name="Click Button" owner="SeleniumLibrary">
<msg time="2026-02-19T10:31:15.229781" level="INFO">Clicking button 'id=login-button'.</msg>
<arg>id=login-button</arg>
<doc>Clicks the button identified by ``locator``.</doc>
<status status="PASS" start="2026-02-19T10:31:15.229369" elapsed="0.191914"/>
</kw>
<kw name="Wait Until Page Contains Element" owner="SeleniumLibrary">
<arg>css=.inventory_list</arg>
<doc>Waits until the element ``locator`` appears on the current page.</doc>
<status status="PASS" start="2026-02-19T10:31:15.421757" elapsed="0.007604"/>
</kw>
<kw name="Sleep" owner="BuiltIn">
<msg time="2026-02-19T10:31:16.131357" level="INFO">Slept 700 milliseconds.</msg>
<arg>${DELAY}</arg>
<doc>Pauses the test executed for the given time.</doc>
<status status="PASS" start="2026-02-19T10:31:15.429785" elapsed="0.701809"/>
</kw>
<status status="PASS" start="2026-02-19T10:31:13.261646" elapsed="2.870190"/>
</kw>
<kw name="Location Should Contain" owner="SeleniumLibrary">
<msg time="2026-02-19T10:31:16.135655" level="INFO">Current location contains 'inventory'.</msg>
<arg>inventory</arg>
<doc>Verifies that the current URL contains ``expected``.</doc>
<status status="PASS" start="2026-02-19T10:31:16.132421" elapsed="0.003404"/>
</kw>
<status status="PASS" start="2026-02-19T10:31:13.253349" elapsed="2.883311"/>
</test>
<kw name="Close Website" owner="ecommerce_keywords" type="TEARDOWN">
<kw name="Sleep" owner="BuiltIn">
<msg time="2026-02-19T10:31:16.840131" level="INFO">Slept 700 milliseconds.</msg>
<arg>${DELAY}</arg>
<doc>Pauses the test executed for the given time.</doc>
<status status="PASS" start="2026-02-19T10:31:16.138720" elapsed="0.701583"/>
</kw>
<kw name="Close Browser" owner="SeleniumLibrary">
<doc>Closes the current browser.</doc>
<status status="PASS" start="2026-02-19T10:31:16.840552" elapsed="3.865534"/>
</kw>
<status status="PASS" start="2026-02-19T10:31:16.138311" elapsed="4.568118"/>
</kw>
<status status="PASS" start="2026-02-19T10:30:59.116555" elapsed="21.589962"/>
</suite>
<suite id="s1-s3" name="02 Product" source="C:\Users\user\Desktop\wipro\Ecommerce\robot-framework\tests\02_product.robot">
<kw name="Open Website" owner="ecommerce_keywords" type="SETUP">
<if>
<branch type="IF" condition="'${BROWSER}' == 'Chrome'">
<kw name="Evaluate" owner="BuiltIn">
<var>${options}</var>
<arg>sys.modules['selenium.webdriver'].ChromeOptions()</arg>
<arg>sys, selenium.webdriver</arg>
<doc>Evaluates the given expression in Python and returns the result.</doc>
<status status="NOT RUN" start="2026-02-19T10:31:20.713923" elapsed="0.000080"/>
</kw>
<kw name="Evaluate" owner="BuiltIn">
<var>${temp_dir}</var>
<arg>__import__('tempfile').mkdtemp()</arg>
<doc>Evaluates the given expression in Python and returns the result.</doc>
<status status="NOT RUN" start="2026-02-19T10:31:20.714244" elapsed="0.000034"/>
</kw>
<kw name="Create Dictionary" owner="BuiltIn">
<var>${prefs}</var>
<arg>credentials_enable_service=False</arg>
<arg>profile.password_manager_enabled=False</arg>
<arg>profile.default_content_setting_values.notifications=2</arg>
<doc>Creates and returns a dictionary based on the given ``items``.</doc>
<status status="NOT RUN" start="2026-02-19T10:31:20.714394" elapsed="0.000032"/>
</kw>
<kw name="Call Method" owner="BuiltIn">
<arg>${options}</arg>
<arg>add_experimental_option</arg>
<arg>prefs</arg>
<arg>${prefs}</arg>
<doc>Calls the named method of the given object with the provided arguments.</doc>
<status status="NOT RUN" start="2026-02-19T10:31:20.714550" elapsed="0.000045"/>
</kw>
<kw name="Set Variable" owner="BuiltIn">
<var>${incognito}</var>
<arg>--incognito</arg>
<doc>Returns the given values which can then be assigned to a variables.</doc>
<status status="NOT RUN" start="2026-02-19T10:31:20.714713" elapsed="0.000029"/>
</kw>
<kw name="Set Variable" owner="BuiltIn">
<var>${disable_pw}</var>
<arg>--disable-features=PasswordLeakDetection</arg>
<doc>Returns the given values which can then be assigned to a variables.</doc>
<status status="NOT RUN" start="2026-02-19T10:31:20.714835" elapsed="0.000026"/>
</kw>
<kw name="Set Variable" owner="BuiltIn">
<var>${disable_notify}</var>
<arg>--disable-notifications</arg>
<doc>Returns the given values which can then be assigned to a variables.</doc>
<status status="NOT RUN" start="2026-02-19T10:31:20.714953" elapsed="0.000027"/>
</kw>
<kw name="Set Variable" owner="BuiltIn">
<var>${no_first}</var>
<arg>--no-first-run</arg>
<doc>Returns the given values which can then be assigned to a variables.</doc>
<status status="NOT RUN" start="2026-02-19T10:31:20.715070" elapsed="0.000026"/>
</kw>
<kw name="Set Variable" owner="BuiltIn">
<var>${no_default}</var>
<arg>--no-default-browser-check</arg>
<doc>Returns the given values which can then be assigned to a variables.</doc>
<status status="NOT RUN" start="2026-02-19T10:31:20.715233" elapsed="0.000069"/>
</kw>
<kw name="Set Variable" owner="BuiltIn">
<var>${maximize}</var>
<arg>--start-maximized</arg>
<doc>Returns the given values which can then be assigned to a variables.</doc>
<status status="NOT RUN" start="2026-02-19T10:31:20.715542" elapsed="0.000061"/>
</kw>
<kw name="Set Variable" owner="BuiltIn">
<var>${profile}</var>
<arg>--user-data-dir=${temp_dir}</arg>
<doc>Returns the given values which can then be assigned to a variables.</doc>
<status status="NOT RUN" start="2026-02-19T10:31:20.715801" elapsed="0.008127"/>
</kw>
<kw name="Call Method" owner="BuiltIn">
<arg>${options}</arg>
<arg>add_argument</arg>
<arg>${incognito}</arg>
<doc>Calls the named method of the given object with the provided arguments.</doc>
<status status="NOT RUN" start="2026-02-19T10:31:20.724168" elapsed="0.000045"/>
</kw>
<kw name="Call Method" owner="BuiltIn">
<arg>${options}</arg>
<arg>add_argument</arg>
<arg>${disable_pw}</arg>
<doc>Calls the named method of the given object with the provided arguments.</doc>
<status status="NOT RUN" start="2026-02-19T10:31:20.724335" elapsed="0.000036"/>
</kw>
<kw name="Call Method" owner="BuiltIn">
<arg>${options}</arg>
<arg>add_argument</arg>
<arg>${disable_notify}</arg>
<doc>Calls the named method of the given object with the provided arguments.</doc>
<status status="NOT RUN" start="2026-02-19T10:31:20.724492" elapsed="0.000041"/>
</kw>
<kw name="Call Method" owner="BuiltIn">
<arg>${options}</arg>
<arg>add_argument</arg>
<arg>${no_first}</arg>
<doc>Calls the named method of the given object with the provided arguments.</doc>
<status status="NOT RUN" start="2026-02-19T10:31:20.724653" elapsed="0.000033"/>
</kw>
<kw name="Call Method" owner="BuiltIn">
<arg>${options}</arg>
<arg>add_argument</arg>
<arg>${no_default}</arg>
<doc>Calls the named method of the given object with the provided arguments.</doc>
<status status="NOT RUN" start="2026-02-19T10:31:20.724798" elapsed="0.000031"/>
</kw>
<kw name="Call Method" owner="BuiltIn">
<arg>${options}</arg>
<arg>add_argument</arg>
<arg>${maximize}</arg>
<doc>Calls the named method of the given object with the provided arguments.</doc>
<status status="NOT RUN" start="2026-02-19T10:31:20.724946" elapsed="0.000031"/>
</kw>
<kw name="Call Method" owner="BuiltIn">
<arg>${options}</arg>
<arg>add_argument</arg>
<arg>${profile}</arg>
<doc>Calls the named method of the given object with the provided arguments.</doc>
<status status="NOT RUN" start="2026-02-19T10:31:20.725146" elapsed="0.000043"/>
</kw>
<kw name="Create Webdriver" owner="SeleniumLibrary">
<arg>Chrome</arg>
<arg>options=${options}</arg>
<doc>Creates an instance of Selenium WebDriver.</doc>
<status status="NOT RUN" start="2026-02-19T10:31:20.725328" elapsed="0.000032"/>
</kw>
<kw name="Go To" owner="SeleniumLibrary">
<arg>${URL}</arg>
<doc>Navigates the current browser window to the provided ``url``.</doc>
<status status="NOT RUN" start="2026-02-19T10:31:20.725474" elapsed="0.000029"/>
</kw>
<status status="NOT RUN" start="2026-02-19T10:31:20.713488" elapsed="0.012060"/>
</branch>
<branch type="ELSE IF" condition="'${BROWSER}' == 'Edge'">
<kw name="Open Browser" owner="SeleniumLibrary">
<arg>${URL}</arg>
<arg>Edge</arg>
<doc>Opens a new browser instance to the optional ``url``.</doc>
<status status="NOT RUN" start="2026-02-19T10:31:20.726063" elapsed="0.000099"/>
</kw>
<kw name="Maximize Browser Window" owner="SeleniumLibrary">
<doc>Maximizes current browser window.</doc>
<status status="NOT RUN" start="2026-02-19T10:31:20.726817" elapsed="0.000067"/>
</kw>
<status status="NOT RUN" start="2026-02-19T10:31:20.725598" elapsed="0.001437"/>
</branch>
<branch type="ELSE IF" condition="'${BROWSER}' == 'Firefox'">
<kw name="Evaluate" owner="BuiltIn">
<msg time="2026-02-19T10:31:20.728313" level="INFO">${ff_options} = &lt;selenium.webdriver.firefox.options.Options object at 0x000001665204E710&gt;</msg>
<var>${ff_options}</var>
<arg>sys.modules['selenium.webdriver'].FirefoxOptions()</arg>
<arg>sys, selenium.webdriver</arg>
<doc>Evaluates the given expression in Python and returns the result.</doc>
<status status="PASS" start="2026-02-19T10:31:20.727644" elapsed="0.000732"/>
</kw>
<kw name="Call Method" owner="BuiltIn">
<arg>${ff_options}</arg>
<arg>add_argument</arg>
<arg>-private</arg>
<doc>Calls the named method of the given object with the provided arguments.</doc>
<status status="PASS" start="2026-02-19T10:31:20.728555" elapsed="0.000311"/>
</kw>
<kw name="Create Webdriver" owner="SeleniumLibrary">
<msg time="2026-02-19T10:31:20.729158" level="INFO">Creating an instance of the Firefox WebDriver.</msg>
<arg>Firefox</arg>
<arg>options=${ff_options}</arg>
<doc>Creates an instance of Selenium WebDriver.</doc>
<status status="PASS" start="2026-02-19T10:31:20.728991" elapsed="7.376394"/>
</kw>
<kw name="Go To" owner="SeleniumLibrary">
<msg time="2026-02-19T10:31:28.106458" level="INFO">Opening url 'https://www.saucedemo.com/'</msg>
<arg>${URL}</arg>
<doc>Navigates the current browser window to the provided ``url``.</doc>
<status status="PASS" start="2026-02-19T10:31:28.105834" elapsed="1.163185"/>
</kw>
<status status="PASS" start="2026-02-19T10:31:20.727127" elapsed="8.542209"/>
</branch>
<status status="PASS" start="2026-02-19T10:31:20.713455" elapsed="8.556071"/>
</if>
<kw name="Wait Until Element Is Visible" owner="SeleniumLibrary">
<arg>id=user-name</arg>
<arg>timeout=10s</arg>
<doc>Waits until the element ``locator`` is visible.</doc>
<status status="PASS" start="2026-02-19T10:31:29.269977" elapsed="0.142350"/>
</kw>
<kw name="Sleep" owner="BuiltIn">
<msg time="2026-02-19T10:31:30.115098" level="INFO">Slept 700 milliseconds.</msg>
<arg>${DELAY}</arg>
<doc>Pauses the test executed for the given time.</doc>
<status status="PASS" start="2026-02-19T10:31:29.413184" elapsed="0.702148"/>
</kw>
<status status="PASS" start="2026-02-19T10:31:20.713215" elapsed="9.402354"/>
</kw>
<test id="s1-s3-t1" name="User Can View Product Details" line="7">
<kw name="Login To Application" owner="ecommerce_keywords">
<kw name="Input Text" owner="SeleniumLibrary">
<msg time="2026-02-19T10:31:30.118883" level="INFO">Typing text 'standard_user' into text field 'id=user-name'.</msg>
<arg>id=user-name</arg>
<arg>${USERNAME}</arg>
<doc>Types the given ``text`` into the text field identified by ``locator``.</doc>
<status status="PASS" start="2026-02-19T10:31:30.118265" elapsed="0.115719"/>
</kw>
<kw name="Sleep" owner="BuiltIn">
<msg time="2026-02-19T10:31:30.936767" level="INFO">Slept 700 milliseconds.</msg>
<arg>${DELAY}</arg>
<doc>Pauses the test executed for the given time.</doc>
<status status="PASS" start="2026-02-19T10:31:30.234613" elapsed="0.702478"/>
</kw>
<kw name="Input Text" owner="SeleniumLibrary">
<msg time="2026-02-19T10:31:30.938883" level="INFO">Typing text 'secret_sauce' into text field 'id=password'.</msg>
<arg>id=password</arg>
<arg>${PASSWORD}</arg>
<doc>Types the given ``text`` into the text field identified by ``locator``.</doc>
<status status="PASS" start="2026-02-19T10:31:30.937572" elapsed="0.083931"/>
</kw>
<kw name="Sleep" owner="BuiltIn">
<msg time="2026-02-19T10:31:31.723989" level="INFO">Slept 700 milliseconds.</msg>
<arg>${DELAY}</arg>
<doc>Pauses the test executed for the given time.</doc>
<status status="PASS" start="2026-02-19T10:31:31.022250" elapsed="0.701936"/>
</kw>
<kw name="Click Button" owner="SeleniumLibrary">
<msg time="2026-02-19T10:31:31.724885" level="INFO">Clicking button 'id=login-button'.</msg>
<arg>id=login-button</arg>
<doc>Clicks the button identified by ``locator``.</doc>
<status status="PASS" start="2026-02-19T10:31:31.724503" elapsed="0.150866"/>
</kw>
<kw name="Wait Until Page Contains Element" owner="SeleniumLibrary">
<arg>css=.inventory_list</arg>
<doc>Waits until the element ``locator`` appears on the current page.</doc>
<status status="PASS" start="2026-02-19T10:31:31.875725" elapsed="0.006942"/>
</kw>
<kw name="Sleep" owner="BuiltIn">
<msg time="2026-02-19T10:31:32.584400" level="INFO">Slept 700 milliseconds.</msg>
<arg>${DELAY}</arg>
<doc>Pauses the test executed for the given time.</doc>
<status status="PASS" start="2026-02-19T10:31:31.883069" elapsed="0.701487"/>
</kw>
<status status="PASS" start="2026-02-19T10:31:30.117453" elapsed="2.467249"/>
</kw>
<kw name="Click Element" owner="SeleniumLibrary">
<msg time="2026-02-19T10:31:32.585671" level="INFO">Clicking element 'xpath=//div[text()='Sauce Labs Backpack']'.</msg>
<arg>xpath=//div[text()='Sauce Labs Backpack']</arg>
<doc>Click the element identified by ``locator``.</doc>
<status status="PASS" start="2026-02-19T10:31:32.585392" elapsed="0.099678"/>
</kw>
<kw name="Wait Until Element Is Visible" owner="SeleniumLibrary">
<arg>css=.inventory_details_name</arg>
<doc>Waits until the element ``locator`` is visible.</doc>
<status status="PASS" start="2026-02-19T10:31:32.685901" elapsed="0.023871"/>
</kw>
<kw name="Sleep" owner="BuiltIn">
<msg time="2026-02-19T10:31:33.411877" level="INFO">Slept 700 milliseconds.</msg>
<arg>${DELAY}</arg>
<doc>Pauses the test executed for the given time.</doc>
<status status="PASS" start="2026-02-19T10:31:32.710494" elapsed="0.701573"/>
</kw>
<kw name="Element Should Be Visible" owner="SeleniumLibrary">
<msg time="2026-02-19T10:31:33.428401" level="INFO">Element 'css=.inventory_details_price' is displayed.</msg>
<arg>css=.inventory_details_price</arg>
<doc>Verifies that the element identified by ``locator`` is visible.</doc>
<status status="PASS" start="2026-02-19T10:31:33.412647" elapsed="0.015909"/>
</kw>
<status status="PASS" start="2026-02-19T10:31:30.115729" elapsed="3.313306"/>
</test>
<kw name="Close Website" owner="ecommerce_keywords" type="TEARDOWN">
<kw name="Sleep" owner="BuiltIn">
<msg time="2026-02-19T10:31:34.131744" level="INFO">Slept 700 milliseconds.</msg>
<arg>${DELAY}</arg>
<doc>Pauses the test executed for the given time.</doc>
<status status="PASS" start="2026-02-19T10:31:33.431057" elapsed="0.701064"/>
</kw>
<kw name="Close Browser" owner="SeleniumLibrary">
<doc>Closes the current browser.</doc>
<status status="PASS" start="2026-02-19T10:31:34.132670" elapsed="3.746644"/>
</kw>
<status status="PASS" start="2026-02-19T10:31:33.430643" elapsed="4.448858"/>
</kw>
<status status="PASS" start="2026-02-19T10:31:20.707864" elapsed="17.171708"/>
</suite>
<suite id="s1-s4" name="03 Add To Cart" source="C:\Users\user\Desktop\wipro\Ecommerce\robot-framework\tests\03_add_to_cart.robot">
<kw name="Open Website" owner="ecommerce_keywords" type="SETUP">
<if>
<branch type="IF" condition="'${BROWSER}' == 'Chrome'">
<kw name="Evaluate" owner="BuiltIn">
<var>${options}</var>
<arg>sys.modules['selenium.webdriver'].ChromeOptions()</arg>
<arg>sys, selenium.webdriver</arg>
<doc>Evaluates the given expression in Python and returns the result.</doc>
<status status="NOT RUN" start="2026-02-19T10:31:37.887845" elapsed="0.000054"/>
</kw>
<kw name="Evaluate" owner="BuiltIn">
<var>${temp_dir}</var>
<arg>__import__('tempfile').mkdtemp()</arg>
<doc>Evaluates the given expression in Python and returns the result.</doc>
<status status="NOT RUN" start="2026-02-19T10:31:37.888090" elapsed="0.000048"/>
</kw>
<kw name="Create Dictionary" owner="BuiltIn">
<var>${prefs}</var>
<arg>credentials_enable_service=False</arg>
<arg>profile.password_manager_enabled=False</arg>
<arg>profile.default_content_setting_values.notifications=2</arg>
<doc>Creates and returns a dictionary based on the given ``items``.</doc>
<status status="NOT RUN" start="2026-02-19T10:31:37.888435" elapsed="0.000086"/>
</kw>
<kw name="Call Method" owner="BuiltIn">
<arg>${options}</arg>
<arg>add_experimental_option</arg>
<arg>prefs</arg>
<arg>${prefs}</arg>
<doc>Calls the named method of the given object with the provided arguments.</doc>
<status status="NOT RUN" start="2026-02-19T10:31:37.888715" elapsed="0.000139"/>
</kw>
<kw name="Set Variable" owner="BuiltIn">
<var>${incognito}</var>
<arg>--incognito</arg>
<doc>Returns the given values which can then be assigned to a variables.</doc>
<status status="NOT RUN" start="2026-02-19T10:31:37.889072" elapsed="0.000048"/>
</kw>
<kw name="Set Variable" owner="BuiltIn">
<var>${disable_pw}</var>
<arg>--disable-features=PasswordLeakDetection</arg>
<doc>Returns the given values which can then be assigned to a variables.</doc>
<status status="NOT RUN" start="2026-02-19T10:31:37.889270" elapsed="0.000043"/>
</kw>
<kw name="Set Variable" owner="BuiltIn">
<var>${disable_notify}</var>
<arg>--disable-notifications</arg>
<doc>Returns the given values which can then be assigned to a variables.</doc>
<status status="NOT RUN" start="2026-02-19T10:31:37.889463" elapsed="0.000047"/>
</kw>
<kw name="Set Variable" owner="BuiltIn">
<var>${no_first}</var>
<arg>--no-first-run</arg>
<doc>Returns the given values which can then be assigned to a variables.</doc>
<status status="NOT RUN" start="2026-02-19T10:31:37.889670" elapsed="0.000058"/>
</kw>
<kw name="Set Variable" owner="BuiltIn">
<var>${no_default}</var>
<arg>--no-default-browser-check</arg>
<doc>Returns the given values which can then be assigned to a variables.</doc>
<status status="NOT RUN" start="2026-02-19T10:31:37.889911" elapsed="0.000060"/>
</kw>
<kw name="Set Variable" owner="BuiltIn">
<var>${maximize}</var>
<arg>--start-maximized</arg>
<doc>Returns the given values which can then be assigned to a variables.</doc>
<status status="NOT RUN" start="2026-02-19T10:31:37.890174" elapsed="0.000070"/>
</kw>
<kw name="Set Variable" owner="BuiltIn">
<var>${profile}</var>
<arg>--user-data-dir=${temp_dir}</arg>
<doc>Returns the given values which can then be assigned to a variables.</doc>
<status status="NOT RUN" start="2026-02-19T10:31:37.890490" elapsed="0.000078"/>
</kw>
<kw name="Call Method" owner="BuiltIn">
<arg>${options}</arg>
<arg>add_argument</arg>
<arg>${incognito}</arg>
<doc>Calls the named method of the given object with the provided arguments.</doc>
<status status="NOT RUN" start="2026-02-19T10:31:37.891352" elapsed="0.000112"/>
</kw>
<kw name="Call Method" owner="BuiltIn">
<arg>${options}</arg>
<arg>add_argument</arg>
<arg>${disable_pw}</arg>
<doc>Calls the named method of the given object with the provided arguments.</doc>
<status status="NOT RUN" start="2026-02-19T10:31:37.891796" elapsed="0.000146"/>
</kw>
<kw name="Call Method" owner="BuiltIn">
<arg>${options}</arg>
<arg>add_argument</arg>
<arg>${disable_notify}</arg>
<doc>Calls the named method of the given object with the provided arguments.</doc>
<status status="NOT RUN" start="2026-02-19T10:31:37.892203" elapsed="0.000073"/>
</kw>
<kw name="Call Method" owner="BuiltIn">
<arg>${options}</arg>
<arg>add_argument</arg>
<arg>${no_first}</arg>
<doc>Calls the named method of the given object with the provided arguments.</doc>
<status status="NOT RUN" start="2026-02-19T10:31:37.892501" elapsed="0.000071"/>
</kw>
<kw name="Call Method" owner="BuiltIn">
<arg>${options}</arg>
<arg>add_argument</arg>
<arg>${no_default}</arg>
<doc>Calls the named method of the given object with the provided arguments.</doc>
<status status="NOT RUN" start="2026-02-19T10:31:37.892805" elapsed="0.000070"/>
</kw>
<kw name="Call Method" owner="BuiltIn">
<arg>${options}</arg>
<arg>add_argument</arg>
<arg>${maximize}</arg>
<doc>Calls the named method of the given object with the provided arguments.</doc>
<status status="NOT RUN" start="2026-02-19T10:31:37.893039" elapsed="0.000045"/>
</kw>
<kw name="Call Method" owner="BuiltIn">
<arg>${options}</arg>
<arg>add_argument</arg>
<arg>${profile}</arg>
<doc>Calls the named method of the given object with the provided arguments.</doc>
<status status="NOT RUN" start="2026-02-19T10:31:37.893246" elapsed="0.000044"/>
</kw>
<kw name="Create Webdriver" owner="SeleniumLibrary">
<arg>Chrome</arg>
<arg>options=${options}</arg>
<doc>Creates an instance of Selenium WebDriver.</doc>
<status status="NOT RUN" start="2026-02-19T10:31:37.893475" elapsed="0.000065"/>
</kw>
<kw name="Go To" owner="SeleniumLibrary">
<arg>${URL}</arg>
<doc>Navigates the current browser window to the provided ``url``.</doc>
<status status="NOT RUN" start="2026-02-19T10:31:37.893708" elapsed="0.000050"/>
</kw>
<status status="NOT RUN" start="2026-02-19T10:31:37.887488" elapsed="0.006345"/>
</branch>
<branch type="ELSE IF" condition="'${BROWSER}' == 'Edge'">
<kw name="Open Browser" owner="SeleniumLibrary">
<arg>${URL}</arg>
<arg>Edge</arg>
<doc>Opens a new browser instance to the optional ``url``.</doc>
<status status="NOT RUN" start="2026-02-19T10:31:37.894384" elapsed="0.000062"/>
</kw>
<kw name="Maximize Browser Window" owner="SeleniumLibrary">
<doc>Maximizes current browser window.</doc>
<status status="NOT RUN" start="2026-02-19T10:31:37.894626" elapsed="0.000050"/>
</kw>
<status status="NOT RUN" start="2026-02-19T10:31:37.893928" elapsed="0.001000"/>
</branch>
<branch type="ELSE IF" condition="'${BROWSER}' == 'Firefox'">
<kw name="Evaluate" owner="BuiltIn">
<msg time="2026-02-19T10:31:37.897215" level="INFO">${ff_options} = &lt;selenium.webdriver.firefox.options.Options object at 0x0000016652550FC0&gt;</msg>
<var>${ff_options}</var>
<arg>sys.modules['selenium.webdriver'].FirefoxOptions()</arg>
<arg>sys, selenium.webdriver</arg>
<doc>Evaluates the given expression in Python and returns the result.</doc>
<status status="PASS" start="2026-02-19T10:31:37.895460" elapsed="0.001899"/>
</kw>
<kw name="Call Method" owner="BuiltIn">
<arg>${ff_options}</arg>
<arg>add_argument</arg>
<arg>-private</arg>
<doc>Calls the named method of the given object with the provided arguments.</doc>
<status status="PASS" start="2026-02-19T10:31:37.897608" elapsed="0.000574"/>
</kw>
<kw name="Create Webdriver" owner="SeleniumLibrary">
<msg time="2026-02-19T10:31:37.898698" level="INFO">Creating an instance of the Firefox WebDriver.</msg>
<arg>Firefox</arg>
<arg>options=${ff_options}</arg>
<doc>Creates an instance of Selenium WebDriver.</doc>
<status status="PASS" start="2026-02-19T10:31:37.898406" elapsed="11.425254"/>
</kw>
<kw name="Go To" owner="SeleniumLibrary">
<msg time="2026-02-19T10:31:49.324495" level="INFO">Opening url 'https://www.saucedemo.com/'</msg>
<arg>${URL}</arg>
<doc>Navigates the current browser window to the provided ``url``.</doc>
<status status="PASS" start="2026-02-19T10:31:49.324040" elapsed="1.117063"/>
</kw>
<status status="PASS" start="2026-02-19T10:31:37.895022" elapsed="12.546548"/>
</branch>
<status status="PASS" start="2026-02-19T10:31:37.887449" elapsed="12.554413"/>
</if>
<kw name="Wait Until Element Is Visible" owner="SeleniumLibrary">
<arg>id=user-name</arg>
<arg>timeout=10s</arg>
<doc>Waits until the element ``locator`` is visible.</doc>
<status status="PASS" start="2026-02-19T10:31:50.442467" elapsed="0.170584"/>
</kw>
<kw name="Sleep" owner="BuiltIn">
<msg time="2026-02-19T10:31:51.315941" level="INFO">Slept 700 milliseconds.</msg>
<arg>${DELAY}</arg>
<doc>Pauses the test executed for the given time.</doc>
<status status="PASS" start="2026-02-19T10:31:50.613713" elapsed="0.702643"/>
</kw>
<status status="PASS" start="2026-02-19T10:31:37.887129" elapsed="13.429967"/>
</kw>
<test id="s1-s4-t1" name="User Can Add Four Products To Cart" line="7">
<kw name="Login To Application" owner="ecommerce_keywords">
<kw name="Input Text" owner="SeleniumLibrary">
<msg time="2026-02-19T10:31:51.323452" level="INFO">Typing text 'standard_user' into text field 'id=user-name'.</msg>
<arg>id=user-name</arg>
<arg>${USERNAME}</arg>
<doc>Types the given ``text`` into the text field identified by ``locator``.</doc>
<status status="PASS" start="2026-02-19T10:31:51.321548" elapsed="0.800038"/>
</kw>
<kw name="Sleep" owner="BuiltIn">
<msg time="2026-02-19T10:31:52.825134" level="INFO">Slept 700 milliseconds.</msg>
<arg>${DELAY}</arg>
<doc>Pauses the test executed for the given time.</doc>
<status status="PASS" start="2026-02-19T10:31:52.122373" elapsed="0.703172"/>
</kw>
<kw name="Input Text" owner="SeleniumLibrary">
<msg time="2026-02-19T10:31:52.829230" level="INFO">Typing text 'secret_sauce' into text field 'id=password'.</msg>
<arg>id=password</arg>
<arg>${PASSWORD}</arg>
<doc>Types the given ``text`` into the text field identified by ``locator``.</doc>
<status status="PASS" start="2026-02-19T10:31:52.826235" elapsed="0.595036"/>
</kw>
<kw name="Sleep" owner="BuiltIn">
<msg time="2026-02-19T10:31:54.123872" level="INFO">Slept 700 milliseconds.</msg>
<arg>${DELAY}</arg>
<doc>Pauses the test executed for the given time.</doc>
<status status="PASS" start="2026-02-19T10:31:53.422006" elapsed="0.702291"/>
</kw>
<kw name="Click Button" owner="SeleniumLibrary">
<msg time="2026-02-19T10:31:54.126581" level="INFO">Clicking button 'id=login-button'.</msg>
<arg>id=login-button</arg>
<doc>Clicks the button identified by ``locator``.</doc>
<status status="PASS" start="2026-02-19T10:31:54.125013" elapsed="0.448400"/>
</kw>
<kw name="Wait Until Page Contains Element" owner="SeleniumLibrary">
<arg>css=.inventory_list</arg>
<doc>Waits until the element ``locator`` appears on the current page.</doc>
<status status="PASS" start="2026-02-19T10:31:54.574056" elapsed="0.048391"/>
</kw>
<kw name="Sleep" owner="BuiltIn">
<msg time="2026-02-19T10:31:55.324976" level="INFO">Slept 700 milliseconds.</msg>
<arg>${DELAY}</arg>
<doc>Pauses the test executed for the given time.</doc>
<status status="PASS" start="2026-02-19T10:31:54.623084" elapsed="0.702089"/>
</kw>
<status status="PASS" start="2026-02-19T10:31:51.320280" elapsed="4.005092"/>
</kw>
<kw name="Add Four Products To Cart" owner="ecommerce_keywords">
<kw name="Get WebElements" owner="SeleniumLibrary">
<msg time="2026-02-19T10:31:55.335301" level="INFO">${buttons} = [&lt;selenium.webdriver.remote.webelement.WebElement (session="a5eb0441-00d4-4069-a5ac-5b1276a26f84", element="0b80d8bd-343d-4006-83b3-ddf0f623c020")&gt;, &lt;selenium.webdriver.remote.webelement.WebElement (s...</msg>
<var>${buttons}</var>
<arg>xpath=//button[contains(text(),'Add to cart')]</arg>
<doc>Returns a list of WebElement objects matching the ``locator``.</doc>
<status status="PASS" start="2026-02-19T10:31:55.327367" elapsed="0.008267"/>
</kw>
<for flavor="IN RANGE">
<iter>
<kw name="Click Element" owner="SeleniumLibrary">
<msg time="2026-02-19T10:31:55.337467" level="INFO">Clicking element '&lt;selenium.webdriver.remote.webelement.WebElement (session="a5eb0441-00d4-4069-a5ac-5b1276a26f84", element="0b80d8bd-343d-4006-83b3-ddf0f623c020")&gt;'.</msg>
<arg>${buttons}[${index}]</arg>
<doc>Click the element identified by ``locator``.</doc>
<status status="PASS" start="2026-02-19T10:31:55.336886" elapsed="0.074526"/>
</kw>
<kw name="Sleep" owner="BuiltIn">
<msg time="2026-02-19T10:31:56.112876" level="INFO">Slept 700 milliseconds.</msg>
<arg>${DELAY}</arg>
<doc>Pauses the test executed for the given time.</doc>
<status status="PASS" start="2026-02-19T10:31:55.411780" elapsed="0.701301"/>
</kw>
<var name="${index}">0</var>
<status status="PASS" start="2026-02-19T10:31:55.336409" elapsed="0.776797"/>
</iter>
<iter>
<kw name="Click Element" owner="SeleniumLibrary">
<msg time="2026-02-19T10:31:56.114133" level="INFO">Clicking element '&lt;selenium.webdriver.remote.webelement.WebElement (session="a5eb0441-00d4-4069-a5ac-5b1276a26f84", element="3948821c-85df-4f21-90e1-1a0be7533aed")&gt;'.</msg>
<arg>${buttons}[${index}]</arg>
<doc>Click the element identified by ``locator``.</doc>
<status status="PASS" start="2026-02-19T10:31:56.113705" elapsed="0.073364"/>
</kw>
<kw name="Sleep" owner="BuiltIn">
<msg time="2026-02-19T10:31:56.888172" level="INFO">Slept 700 milliseconds.</msg>
<arg>${DELAY}</arg>
<doc>Pauses the test executed for the given time.</doc>
<status status="PASS" start="2026-02-19T10:31:56.187374" elapsed="0.700947"/>
</kw>
<var name="${index}">1</var>
<status status="PASS" start="2026-02-19T10:31:56.113491" elapsed="0.774931"/>
</iter>
<iter>
<kw name="Click Element" owner="SeleniumLibrary">
<msg time="2026-02-19T10:31:56.889143" level="INFO">Clicking element '&lt;selenium.webdriver.remote.webelement.WebElement (session="a5eb0441-00d4-4069-a5ac-5b1276a26f84", element="abeb4eac-b860-49a1-b952-b9fd071c12a4")&gt;'.</msg>
<arg>${buttons}[${index}]</arg>
<doc>Click the element identified by ``locator``.</doc>
<status status="PASS" start="2026-02-19T10:31:56.888801" elapsed="0.069966"/>
</kw>
<kw name="Sleep" owner="BuiltIn">
<msg time="2026-02-19T10:31:57.660168" level="INFO">Slept 700 milliseconds.</msg>
<arg>${DELAY}</arg>
<doc>Pauses the test executed for the given time.</doc>
<status status="PASS" start="2026-02-19T10:31:56.959027" elapsed="0.701386"/>
</kw>
<var name="${index}">2</var>
<status status="PASS" start="2026-02-19T10:31:56.888635" elapsed="0.771948"/>
</iter>
<iter>
<kw name="Click Element" owner="SeleniumLibrary">
<msg time="2026-02-19T10:31:57.661904" level="INFO">Clicking element '&lt;selenium.webdriver.remote.webelement.WebElement (session="a5eb0441-00d4-4069-a5ac-5b1276a26f84", element="e33a97f1-de9c-447b-a303-a53c3d384b1b")&gt;'.</msg>
<arg>${buttons}[${index}]</arg>
<doc>Click the element identified by ``locator``.</doc>
<status status="PASS" start="2026-02-19T10:31:57.661246" elapsed="0.102458"/>
</kw>
<kw name="Sleep" owner="BuiltIn">
<msg time="2026-02-19T10:31:58.464997" level="INFO">Slept 700 milliseconds.</msg>
<arg>${DELAY}</arg>
<doc>Pauses the test executed for the given time.</doc>
<status status="PASS" start="2026-02-19T10:31:57.764026" elapsed="0.701132"/>
</kw>
<var name="${index}">3</var>
<status status="PASS" start="2026-02-19T10:31:57.660952" elapsed="0.804308"/>
</iter>
<var>${index}</var>
<value>0</value>
<value>4</value>
<status status="PASS" start="2026-02-19T10:31:55.335868" elapsed="3.129475"/>
</for>
<status status="PASS" start="2026-02-19T10:31:55.326347" elapsed="3.139141"/>
</kw>
<kw name="Verify Cart Has Four Items" owner="ecommerce_keywords">
<kw name="Get Text" owner="SeleniumLibrary">
<msg time="2026-02-19T10:31:58.486994" level="INFO">${count} = 4</msg>
<var>${count}</var>
<arg>css=.shopping_cart_badge</arg>
<doc>Returns the text value of the element identified by ``locator``.</doc>
<status status="PASS" start="2026-02-19T10:31:58.466715" elapsed="0.020358"/>
</kw>
<kw name="Should Be Equal" owner="BuiltIn">
<arg>${count}</arg>
<arg>4</arg>
<doc>Fails if the given objects are unequal.</doc>
<status status="PASS" start="2026-02-19T10:31:58.487337" elapsed="0.000540"/>
</kw>
<kw name="Sleep" owner="BuiltIn">
<msg time="2026-02-19T10:31:59.188777" level="INFO">Slept 700 milliseconds.</msg>
<arg>${DELAY}</arg>
<doc>Pauses the test executed for the given time.</doc>
<status status="PASS" start="2026-02-19T10:31:58.488063" elapsed="0.700923"/>
</kw>
<status status="PASS" start="2026-02-19T10:31:58.466094" elapsed="0.723053"/>
</kw>
<kw name="Go To Cart" owner="ecommerce_keywords">
<kw name="Click Element" owner="SeleniumLibrary">
<msg time="2026-02-19T10:31:59.190138" level="INFO">Clicking element 'css=.shopping_cart_link'.</msg>
<arg>css=.shopping_cart_link</arg>
<doc>Click the element identified by ``locator``.</doc>
<status status="PASS" start="2026-02-19T10:31:59.189960" elapsed="0.091842"/>
</kw>
<kw name="Wait Until Page Contains" owner="SeleniumLibrary">
<arg>Your Cart</arg>
<doc>Waits until ``text`` appears on the current page.</doc>
<status status="PASS" start="2026-02-19T10:31:59.281996" elapsed="0.004951"/>
</kw>
<kw name="Sleep" owner="BuiltIn">
<msg time="2026-02-19T10:31:59.988105" level="INFO">Slept 700 milliseconds.</msg>
<arg>${DELAY}</arg>
<doc>Pauses the test executed for the given time.</doc>
<status status="PASS" start="2026-02-19T10:31:59.287168" elapsed="0.701181"/>
</kw>
<status status="PASS" start="2026-02-19T10:31:59.189657" elapsed="0.798833"/>
</kw>
<kw name="Page Should Contain" owner="SeleniumLibrary">
<msg time="2026-02-19T10:31:59.996779" level="INFO">Current page contains text 'Your Cart'.</msg>
<arg>Your Cart</arg>
<doc>Verifies that current page contains ``text``.</doc>
<status status="PASS" start="2026-02-19T10:31:59.988852" elapsed="0.008052"/>
</kw>
<status status="PASS" start="2026-02-19T10:31:51.317423" elapsed="8.679860"/>
</test>
<kw name="Close Website" owner="ecommerce_keywords" type="TEARDOWN">
<kw name="Sleep" owner="BuiltIn">
<msg time="2026-02-19T10:32:00.699726" level="INFO">Slept 700 milliseconds.</msg>
<arg>${DELAY}</arg>
<doc>Pauses the test executed for the given time.</doc>
<status status="PASS" start="2026-02-19T10:31:59.998806" elapsed="0.701062"/>
</kw>
<kw name="Close Browser" owner="SeleniumLibrary">
<doc>Closes the current browser.</doc>
<status status="PASS" start="2026-02-19T10:32:00.700047" elapsed="3.830398"/>
</kw>
<status status="PASS" start="2026-02-19T10:31:59.998574" elapsed="4.532024"/>
</kw>
<status status="PASS" start="2026-02-19T10:31:37.881069" elapsed="26.649579"/>
</suite>
<suite id="s1-s5" name="04 Update Cart" source="C:\Users\user\Desktop\wipro\Ecommerce\robot-framework\tests\04_update_cart.robot">
<kw name="Open Website" owner="ecommerce_keywords" type="SETUP">
<if>
<branch type="IF" condition="'${BROWSER}' == 'Chrome'">
<kw name="Evaluate" owner="BuiltIn">
<var>${options}</var>
<arg>sys.modules['selenium.webdriver'].ChromeOptions()</arg>
<arg>sys, selenium.webdriver</arg>
<doc>Evaluates the given expression in Python and returns the result.</doc>
<status status="NOT RUN" start="2026-02-19T10:32:04.538933" elapsed="0.000065"/>
</kw>
<kw name="Evaluate" owner="BuiltIn">
<var>${temp_dir}</var>
<arg>__import__('tempfile').mkdtemp()</arg>
<doc>Evaluates the given expression in Python and returns the result.</doc>
<status status="NOT RUN" start="2026-02-19T10:32:04.539175" elapsed="0.000042"/>
</kw>
<kw name="Create Dictionary" owner="BuiltIn">
<var>${prefs}</var>
<arg>credentials_enable_service=False</arg>
<arg>profile.password_manager_enabled=False</arg>
<arg>profile.default_content_setting_values.notifications=2</arg>
<doc>Creates and returns a dictionary based on the given ``items``.</doc>
<status status="NOT RUN" start="2026-02-19T10:32:04.539381" elapsed="0.000051"/>
</kw>
<kw name="Call Method" owner="BuiltIn">
<arg>${options}</arg>
<arg>add_experimental_option</arg>
<arg>prefs</arg>
<arg>${prefs}</arg>
<doc>Calls the named method of the given object with the provided arguments.</doc>
<status status="NOT RUN" start="2026-02-19T10:32:04.539782" elapsed="0.000055"/>
</kw>
<kw name="Set Variable" owner="BuiltIn">
<var>${incognito}</var>
<arg>--incognito</arg>
<doc>Returns the given values which can then be assigned to a variables.</doc>
<status status="NOT RUN" start="2026-02-19T10:32:04.540005" elapsed="0.000041"/>
</kw>
<kw name="Set Variable" owner="BuiltIn">
<var>${disable_pw}</var>
<arg>--disable-features=PasswordLeakDetection</arg>
<doc>Returns the given values which can then be assigned to a variables.</doc>
<status status="NOT RUN" start="2026-02-19T10:32:04.540307" elapsed="0.000061"/>
</kw>
<kw name="Set Variable" owner="BuiltIn">
<var>${disable_notify}</var>
<arg>--disable-notifications</arg>
<doc>Returns the given values which can then be assigned to a variables.</doc>
<status status="NOT RUN" start="2026-02-19T10:32:04.540490" elapsed="0.000029"/>
</kw>
<kw name="Set Variable" owner="BuiltIn">
<var>${no_first}</var>
<arg>--no-first-run</arg>
<doc>Returns the given values which can then be assigned to a variables.</doc>
<status status="NOT RUN" start="2026-02-19T10:32:04.540615" elapsed="0.000027"/>
</kw>
<kw name="Set Variable" owner="BuiltIn">
<var>${no_default}</var>
<arg>--no-default-browser-check</arg>
<doc>Returns the given values which can then be assigned to a variables.</doc>
<status status="NOT RUN" start="2026-02-19T10:32:04.540800" elapsed="0.000027"/>
</kw>
<kw name="Set Variable" owner="BuiltIn">
<var>${maximize}</var>
<arg>--start-maximized</arg>
<doc>Returns the given values which can then be assigned to a variables.</doc>
<status status="NOT RUN" start="2026-02-19T10:32:04.540916" elapsed="0.000026"/>
</kw>
<kw name="Set Variable" owner="BuiltIn">
<var>${profile}</var>
<arg>--user-data-dir=${temp_dir}</arg>
<doc>Returns the given values which can then be assigned to a variables.</doc>
<status status="NOT RUN" start="2026-02-19T10:32:04.541034" elapsed="0.000028"/>
</kw>
<kw name="Call Method" owner="BuiltIn">
<arg>${options}</arg>
<arg>add_argument</arg>
<arg>${incognito}</arg>
<doc>Calls the named method of the given object with the provided arguments.</doc>
<status status="NOT RUN" start="2026-02-19T10:32:04.541161" elapsed="0.000030"/>
</kw>
<kw name="Call Method" owner="BuiltIn">
<arg>${options}</arg>
<arg>add_argument</arg>
<arg>${disable_pw}</arg>
<doc>Calls the named method of the given object with the provided arguments.</doc>
<status status="NOT RUN" start="2026-02-19T10:32:04.541293" elapsed="0.000028"/>
</kw>
<kw name="Call Method" owner="BuiltIn">
<arg>${options}</arg>
<arg>add_argument</arg>
<arg>${disable_notify}</arg>
<doc>Calls the named method of the given object with the provided arguments.</doc>
<status status="NOT RUN" start="2026-02-19T10:32:04.541423" elapsed="0.000028"/>
</kw>
<kw name="Call Method" owner="BuiltIn">
<arg>${options}</arg>
<arg>add_argument</arg>
<arg>${no_first}</arg>
<doc>Calls the named method of the given object with the provided arguments.</doc>
<status status="NOT RUN" start="2026-02-19T10:32:04.541541" elapsed="0.000027"/>
</kw>
<kw name="Call Method" owner="BuiltIn">
<arg>${options}</arg>
<arg>add_argument</arg>
<arg>${no_default}</arg>
<doc>Calls the named method of the given object with the provided arguments.</doc>
<status status="NOT RUN" start="2026-02-19T10:32:04.541656" elapsed="0.000027"/>
</kw>
<kw name="Call Method" owner="BuiltIn">
<arg>${options}</arg>
<arg>add_argument</arg>
<arg>${maximize}</arg>
<doc>Calls the named method of the given object with the provided arguments.</doc>
<status status="NOT RUN" start="2026-02-19T10:32:04.541767" elapsed="0.000026"/>
</kw>
<kw name="Call Method" owner="BuiltIn">
<arg>${options}</arg>
<arg>add_argument</arg>
<arg>${profile}</arg>
<doc>Calls the named method of the given object with the provided arguments.</doc>
<status status="NOT RUN" start="2026-02-19T10:32:04.541883" elapsed="0.000027"/>
</kw>
<kw name="Create Webdriver" owner="SeleniumLibrary">
<arg>Chrome</arg>
<arg>options=${options}</arg>
<doc>Creates an instance of Selenium WebDriver.</doc>
<status status="NOT RUN" start="2026-02-19T10:32:04.542019" elapsed="0.000029"/>
</kw>
<kw name="Go To" owner="SeleniumLibrary">
<arg>${URL}</arg>
<doc>Navigates the current browser window to the provided ``url``.</doc>
<status status="NOT RUN" start="2026-02-19T10:32:04.542143" elapsed="0.000026"/>
</kw>
<status status="NOT RUN" start="2026-02-19T10:32:04.538373" elapsed="0.003835"/>
</branch>
<branch type="ELSE IF" condition="'${BROWSER}' == 'Edge'">
<kw name="Open Browser" owner="SeleniumLibrary">
<arg>${URL}</arg>
<arg>Edge</arg>
<doc>Opens a new browser instance to the optional ``url``.</doc>
<status status="NOT RUN" start="2026-02-19T10:32:04.542526" elapsed="0.000029"/>
</kw>
<kw name="Maximize Browser Window" owner="SeleniumLibrary">
<doc>Maximizes current browser window.</doc>
<status status="NOT RUN" start="2026-02-19T10:32:04.542653" elapsed="0.000025"/>
</kw>
<status status="NOT RUN" start="2026-02-19T10:32:04.542257" elapsed="0.000455"/>
</branch>
<branch type="ELSE IF" condition="'${BROWSER}' == 'Firefox'">
<kw name="Evaluate" owner="BuiltIn">
<msg time="2026-02-19T10:32:04.543427" level="INFO">${ff_options} = &lt;selenium.webdriver.firefox.options.Options object at 0x00000166525502B0&gt;</msg>
<var>${ff_options}</var>
<arg>sys.modules['selenium.webdriver'].FirefoxOptions()</arg>
<arg>sys, selenium.webdriver</arg>
<doc>Evaluates the given expression in Python and returns the result.</doc>
<status status="PASS" start="2026-02-19T10:32:04.542920" elapsed="0.000554"/>
</kw>
<kw name="Call Method" owner="BuiltIn">
<arg>${ff_options}</arg>
<arg>add_argument</arg>
<arg>-private</arg>
<doc>Calls the named method of the given object with the provided arguments.</doc>
<status status="PASS" start="2026-02-19T10:32:04.543623" elapsed="0.000335"/>
</kw>
<kw name="Create Webdriver" owner="SeleniumLibrary">
<msg time="2026-02-19T10:32:04.544292" level="INFO">Creating an instance of the Firefox WebDriver.</msg>
<arg>Firefox</arg>
<arg>options=${ff_options}</arg>
<doc>Creates an instance of Selenium WebDriver.</doc>
<status status="PASS" start="2026-02-19T10:32:04.544098" elapsed="13.484779"/>
</kw>
<kw name="Go To" owner="SeleniumLibrary">
<msg time="2026-02-19T10:32:18.029891" level="INFO">Opening url 'https://www.saucedemo.com/'</msg>
<arg>${URL}</arg>
<doc>Navigates the current browser window to the provided ``url``.</doc>
<status status="PASS" start="2026-02-19T10:32:18.029391" elapsed="1.735439"/>
</kw>
<status status="PASS" start="2026-02-19T10:32:04.542750" elapsed="15.222343"/>
</branch>
<status status="PASS" start="2026-02-19T10:32:04.538329" elapsed="15.226923"/>
</if>
<kw name="Wait Until Element Is Visible" owner="SeleniumLibrary">
<arg>id=user-name</arg>
<arg>timeout=10s</arg>
<doc>Waits until the element ``locator`` is visible.</doc>
<status status="PASS" start="2026-02-19T10:32:19.765628" elapsed="0.127807"/>
</kw>
<kw name="Sleep" owner="BuiltIn">
<msg time="2026-02-19T10:32:20.595538" level="INFO">Slept 700 milliseconds.</msg>
<arg>${DELAY}</arg>
<doc>Pauses the test executed for the given time.</doc>
<status status="PASS" start="2026-02-19T10:32:19.893957" elapsed="0.702011"/>
</kw>
<status status="PASS" start="2026-02-19T10:32:04.538018" elapsed="16.058772"/>
</kw>
<test id="s1-s5-t1" name="User Can Remove Product From Cart" line="7">
<kw name="Login To Application" owner="ecommerce_keywords">
<kw name="Input Text" owner="SeleniumLibrary">
<msg time="2026-02-19T10:32:20.608704" level="INFO">Typing text 'standard_user' into text field 'id=user-name'.</msg>
<arg>id=user-name</arg>
<arg>${USERNAME}</arg>
<doc>Types the given ``text`` into the text field identified by ``locator``.</doc>
<status status="PASS" start="2026-02-19T10:32:20.607860" elapsed="0.229418"/>
</kw>
<kw name="Sleep" owner="BuiltIn">
<msg time="2026-02-19T10:32:21.539990" level="INFO">Slept 700 milliseconds.</msg>
<arg>${DELAY}</arg>
<doc>Pauses the test executed for the given time.</doc>
<status status="PASS" start="2026-02-19T10:32:20.838318" elapsed="0.701940"/>
</kw>
<kw name="Input Text" owner="SeleniumLibrary">
<msg time="2026-02-19T10:32:21.541157" level="INFO">Typing text 'secret_sauce' into text field 'id=password'.</msg>
<arg>id=password</arg>
<arg>${PASSWORD}</arg>
<doc>Types the given ``text`` into the text field identified by ``locator``.</doc>
<status status="PASS" start="2026-02-19T10:32:21.540638" elapsed="0.093896"/>
</kw>
<kw name="Sleep" owner="BuiltIn">
<msg time="2026-02-19T10:32:22.336159" level="INFO">Slept 700 milliseconds.</msg>
<arg>${DELAY}</arg>
<doc>Pauses the test executed for the given time.</doc>
<status status="PASS" start="2026-02-19T10:32:21.635014" elapsed="0.701715"/>
</kw>
<kw name="Click Button" owner="SeleniumLibrary">
<msg time="2026-02-19T10:32:22.337965" level="INFO">Clicking button 'id=login-button'.</msg>
<arg>id=login-button</arg>
<doc>Clicks the button identified by ``locator``.</doc>
<status status="PASS" start="2026-02-19T10:32:22.337282" elapsed="0.206912"/>
</kw>
<kw name="Wait Until Page Contains Element" owner="SeleniumLibrary">
<arg>css=.inventory_list</arg>
<doc>Waits until the element ``locator`` appears on the current page.</doc>
<status status="PASS" start="2026-02-19T10:32:22.544611" elapsed="0.007194"/>
</kw>
<kw name="Sleep" owner="BuiltIn">
<msg time="2026-02-19T10:32:23.254154" level="INFO">Slept 700 milliseconds.</msg>
<arg>${DELAY}</arg>
<doc>Pauses the test executed for the given time.</doc>
<status status="PASS" start="2026-02-19T10:32:22.552327" elapsed="0.702020"/>
</kw>
<status status="PASS" start="2026-02-19T10:32:20.603740" elapsed="2.650788"/>
</kw>
<kw name="Add Four Products To Cart" owner="ecommerce_keywords">
<kw name="Get WebElements" owner="SeleniumLibrary">
<msg time="2026-02-19T10:32:23.262632" level="INFO">${buttons} = [&lt;selenium.webdriver.remote.webelement.WebElement (session="2efb490e-6cdf-4a61-9903-61b3f625c0e0", element="54414bcd-0d6d-457d-9868-ecd5cb931d2d")&gt;, &lt;selenium.webdriver.remote.webelement.WebElement (s...</msg>
<var>${buttons}</var>
<arg>xpath=//button[contains(text(),'Add to cart')]</arg>
<doc>Returns a list of WebElement objects matching the ``locator``.</doc>
<status status="PASS" start="2026-02-19T10:32:23.256052" elapsed="0.006661"/>
</kw>
<for flavor="IN RANGE">
<iter>
<kw name="Click Element" owner="SeleniumLibrary">
<msg time="2026-02-19T10:32:23.263871" level="INFO">Clicking element '&lt;selenium.webdriver.remote.webelement.WebElement (session="2efb490e-6cdf-4a61-9903-61b3f625c0e0", element="54414bcd-0d6d-457d-9868-ecd5cb931d2d")&gt;'.</msg>
<arg>${buttons}[${index}]</arg>
<doc>Click the element identified by ``locator``.</doc>
<status status="PASS" start="2026-02-19T10:32:23.263489" elapsed="0.075858"/>
</kw>
<kw name="Sleep" owner="BuiltIn">
<msg time="2026-02-19T10:32:24.040633" level="INFO">Slept 700 milliseconds.</msg>
<arg>${DELAY}</arg>
<doc>Pauses the test executed for the given time.</doc>
<status status="PASS" start="2026-02-19T10:32:23.339662" elapsed="0.701106"/>
</kw>
<var name="${index}">0</var>
<status status="PASS" start="2026-02-19T10:32:23.263280" elapsed="0.777571"/>
</iter>
<iter>
<kw name="Click Element" owner="SeleniumLibrary">
<msg time="2026-02-19T10:32:24.041400" level="INFO">Clicking element '&lt;selenium.webdriver.remote.webelement.WebElement (session="2efb490e-6cdf-4a61-9903-61b3f625c0e0", element="8363cffc-c0d4-491e-b098-d5c4fd184c8a")&gt;'.</msg>
<arg>${buttons}[${index}]</arg>
<doc>Click the element identified by ``locator``.</doc>
<status status="PASS" start="2026-02-19T10:32:24.041148" elapsed="0.073653"/>
</kw>
<kw name="Sleep" owner="BuiltIn">
<msg time="2026-02-19T10:32:24.815726" level="INFO">Slept 700 milliseconds.</msg>
<arg>${DELAY}</arg>
<doc>Pauses the test executed for the given time.</doc>
<status status="PASS" start="2026-02-19T10:32:24.114991" elapsed="0.700918"/>
</kw>
<var name="${index}">1</var>
<status status="PASS" start="2026-02-19T10:32:24.041016" elapsed="0.775200"/>
</iter>
<iter>
<kw name="Click Element" owner="SeleniumLibrary">
<msg time="2026-02-19T10:32:24.817016" level="INFO">Clicking element '&lt;selenium.webdriver.remote.webelement.WebElement (session="2efb490e-6cdf-4a61-9903-61b3f625c0e0", element="621cc919-e760-4a8c-a272-642ae679d9b7")&gt;'.</msg>
<arg>${buttons}[${index}]</arg>
<doc>Click the element identified by ``locator``.</doc>
<status status="PASS" start="2026-02-19T10:32:24.816720" elapsed="0.075185"/>
</kw>
<kw name="Sleep" owner="BuiltIn">
<msg time="2026-02-19T10:32:25.592884" level="INFO">Slept 700 milliseconds.</msg>
<arg>${DELAY}</arg>
<doc>Pauses the test executed for the given time.</doc>
<status status="PASS" start="2026-02-19T10:32:24.892087" elapsed="0.700920"/>
</kw>
<var name="${index}">2</var>
<status status="PASS" start="2026-02-19T10:32:24.816575" elapsed="0.776510"/>
</iter>
<iter>
<kw name="Click Element" owner="SeleniumLibrary">
<msg time="2026-02-19T10:32:25.593597" level="INFO">Clicking element '&lt;selenium.webdriver.remote.webelement.WebElement (session="2efb490e-6cdf-4a61-9903-61b3f625c0e0", element="43f74c02-8d13-4ce7-8cb1-655b9578f12b")&gt;'.</msg>
<arg>${buttons}[${index}]</arg>
<doc>Click the element identified by ``locator``.</doc>
<status status="PASS" start="2026-02-19T10:32:25.593359" elapsed="0.076335"/>
</kw>
<kw name="Sleep" owner="BuiltIn">
<msg time="2026-02-19T10:32:26.370874" level="INFO">Slept 700 milliseconds.</msg>
<arg>${DELAY}</arg>
<doc>Pauses the test executed for the given time.</doc>
<status status="PASS" start="2026-02-19T10:32:25.669880" elapsed="0.701124"/>
</kw>
<var name="${index}">3</var>
<status status="PASS" start="2026-02-19T10:32:25.593236" elapsed="0.777849"/>
</iter>
<var>${index}</var>
<value>0</value>
<value>4</value>
<status status="PASS" start="2026-02-19T10:32:23.262877" elapsed="3.108265"/>
</for>
<status status="PASS" start="2026-02-19T10:32:23.255530" elapsed="3.115716"/>
</kw>
<kw name="Go To Cart" owner="ecommerce_keywords">
<kw name="Click Element" owner="SeleniumLibrary">
<msg time="2026-02-19T10:32:26.372296" level="INFO">Clicking element 'css=.shopping_cart_link'.</msg>
<arg>css=.shopping_cart_link</arg>
<doc>Click the element identified by ``locator``.</doc>
<status status="PASS" start="2026-02-19T10:32:26.372117" elapsed="0.096078"/>
</kw>
<kw name="Wait Until Page Contains" owner="SeleniumLibrary">
<arg>Your Cart</arg>
<doc>Waits until ``text`` appears on the current page.</doc>
<status status="PASS" start="2026-02-19T10:32:26.468634" elapsed="0.005597"/>
</kw>
<kw name="Sleep" owner="BuiltIn">
<msg time="2026-02-19T10:32:27.175588" level="INFO">Slept 700 milliseconds.</msg>
<arg>${DELAY}</arg>
<doc>Pauses the test executed for the given time.</doc>
<status status="PASS" start="2026-02-19T10:32:26.474468" elapsed="0.701378"/>
</kw>
<status status="PASS" start="2026-02-19T10:32:26.371832" elapsed="0.804328"/>
</kw>
<kw name="Remove All Items From Cart" owner="ecommerce_keywords">
<kw name="Get WebElements" owner="SeleniumLibrary">
<msg time="2026-02-19T10:32:27.183550" level="INFO">${remove_buttons} = [&lt;selenium.webdriver.remote.webelement.WebElement (session="2efb490e-6cdf-4a61-9903-61b3f625c0e0", element="c2afadb6-7bd2-48a3-bf4b-3b4ed6695a1d")&gt;, &lt;selenium.webdriver.remote.webelement.WebElement (s...</msg>
<var>${remove_buttons}</var>
<arg>xpath=//button[text()='Remove']</arg>
<doc>Returns a list of WebElement objects matching the ``locator``.</doc>
<status status="PASS" start="2026-02-19T10:32:27.177193" elapsed="0.006416"/>
</kw>
<for flavor="IN">
<iter>
<kw name="Click Element" owner="SeleniumLibrary">
<msg time="2026-02-19T10:32:27.184296" level="INFO">Clicking element '&lt;selenium.webdriver.remote.webelement.WebElement (session="2efb490e-6cdf-4a61-9903-61b3f625c0e0", element="c2afadb6-7bd2-48a3-bf4b-3b4ed6695a1d")&gt;'.</msg>
<arg>${btn}</arg>
<doc>Click the element identified by ``locator``.</doc>
<status status="PASS" start="2026-02-19T10:32:27.184070" elapsed="0.084802"/>
</kw>
<kw name="Sleep" owner="BuiltIn">
<msg time="2026-02-19T10:32:27.969908" level="INFO">Slept 700 milliseconds.</msg>
<arg>${DELAY}</arg>
<doc>Pauses the test executed for the given time.</doc>
<status status="PASS" start="2026-02-19T10:32:27.269062" elapsed="0.700990"/>
</kw>
<var name="${btn}">&lt;selenium.webdriver.remote.webelement.WebElement (session="2efb490e-6cdf-4a61-9903-61b3f625c0e0", element="c2afadb6-7bd2-48a3-bf4b-3b4ed6695a1d")&gt;</var>
<status status="PASS" start="2026-02-19T10:32:27.183942" elapsed="0.786177"/>
</iter>
<iter>
<kw name="Click Element" owner="SeleniumLibrary">
<msg time="2026-02-19T10:32:27.970560" level="INFO">Clicking element '&lt;selenium.webdriver.remote.webelement.WebElement (session="2efb490e-6cdf-4a61-9903-61b3f625c0e0", element="f4e43b71-f7b2-443f-bae6-db267acd4213")&gt;'.</msg>
<arg>${btn}</arg>
<doc>Click the element identified by ``locator``.</doc>
<status status="PASS" start="2026-02-19T10:32:27.970371" elapsed="0.073404"/>
</kw>
<kw name="Sleep" owner="BuiltIn">
<msg time="2026-02-19T10:32:28.744852" level="INFO">Slept 700 milliseconds.</msg>
<arg>${DELAY}</arg>
<doc>Pauses the test executed for the given time.</doc>
<status status="PASS" start="2026-02-19T10:32:28.043950" elapsed="0.701020"/>
</kw>
<var name="${btn}">&lt;selenium.webdriver.remote.webelement.WebElement (session="2efb490e-6cdf-4a61-9903-61b3f625c0e0", element="f4e43b71-f7b2-443f-bae6-db267acd4213")&gt;</var>
<status status="PASS" start="2026-02-19T10:32:27.970261" elapsed="0.774779"/>
</iter>
<iter>
<kw name="Click Element" owner="SeleniumLibrary">
<msg time="2026-02-19T10:32:28.745499" level="INFO">Clicking element '&lt;selenium.webdriver.remote.webelement.WebElement (session="2efb490e-6cdf-4a61-9903-61b3f625c0e0", element="6ad6a3f9-47c9-4c85-a367-afa8c514abe2")&gt;'.</msg>
<arg>${btn}</arg>
<doc>Click the element identified by ``locator``.</doc>
<status status="PASS" start="2026-02-19T10:32:28.745308" elapsed="0.067104"/>
</kw>
<kw name="Sleep" owner="BuiltIn">
<msg time="2026-02-19T10:32:29.513423" level="INFO">Slept 700 milliseconds.</msg>
<arg>${DELAY}</arg>
<doc>Pauses the test executed for the given time.</doc>
<status status="PASS" start="2026-02-19T10:32:28.812581" elapsed="0.701021"/>
</kw>
<var name="${btn}">&lt;selenium.webdriver.remote.webelement.WebElement (session="2efb490e-6cdf-4a61-9903-61b3f625c0e0", element="6ad6a3f9-47c9-4c85-a367-afa8c514abe2")&gt;</var>
<status status="PASS" start="2026-02-19T10:32:28.745188" elapsed="0.768527"/>
</iter>
<iter>
<kw name="Click Element" owner="SeleniumLibrary">
<msg time="2026-02-19T10:32:29.514410" level="INFO">Clicking element '&lt;selenium.webdriver.remote.webelement.WebElement (session="2efb490e-6cdf-4a61-9903-61b3f625c0e0", element="8b6665d8-a831-487b-9c2b-531a4bd236d2")&gt;'.</msg>
<arg>${btn}</arg>
<doc>Click the element identified by ``locator``.</doc>
<status status="PASS" start="2026-02-19T10:32:29.514128" elapsed="0.071883"/>
</kw>
<kw name="Sleep" owner="BuiltIn">
<msg time="2026-02-19T10:32:30.287657" level="INFO">Slept 700 milliseconds.</msg>
<arg>${DELAY}</arg>
<doc>Pauses the test executed for the given time.</doc>
<status status="PASS" start="2026-02-19T10:32:29.586339" elapsed="0.701504"/>
</kw>
<var name="${btn}">&lt;selenium.webdriver.remote.webelement.WebElement (session="2efb490e-6cdf-4a61-9903-61b3f625c0e0", element="8b6665d8-a831-487b-9c2b-531a4bd236d2")&gt;</var>
<status status="PASS" start="2026-02-19T10:32:29.513953" elapsed="0.774012"/>
</iter>
<var>${btn}</var>
<value>@{remove_buttons}</value>
<status status="PASS" start="2026-02-19T10:32:27.183731" elapsed="3.104345"/>
</for>
<status status="PASS" start="2026-02-19T10:32:27.176829" elapsed="3.111400"/>
</kw>
<kw name="Page Should Not Contain Element" owner="SeleniumLibrary">
<msg time="2026-02-19T10:32:30.295284" level="INFO">Current page does not contain element 'css=.cart_item'.</msg>
<arg>css=.cart_item</arg>
<doc>Verifies that element ``locator`` is not found on the current page.</doc>
<status status="PASS" start="2026-02-19T10:32:30.288771" elapsed="0.006725"/>
</kw>
<status status="PASS" start="2026-02-19T10:32:20.597273" elapsed="9.699257"/>
</test>
<kw name="Close Website" owner="ecommerce_keywords" type="TEARDOWN">
<kw name="Sleep" owner="BuiltIn">
<msg time="2026-02-19T10:32:31.002008" level="INFO">Slept 700 milliseconds.</msg>
<arg>${DELAY}</arg>
<doc>Pauses the test executed for the given time.</doc>
<status status="PASS" start="2026-02-19T10:32:30.298742" elapsed="0.703469"/>
</kw>
<kw name="Close Browser" owner="SeleniumLibrary">
<doc>Closes the current browser.</doc>
<status status="PASS" start="2026-02-19T10:32:31.002635" elapsed="4.136792"/>
</kw>
<status status="PASS" start="2026-02-19T10:32:30.298389" elapsed="4.841180"/>
</kw>
<status status="PASS" start="2026-02-19T10:32:04.531944" elapsed="30.607667"/>
</suite>
<suite id="s1-s6" name="05 Logout" source="C:\Users\user\Desktop\wipro\Ecommerce\robot-framework\tests\05_logout.robot">
<kw name="Open Website" owner="ecommerce_keywords" type="SETUP">
<if>
<branch type="IF" condition="'${BROWSER}' == 'Chrome'">
<kw name="Evaluate" owner="BuiltIn">
<var>${options}</var>
<arg>sys.modules['selenium.webdriver'].ChromeOptions()</arg>
<arg>sys, selenium.webdriver</arg>
<doc>Evaluates the given expression in Python and returns the result.</doc>
<status status="NOT RUN" start="2026-02-19T10:32:35.148287" elapsed="0.000177"/>
</kw>
<kw name="Evaluate" owner="BuiltIn">
<var>${temp_dir}</var>
<arg>__import__('tempfile').mkdtemp()</arg>
<doc>Evaluates the given expression in Python and returns the result.</doc>
<status status="NOT RUN" start="2026-02-19T10:32:35.148787" elapsed="0.000063"/>
</kw>
<kw name="Create Dictionary" owner="BuiltIn">
<var>${prefs}</var>
<arg>credentials_enable_service=False</arg>
<arg>profile.password_manager_enabled=False</arg>
<arg>profile.default_content_setting_values.notifications=2</arg>
<doc>Creates and returns a dictionary based on the given ``items``.</doc>
<status status="NOT RUN" start="2026-02-19T10:32:35.149021" elapsed="0.000046"/>
</kw>
<kw name="Call Method" owner="BuiltIn">
<arg>${options}</arg>
<arg>add_experimental_option</arg>
<arg>prefs</arg>
<arg>${prefs}</arg>
<doc>Calls the named method of the given object with the provided arguments.</doc>
<status status="NOT RUN" start="2026-02-19T10:32:35.149208" elapsed="0.000031"/>
</kw>
<kw name="Set Variable" owner="BuiltIn">
<var>${incognito}</var>
<arg>--incognito</arg>
<doc>Returns the given values which can then be assigned to a variables.</doc>
<status status="NOT RUN" start="2026-02-19T10:32:35.149334" elapsed="0.000024"/>
</kw>
<kw name="Set Variable" owner="BuiltIn">
<var>${disable_pw}</var>
<arg>--disable-features=PasswordLeakDetection</arg>
<doc>Returns the given values which can then be assigned to a variables.</doc>
<status status="NOT RUN" start="2026-02-19T10:32:35.149436" elapsed="0.000024"/>
</kw>
<kw name="Set Variable" owner="BuiltIn">
<var>${disable_notify}</var>
<arg>--disable-notifications</arg>
<doc>Returns the given values which can then be assigned to a variables.</doc>
[...]
<arg>id=login-button</arg>
<doc>Waits until the element ``locator`` is visible.</doc>
<status status="PASS" start="2026-02-19T10:34:27.091501" elapsed="0.017635"/>
</kw>
<kw name="Sleep" owner="BuiltIn">
<msg time="2026-02-19T10:34:27.810123" level="INFO">Slept 700 milliseconds.</msg>
<arg>${DELAY}</arg>
<doc>Pauses the test executed for the given time.</doc>
<status status="PASS" start="2026-02-19T10:34:27.109308" elapsed="0.700976"/>
</kw>
<status status="PASS" start="2026-02-19T10:34:26.218344" elapsed="1.592072"/>
</kw>
<arg>${first_name}</arg>
<arg>${last_name}</arg>
<arg>${postal_code}</arg>
<status status="PASS" start="2026-02-19T10:34:13.070088" elapsed="14.740404"/>
</kw>
<var name="${row}">Bhagyashree,N,67891</var>
<status status="PASS" start="2026-02-19T10:34:13.065284" elapsed="14.745274"/>
</iter>
<iter>
<kw name="Split String" owner="String">
<msg time="2026-02-19T10:34:27.811323" level="INFO">${columns} = ['Ravinesh', 'Tiwari', '45678']</msg>
<var>${columns}</var>
<arg>${row}</arg>
<arg>,</arg>
<doc>Splits the ``string`` using ``separator`` as a delimiter string.</doc>
<status status="PASS" start="2026-02-19T10:34:27.810920" elapsed="0.000453"/>
</kw>
<kw name="Get From List" owner="Collections">
<msg time="2026-02-19T10:34:27.811732" level="INFO">${first_name} = Ravinesh</msg>
<var>${first_name}</var>
<arg>${columns}</arg>
<arg>0</arg>
<doc>Returns the value specified with an ``index`` from ``list``.</doc>
<status status="PASS" start="2026-02-19T10:34:27.811543" elapsed="0.000213"/>
</kw>
<kw name="Get From List" owner="Collections">
<msg time="2026-02-19T10:34:27.811998" level="INFO">${last_name} = Tiwari</msg>
<var>${last_name}</var>
<arg>${columns}</arg>
<arg>1</arg>
<doc>Returns the value specified with an ``index`` from ``list``.</doc>
<status status="PASS" start="2026-02-19T10:34:27.811856" elapsed="0.000164"/>
</kw>
<kw name="Get From List" owner="Collections">
<msg time="2026-02-19T10:34:27.812244" level="INFO">${postal_code} = 45678</msg>
<var>${postal_code}</var>
<arg>${columns}</arg>
<arg>2</arg>
<doc>Returns the value specified with an ``index`` from ``list``.</doc>
<status status="PASS" start="2026-02-19T10:34:27.812112" elapsed="0.000153"/>
</kw>
<kw name="Checkout With User Data" owner="ecommerce_keywords">
<kw name="Login To Application" owner="ecommerce_keywords">
<kw name="Input Text" owner="SeleniumLibrary">
<msg time="2026-02-19T10:34:27.813174" level="INFO">Typing text 'standard_user' into text field 'id=user-name'.</msg>
<arg>id=user-name</arg>
<arg>${USERNAME}</arg>
<doc>Types the given ``text`` into the text field identified by ``locator``.</doc>
<status status="PASS" start="2026-02-19T10:34:27.812978" elapsed="0.038468"/>
</kw>
<kw name="Sleep" owner="BuiltIn">
<msg time="2026-02-19T10:34:28.552637" level="INFO">Slept 700 milliseconds.</msg>
<arg>${DELAY}</arg>
<doc>Pauses the test executed for the given time.</doc>
<status status="PASS" start="2026-02-19T10:34:27.851693" elapsed="0.701041"/>
</kw>
<kw name="Input Text" owner="SeleniumLibrary">
<msg time="2026-02-19T10:34:28.553072" level="INFO">Typing text 'secret_sauce' into text field 'id=password'.</msg>
<arg>id=password</arg>
<arg>${PASSWORD}</arg>
<doc>Types the given ``text`` into the text field identified by ``locator``.</doc>
<status status="PASS" start="2026-02-19T10:34:28.552875" elapsed="0.026548"/>
</kw>
<kw name="Sleep" owner="BuiltIn">
<msg time="2026-02-19T10:34:29.280059" level="INFO">Slept 700 milliseconds.</msg>
<arg>${DELAY}</arg>
<doc>Pauses the test executed for the given time.</doc>
<status status="PASS" start="2026-02-19T10:34:28.579591" elapsed="0.700607"/>
</kw>
<kw name="Click Button" owner="SeleniumLibrary">
<msg time="2026-02-19T10:34:29.280568" level="INFO">Clicking button 'id=login-button'.</msg>
<arg>id=login-button</arg>
<doc>Clicks the button identified by ``locator``.</doc>
<status status="PASS" start="2026-02-19T10:34:29.280386" elapsed="0.097262"/>
</kw>
<kw name="Wait Until Page Contains Element" owner="SeleniumLibrary">
<arg>css=.inventory_list</arg>
<doc>Waits until the element ``locator`` appears on the current page.</doc>
<status status="PASS" start="2026-02-19T10:34:29.377901" elapsed="0.003120"/>
</kw>
<kw name="Sleep" owner="BuiltIn">
<msg time="2026-02-19T10:34:30.081813" level="INFO">Slept 700 milliseconds.</msg>
<arg>${DELAY}</arg>
<doc>Pauses the test executed for the given time.</doc>
<status status="PASS" start="2026-02-19T10:34:29.381193" elapsed="0.700728"/>
</kw>
<status status="PASS" start="2026-02-19T10:34:27.812792" elapsed="2.269216"/>
</kw>
<kw name="Sort Products Low To High" owner="ecommerce_keywords">
<kw name="Select From List By Value" owner="SeleniumLibrary">
<msg time="2026-02-19T10:34:30.082512" level="INFO">Selecting options from selection list 'css=.product_sort_container' by value lohi.</msg>
<arg>css=.product_sort_container</arg>
<arg>lohi</arg>
<doc>Selects options from selection list ``locator`` by ``values``.</doc>
<status status="PASS" start="2026-02-19T10:34:30.082369" elapsed="0.096334"/>
</kw>
<kw name="Sleep" owner="BuiltIn">
<msg time="2026-02-19T10:34:30.879413" level="INFO">Slept 700 milliseconds.</msg>
<arg>${DELAY}</arg>
<doc>Pauses the test executed for the given time.</doc>
<status status="PASS" start="2026-02-19T10:34:30.178865" elapsed="0.700671"/>
</kw>
<status status="PASS" start="2026-02-19T10:34:30.082160" elapsed="0.797630"/>
</kw>
<kw name="Add Four Products To Cart" owner="ecommerce_keywords">
<kw name="Get WebElements" owner="SeleniumLibrary">
<msg time="2026-02-19T10:34:30.885084" level="INFO">${buttons} = [&lt;selenium.webdriver.remote.webelement.WebElement (session="5dedaaeb-e0c0-4660-b832-df15fe6fc8f0", element="f7bb9353-7892-4099-b94a-a510a3405f97")&gt;, &lt;selenium.webdriver.remote.webelement.WebElement (s...</msg>
<var>${buttons}</var>
<arg>xpath=//button[contains(text(),'Add to cart')]</arg>
<doc>Returns a list of WebElement objects matching the ``locator``.</doc>
<status status="PASS" start="2026-02-19T10:34:30.880275" elapsed="0.004860"/>
</kw>
<for flavor="IN RANGE">
<iter>
<kw name="Click Element" owner="SeleniumLibrary">
<msg time="2026-02-19T10:34:30.885788" level="INFO">Clicking element '&lt;selenium.webdriver.remote.webelement.WebElement (session="5dedaaeb-e0c0-4660-b832-df15fe6fc8f0", element="f7bb9353-7892-4099-b94a-a510a3405f97")&gt;'.</msg>
<arg>${buttons}[${index}]</arg>
<doc>Click the element identified by ``locator``.</doc>
<status status="PASS" start="2026-02-19T10:34:30.885560" elapsed="0.065870"/>
</kw>
<kw name="Sleep" owner="BuiltIn">
<msg time="2026-02-19T10:34:31.652319" level="INFO">Slept 700 milliseconds.</msg>
<arg>${DELAY}</arg>
<doc>Pauses the test executed for the given time.</doc>
<status status="PASS" start="2026-02-19T10:34:30.951617" elapsed="0.700837"/>
</kw>
<var name="${index}">0</var>
<status status="PASS" start="2026-02-19T10:34:30.885431" elapsed="0.767104"/>
</iter>
<iter>
<kw name="Click Element" owner="SeleniumLibrary">
<msg time="2026-02-19T10:34:31.653104" level="INFO">Clicking element '&lt;selenium.webdriver.remote.webelement.WebElement (session="5dedaaeb-e0c0-4660-b832-df15fe6fc8f0", element="5cdb33da-b617-4889-8ef8-00395dd0e517")&gt;'.</msg>
<arg>${buttons}[${index}]</arg>
<doc>Click the element identified by ``locator``.</doc>
<status status="PASS" start="2026-02-19T10:34:31.652854" elapsed="0.072817"/>
</kw>
<kw name="Sleep" owner="BuiltIn">
<msg time="2026-02-19T10:34:32.426407" level="INFO">Slept 700 milliseconds.</msg>
<arg>${DELAY}</arg>
<doc>Pauses the test executed for the given time.</doc>
<status status="PASS" start="2026-02-19T10:34:31.725844" elapsed="0.700705"/>
</kw>
<var name="${index}">1</var>
<status status="PASS" start="2026-02-19T10:34:31.652709" elapsed="0.773924"/>
</iter>
<iter>
<kw name="Click Element" owner="SeleniumLibrary">
<msg time="2026-02-19T10:34:32.427039" level="INFO">Clicking element '&lt;selenium.webdriver.remote.webelement.WebElement (session="5dedaaeb-e0c0-4660-b832-df15fe6fc8f0", element="a5f0a8e2-9468-4cae-926a-bf7c48519af6")&gt;'.</msg>
<arg>${buttons}[${index}]</arg>
<doc>Click the element identified by ``locator``.</doc>
<status status="PASS" start="2026-02-19T10:34:32.426845" elapsed="0.075310"/>
</kw>
<kw name="Sleep" owner="BuiltIn">
<msg time="2026-02-19T10:34:33.202860" level="INFO">Slept 700 milliseconds.</msg>
<arg>${DELAY}</arg>
<doc>Pauses the test executed for the given time.</doc>
<status status="PASS" start="2026-02-19T10:34:32.502343" elapsed="0.700610"/>
</kw>
<var name="${index}">2</var>
<status status="PASS" start="2026-02-19T10:34:32.426747" elapsed="0.776262"/>
</iter>
<iter>
<kw name="Click Element" owner="SeleniumLibrary">
<msg time="2026-02-19T10:34:33.203409" level="INFO">Clicking element '&lt;selenium.webdriver.remote.webelement.WebElement (session="5dedaaeb-e0c0-4660-b832-df15fe6fc8f0", element="b50126ba-29c4-4146-8a9d-bf5417e6b019")&gt;'.</msg>
<arg>${buttons}[${index}]</arg>
<doc>Click the element identified by ``locator``.</doc>
<status status="PASS" start="2026-02-19T10:34:33.203225" elapsed="0.059809"/>
</kw>
<kw name="Sleep" owner="BuiltIn">
<msg time="2026-02-19T10:34:33.963712" level="INFO">Slept 700 milliseconds.</msg>
<arg>${DELAY}</arg>
<doc>Pauses the test executed for the given time.</doc>
<status status="PASS" start="2026-02-19T10:34:33.263171" elapsed="0.700656"/>
</kw>
<var name="${index}">3</var>
<status status="PASS" start="2026-02-19T10:34:33.203121" elapsed="0.760776"/>
</iter>
<var>${index}</var>
<value>0</value>
<value>4</value>
<status status="PASS" start="2026-02-19T10:34:30.885229" elapsed="3.078717"/>
</for>
<status status="PASS" start="2026-02-19T10:34:30.880013" elapsed="3.084014"/>
</kw>
<kw name="Verify Cart Has Four Items" owner="ecommerce_keywords">
<kw name="Get Text" owner="SeleniumLibrary">
<msg time="2026-02-19T10:34:33.979149" level="INFO">${count} = 4</msg>
<var>${count}</var>
<arg>css=.shopping_cart_badge</arg>
<doc>Returns the text value of the element identified by ``locator``.</doc>
<status status="PASS" start="2026-02-19T10:34:33.964405" elapsed="0.014784"/>
</kw>
<kw name="Should Be Equal" owner="BuiltIn">
<arg>${count}</arg>
<arg>4</arg>
<doc>Fails if the given objects are unequal.</doc>
<status status="PASS" start="2026-02-19T10:34:33.979318" elapsed="0.000246"/>
</kw>
<kw name="Sleep" owner="BuiltIn">
<msg time="2026-02-19T10:34:34.680633" level="INFO">Slept 700 milliseconds.</msg>
<arg>${DELAY}</arg>
<doc>Pauses the test executed for the given time.</doc>
<status status="PASS" start="2026-02-19T10:34:33.979647" elapsed="0.701098"/>
</kw>
<status status="PASS" start="2026-02-19T10:34:33.964187" elapsed="0.716645"/>
</kw>
<kw name="Go To Cart" owner="ecommerce_keywords">
<kw name="Click Element" owner="SeleniumLibrary">
<msg time="2026-02-19T10:34:34.681349" level="INFO">Clicking element 'css=.shopping_cart_link'.</msg>
<arg>css=.shopping_cart_link</arg>
<doc>Click the element identified by ``locator``.</doc>
<status status="PASS" start="2026-02-19T10:34:34.681204" elapsed="0.086777"/>
</kw>
<kw name="Wait Until Page Contains" owner="SeleniumLibrary">
<arg>Your Cart</arg>
<doc>Waits until ``text`` appears on the current page.</doc>
<status status="PASS" start="2026-02-19T10:34:34.768175" elapsed="0.003656"/>
</kw>
<kw name="Sleep" owner="BuiltIn">
<msg time="2026-02-19T10:34:35.472621" level="INFO">Slept 700 milliseconds.</msg>
<arg>${DELAY}</arg>
<doc>Pauses the test executed for the given time.</doc>
<status status="PASS" start="2026-02-19T10:34:34.771989" elapsed="0.700748"/>
</kw>
<status status="PASS" start="2026-02-19T10:34:34.680984" elapsed="0.791850"/>
</kw>
<kw name="Sleep" owner="BuiltIn">
<msg time="2026-02-19T10:34:36.173537" level="INFO">Slept 700 milliseconds.</msg>
<arg>${DELAY}</arg>
<doc>Pauses the test executed for the given time.</doc>
<status status="PASS" start="2026-02-19T10:34:35.472952" elapsed="0.700686"/>
</kw>
<kw name="Click Button" owner="SeleniumLibrary">
<msg time="2026-02-19T10:34:36.173962" level="INFO">Clicking button 'id=checkout'.</msg>
<arg>id=checkout</arg>
<doc>Clicks the button identified by ``locator``.</doc>
<status status="PASS" start="2026-02-19T10:34:36.173788" elapsed="0.083556"/>
</kw>
<kw name="Sleep" owner="BuiltIn">
<msg time="2026-02-19T10:34:36.958599" level="INFO">Slept 700 milliseconds.</msg>
<arg>${DELAY}</arg>
<doc>Pauses the test executed for the given time.</doc>
<status status="PASS" start="2026-02-19T10:34:36.257529" elapsed="0.701184"/>
</kw>
<kw name="Input Text" owner="SeleniumLibrary">
<msg time="2026-02-19T10:34:36.959104" level="INFO">Typing text 'Ravinesh' into text field 'id=first-name'.</msg>
<arg>id=first-name</arg>
<arg>${first_name}</arg>
<doc>Types the given ``text`` into the text field identified by ``locator``.</doc>
<status status="PASS" start="2026-02-19T10:34:36.958879" elapsed="0.032156"/>
</kw>
<kw name="Sleep" owner="BuiltIn">
<msg time="2026-02-19T10:34:37.692071" level="INFO">Slept 700 milliseconds.</msg>
<arg>${DELAY}</arg>
<doc>Pauses the test executed for the given time.</doc>
<status status="PASS" start="2026-02-19T10:34:36.991203" elapsed="0.701009"/>
</kw>
<kw name="Input Text" owner="SeleniumLibrary">
<msg time="2026-02-19T10:34:37.692728" level="INFO">Typing text 'Tiwari' into text field 'id=last-name'.</msg>
<arg>id=last-name</arg>
<arg>${last_name}</arg>
<doc>Types the given ``text`` into the text field identified by ``locator``.</doc>
<status status="PASS" start="2026-02-19T10:34:37.692426" elapsed="0.027202"/>
</kw>
<kw name="Sleep" owner="BuiltIn">
<msg time="2026-02-19T10:34:38.420863" level="INFO">Slept 700 milliseconds.</msg>
<arg>${DELAY}</arg>
<doc>Pauses the test executed for the given time.</doc>
<status status="PASS" start="2026-02-19T10:34:37.719915" elapsed="0.701069"/>
</kw>
<kw name="Input Text" owner="SeleniumLibrary">
<msg time="2026-02-19T10:34:38.421409" level="INFO">Typing text '45678' into text field 'id=postal-code'.</msg>
<arg>id=postal-code</arg>
<arg>${postal_code}</arg>
<doc>Types the given ``text`` into the text field identified by ``locator``.</doc>
<status status="PASS" start="2026-02-19T10:34:38.421165" elapsed="0.023187"/>
</kw>
<kw name="Sleep" owner="BuiltIn">
<msg time="2026-02-19T10:34:39.145262" level="INFO">Slept 700 milliseconds.</msg>
<arg>${DELAY}</arg>
<doc>Pauses the test executed for the given time.</doc>
<status status="PASS" start="2026-02-19T10:34:38.444545" elapsed="0.700824"/>
</kw>
<kw name="Click Button" owner="SeleniumLibrary">
<msg time="2026-02-19T10:34:39.145667" level="INFO">Clicking button 'id=continue'.</msg>
<arg>id=continue</arg>
<doc>Clicks the button identified by ``locator``.</doc>
<status status="PASS" start="2026-02-19T10:34:39.145512" elapsed="0.074917"/>
</kw>
<kw name="Sleep" owner="BuiltIn">
<msg time="2026-02-19T10:34:39.921538" level="INFO">Slept 700 milliseconds.</msg>
<arg>${DELAY}</arg>
<doc>Pauses the test executed for the given time.</doc>
<status status="PASS" start="2026-02-19T10:34:39.220580" elapsed="0.701089"/>
</kw>
<kw name="Click Button" owner="SeleniumLibrary">
<msg time="2026-02-19T10:34:39.922088" level="INFO">Clicking button 'id=finish'.</msg>
<arg>id=finish</arg>
<doc>Clicks the button identified by ``locator``.</doc>
<status status="PASS" start="2026-02-19T10:34:39.921871" elapsed="0.089327"/>
</kw>
<kw name="Sleep" owner="BuiltIn">
<msg time="2026-02-19T10:34:40.711922" level="INFO">Slept 700 milliseconds.</msg>
<arg>${DELAY}</arg>
<doc>Pauses the test executed for the given time.</doc>
<status status="PASS" start="2026-02-19T10:34:40.011374" elapsed="0.700665"/>
</kw>
<kw name="Page Should Contain" owner="SeleniumLibrary">
<msg time="2026-02-19T10:34:40.720294" level="INFO">Current page contains text 'Thank you for your order!'.</msg>
<arg>Thank you for your order!</arg>
<doc>Verifies that current page contains ``text``.</doc>
<status status="PASS" start="2026-02-19T10:34:40.712212" elapsed="0.008167"/>
</kw>
<kw name="Click Button" owner="SeleniumLibrary">
<msg time="2026-02-19T10:34:40.720663" level="INFO">Clicking button 'id=back-to-products'.</msg>
<arg>id=back-to-products</arg>
<doc>Clicks the button identified by ``locator``.</doc>
<status status="PASS" start="2026-02-19T10:34:40.720510" elapsed="0.092682"/>
</kw>
<kw name="Logout From Application" owner="ecommerce_keywords">
<kw name="Click Element" owner="SeleniumLibrary">
<msg time="2026-02-19T10:34:40.813711" level="INFO">Clicking element 'id=react-burger-menu-btn'.</msg>
<arg>id=react-burger-menu-btn</arg>
<doc>Click the element identified by ``locator``.</doc>
<status status="PASS" start="2026-02-19T10:34:40.813580" elapsed="0.076394"/>
</kw>
<kw name="Sleep" owner="BuiltIn">
<msg time="2026-02-19T10:34:41.590642" level="INFO">Slept 700 milliseconds.</msg>
<arg>${DELAY}</arg>
<doc>Pauses the test executed for the given time.</doc>
<status status="PASS" start="2026-02-19T10:34:40.890118" elapsed="0.700730"/>
</kw>
<kw name="Click Element" owner="SeleniumLibrary">
<msg time="2026-02-19T10:34:41.591301" level="INFO">Clicking element 'id=logout_sidebar_link'.</msg>
<arg>id=logout_sidebar_link</arg>
<doc>Click the element identified by ``locator``.</doc>
<status status="PASS" start="2026-02-19T10:34:41.591066" elapsed="0.072828"/>
</kw>
<kw name="Wait Until Element Is Visible" owner="SeleniumLibrary">
<arg>id=login-button</arg>
<doc>Waits until the element ``locator`` is visible.</doc>
<status status="PASS" start="2026-02-19T10:34:41.664069" elapsed="0.014833"/>
</kw>
<kw name="Sleep" owner="BuiltIn">
<msg time="2026-02-19T10:34:42.379805" level="INFO">Slept 700 milliseconds.</msg>
<arg>${DELAY}</arg>
<doc>Pauses the test executed for the given time.</doc>
<status status="PASS" start="2026-02-19T10:34:41.679055" elapsed="0.700892"/>
</kw>
<status status="PASS" start="2026-02-19T10:34:40.813378" elapsed="1.566688"/>
</kw>
<arg>${first_name}</arg>
<arg>${last_name}</arg>
<arg>${postal_code}</arg>
<status status="PASS" start="2026-02-19T10:34:27.812467" elapsed="14.567660"/>
</kw>
<var name="${row}">Ravinesh,Tiwari,45678</var>
<status status="PASS" start="2026-02-19T10:34:27.810763" elapsed="14.569417"/>
</iter>
<var>${row}</var>
<value>@{data}</value>
<status status="PASS" start="2026-02-19T10:33:12.733113" elapsed="89.647127"/>
</for>
<status status="PASS" start="2026-02-19T10:33:12.721395" elapsed="89.659313"/>
</test>
<kw name="Close Website" owner="ecommerce_keywords" type="TEARDOWN">
<kw name="Sleep" owner="BuiltIn">
<msg time="2026-02-19T10:34:43.082647" level="INFO">Slept 700 milliseconds.</msg>
<arg>${DELAY}</arg>
<doc>Pauses the test executed for the given time.</doc>
<status status="PASS" start="2026-02-19T10:34:42.381955" elapsed="0.700799"/>
</kw>
<kw name="Close Browser" owner="SeleniumLibrary">
<doc>Closes the current browser.</doc>
<status status="PASS" start="2026-02-19T10:34:43.082897" elapsed="3.119934"/>
</kw>
<status status="PASS" start="2026-02-19T10:34:42.381772" elapsed="3.821155"/>
</kw>
<status status="PASS" start="2026-02-19T10:32:57.562484" elapsed="108.640472"/>
</suite>
<status status="PASS" start="2026-02-19T10:30:45.135691" elapsed="241.068012"/>
</suite>
<statistics>
<total>
<stat pass="7" fail="0" skip="0">All Tests</stat>
</total>
<tag>
</tag>
<suite>
<stat name="Tests" id="s1" pass="7" fail="0" skip="0">Tests</stat>
<stat name="00 Invalid Login" id="s1-s1" pass="1" fail="0" skip="0">Tests.00 Invalid Login</stat>
<stat name="01 Login" id="s1-s2" pass="1" fail="0" skip="0">Tests.01 Login</stat>
<stat name="02 Product" id="s1-s3" pass="1" fail="0" skip="0">Tests.02 Product</stat>
<stat name="03 Add To Cart" id="s1-s4" pass="1" fail="0" skip="0">Tests.03 Add To Cart</stat>
<stat name="04 Update Cart" id="s1-s5" pass="1" fail="0" skip="0">Tests.04 Update Cart</stat>
<stat name="05 Logout" id="s1-s6" pass="1" fail="0" skip="0">Tests.05 Logout</stat>
<stat name="06 Checkout" id="s1-s7" pass="1" fail="0" skip="0">Tests.06 Checkout</stat>
</suite>
</statistics>
<errors>
</errors>
</robot>
